<?xml version="1.0" ?>
<!DOCTYPE coverage SYSTEM "http://cobertura.sourceforge.net/xml/coverage-04.dtd">
<coverage lines-valid="1220" lines-covered="166" line-rate="0.1361" branches-valid="838" branches-covered="60" branch-rate="0.0716" timestamp="1551268317311" complexity="0" version="0.1">
  <sources>
    <source>C:\Users\achakraborty\source\repos\NW.Projects.Albertson.VendorPortalEnhancements</source>
  </sources>
  <packages>
    <package name="components" line-rate="0.1304" branch-rate="0.06709999999999999">
      <classes>
        <class name="AlbertsonConstants.ts" filename="src\webparts\albertsonVendorWarning\components\AlbertsonConstants.ts" line-rate="1" branch-rate="1">
          <methods>
          </methods>
          <lines>
            <line number="2" hits="1" branch="false"/>
            <line number="3" hits="1" branch="false"/>
            <line number="30" hits="1" branch="false"/>
            <line number="42" hits="1" branch="false"/>
            <line number="89" hits="1" branch="false"/>
            <line number="239" hits="1" branch="false"/>
            <line number="251" hits="1" branch="false"/>
          </lines>
        </class>
        <class name="AlbertsonContactInfo.tsx" filename="src\webparts\albertsonVendorWarning\components\AlbertsonContactInfo.tsx" line-rate="0.087" branch-rate="0.0579">
          <methods>
            <method name="(anonymous_0)" hits="1" signature="()V">
              <lines>
                <line number="2" hits="1"/>
              </lines>
            </method>
            <method name="(anonymous_1)" hits="0" signature="()V">
              <lines>
                <line number="4" hits="0"/>
              </lines>
            </method>
            <method name="(anonymous_2)" hits="0" signature="()V">
              <lines>
                <line number="5" hits="0"/>
              </lines>
            </method>
            <method name="(anonymous_3)" hits="1" signature="()V">
              <lines>
                <line number="6" hits="1"/>
              </lines>
            </method>
            <method name="__" hits="1" signature="()V">
              <lines>
                <line number="8" hits="1"/>
              </lines>
            </method>
            <method name="(anonymous_5)" hits="0" signature="()V">
              <lines>
                <line number="12" hits="0"/>
              </lines>
            </method>
            <method name="(anonymous_6)" hits="0" signature="()V">
              <lines>
                <line number="20" hits="0"/>
              </lines>
            </method>
            <method name="(anonymous_7)" hits="0" signature="()V">
              <lines>
                <line number="21" hits="0"/>
              </lines>
            </method>
            <method name="fulfilled" hits="0" signature="()V">
              <lines>
                <line number="22" hits="0"/>
              </lines>
            </method>
            <method name="rejected" hits="0" signature="()V">
              <lines>
                <line number="23" hits="0"/>
              </lines>
            </method>
            <method name="step" hits="0" signature="()V">
              <lines>
                <line number="24" hits="0"/>
              </lines>
            </method>
            <method name="(anonymous_11)" hits="0" signature="()V">
              <lines>
                <line number="24" hits="0"/>
              </lines>
            </method>
            <method name="(anonymous_12)" hits="0" signature="()V">
              <lines>
                <line number="28" hits="0"/>
              </lines>
            </method>
            <method name="(anonymous_13)" hits="0" signature="()V">
              <lines>
                <line number="29" hits="0"/>
              </lines>
            </method>
            <method name="(anonymous_14)" hits="0" signature="()V">
              <lines>
                <line number="30" hits="0"/>
              </lines>
            </method>
            <method name="verb" hits="0" signature="()V">
              <lines>
                <line number="31" hits="0"/>
              </lines>
            </method>
            <method name="(anonymous_16)" hits="0" signature="()V">
              <lines>
                <line number="31" hits="0"/>
              </lines>
            </method>
            <method name="step" hits="0" signature="()V">
              <lines>
                <line number="32" hits="0"/>
              </lines>
            </method>
            <method name="(anonymous_18)" hits="1" signature="()V">
              <lines>
                <line number="86" hits="1"/>
              </lines>
            </method>
            <method name="AlbertsonContactInfo" hits="0" signature="()V">
              <lines>
                <line number="88" hits="0"/>
              </lines>
            </method>
            <method name="(anonymous_20)" hits="0" signature="()V">
              <lines>
                <line number="90" hits="0"/>
              </lines>
            </method>
            <method name="(anonymous_21)" hits="0" signature="()V">
              <lines>
                <line number="91" hits="0"/>
              </lines>
            </method>
            <method name="(anonymous_22)" hits="0" signature="()V">
              <lines>
                <line number="92" hits="0"/>
              </lines>
            </method>
            <method name="(anonymous_23)" hits="0" signature="()V">
              <lines>
                <line number="93" hits="0"/>
              </lines>
            </method>
            <method name="(anonymous_24)" hits="0" signature="()V">
              <lines>
                <line number="100" hits="0"/>
              </lines>
            </method>
            <method name="(anonymous_25)" hits="0" signature="()V">
              <lines>
                <line number="101" hits="0"/>
              </lines>
            </method>
            <method name="(anonymous_26)" hits="0" signature="()V">
              <lines>
                <line number="120" hits="0"/>
              </lines>
            </method>
            <method name="(anonymous_27)" hits="0" signature="()V">
              <lines>
                <line number="125" hits="0"/>
              </lines>
            </method>
            <method name="(anonymous_28)" hits="0" signature="()V">
              <lines>
                <line number="131" hits="0"/>
              </lines>
            </method>
            <method name="(anonymous_29)" hits="0" signature="()V">
              <lines>
                <line number="142" hits="0"/>
              </lines>
            </method>
            <method name="(anonymous_30)" hits="0" signature="()V">
              <lines>
                <line number="149" hits="0"/>
              </lines>
            </method>
            <method name="(anonymous_31)" hits="0" signature="()V">
              <lines>
                <line number="150" hits="0"/>
              </lines>
            </method>
            <method name="(anonymous_32)" hits="0" signature="()V">
              <lines>
                <line number="152" hits="0"/>
              </lines>
            </method>
            <method name="(anonymous_33)" hits="0" signature="()V">
              <lines>
                <line number="153" hits="0"/>
              </lines>
            </method>
            <method name="(anonymous_34)" hits="0" signature="()V">
              <lines>
                <line number="157" hits="0"/>
              </lines>
            </method>
            <method name="(anonymous_35)" hits="0" signature="()V">
              <lines>
                <line number="159" hits="0"/>
              </lines>
            </method>
            <method name="(anonymous_36)" hits="0" signature="()V">
              <lines>
                <line number="170" hits="0"/>
              </lines>
            </method>
            <method name="(anonymous_37)" hits="0" signature="()V">
              <lines>
                <line number="176" hits="0"/>
              </lines>
            </method>
            <method name="(anonymous_38)" hits="0" signature="()V">
              <lines>
                <line number="181" hits="0"/>
              </lines>
            </method>
            <method name="(anonymous_39)" hits="0" signature="()V">
              <lines>
                <line number="182" hits="0"/>
              </lines>
            </method>
            <method name="(anonymous_40)" hits="0" signature="()V">
              <lines>
                <line number="184" hits="0"/>
              </lines>
            </method>
            <method name="(anonymous_41)" hits="0" signature="()V">
              <lines>
                <line number="185" hits="0"/>
              </lines>
            </method>
            <method name="(anonymous_42)" hits="0" signature="()V">
              <lines>
                <line number="195" hits="0"/>
              </lines>
            </method>
            <method name="(anonymous_43)" hits="0" signature="()V">
              <lines>
                <line number="195" hits="0"/>
              </lines>
            </method>
            <method name="(anonymous_44)" hits="0" signature="()V">
              <lines>
                <line number="196" hits="0"/>
              </lines>
            </method>
            <method name="(anonymous_45)" hits="0" signature="()V">
              <lines>
                <line number="203" hits="0"/>
              </lines>
            </method>
            <method name="(anonymous_46)" hits="0" signature="()V">
              <lines>
                <line number="203" hits="0"/>
              </lines>
            </method>
            <method name="(anonymous_47)" hits="0" signature="()V">
              <lines>
                <line number="205" hits="0"/>
              </lines>
            </method>
            <method name="(anonymous_48)" hits="0" signature="()V">
              <lines>
                <line number="222" hits="0"/>
              </lines>
            </method>
            <method name="(anonymous_49)" hits="0" signature="()V">
              <lines>
                <line number="248" hits="0"/>
              </lines>
            </method>
            <method name="(anonymous_50)" hits="0" signature="()V">
              <lines>
                <line number="250" hits="0"/>
              </lines>
            </method>
            <method name="(anonymous_51)" hits="0" signature="()V">
              <lines>
                <line number="251" hits="0"/>
              </lines>
            </method>
            <method name="(anonymous_52)" hits="0" signature="()V">
              <lines>
                <line number="253" hits="0"/>
              </lines>
            </method>
            <method name="(anonymous_53)" hits="0" signature="()V">
              <lines>
                <line number="254" hits="0"/>
              </lines>
            </method>
            <method name="(anonymous_54)" hits="0" signature="()V">
              <lines>
                <line number="257" hits="0"/>
              </lines>
            </method>
            <method name="(anonymous_55)" hits="0" signature="()V">
              <lines>
                <line number="258" hits="0"/>
              </lines>
            </method>
            <method name="(anonymous_56)" hits="0" signature="()V">
              <lines>
                <line number="266" hits="0"/>
              </lines>
            </method>
            <method name="(anonymous_57)" hits="0" signature="()V">
              <lines>
                <line number="267" hits="0"/>
              </lines>
            </method>
            <method name="(anonymous_58)" hits="0" signature="()V">
              <lines>
                <line number="267" hits="0"/>
              </lines>
            </method>
            <method name="(anonymous_59)" hits="0" signature="()V">
              <lines>
                <line number="276" hits="0"/>
              </lines>
            </method>
            <method name="(anonymous_60)" hits="0" signature="()V">
              <lines>
                <line number="277" hits="0"/>
              </lines>
            </method>
            <method name="(anonymous_61)" hits="0" signature="()V">
              <lines>
                <line number="278" hits="0"/>
              </lines>
            </method>
            <method name="(anonymous_62)" hits="0" signature="()V">
              <lines>
                <line number="296" hits="0"/>
              </lines>
            </method>
            <method name="(anonymous_63)" hits="0" signature="()V">
              <lines>
                <line number="297" hits="0"/>
              </lines>
            </method>
            <method name="(anonymous_64)" hits="0" signature="()V">
              <lines>
                <line number="298" hits="0"/>
              </lines>
            </method>
            <method name="(anonymous_65)" hits="0" signature="()V">
              <lines>
                <line number="310" hits="0"/>
              </lines>
            </method>
            <method name="(anonymous_66)" hits="0" signature="()V">
              <lines>
                <line number="316" hits="0"/>
              </lines>
            </method>
            <method name="(anonymous_67)" hits="0" signature="()V">
              <lines>
                <line number="325" hits="0"/>
              </lines>
            </method>
            <method name="(anonymous_68)" hits="0" signature="()V">
              <lines>
                <line number="328" hits="0"/>
              </lines>
            </method>
            <method name="(anonymous_69)" hits="0" signature="()V">
              <lines>
                <line number="332" hits="0"/>
              </lines>
            </method>
            <method name="(anonymous_70)" hits="0" signature="()V">
              <lines>
                <line number="334" hits="0"/>
              </lines>
            </method>
            <method name="(anonymous_71)" hits="0" signature="()V">
              <lines>
                <line number="338" hits="0"/>
              </lines>
            </method>
            <method name="(anonymous_72)" hits="0" signature="()V">
              <lines>
                <line number="342" hits="0"/>
              </lines>
            </method>
            <method name="(anonymous_73)" hits="0" signature="()V">
              <lines>
                <line number="346" hits="0"/>
              </lines>
            </method>
            <method name="(anonymous_74)" hits="0" signature="()V">
              <lines>
                <line number="350" hits="0"/>
              </lines>
            </method>
            <method name="(anonymous_75)" hits="0" signature="()V">
              <lines>
                <line number="355" hits="0"/>
              </lines>
            </method>
            <method name="(anonymous_76)" hits="0" signature="()V">
              <lines>
                <line number="362" hits="0"/>
              </lines>
            </method>
            <method name="(anonymous_77)" hits="0" signature="()V">
              <lines>
                <line number="369" hits="0"/>
              </lines>
            </method>
            <method name="(anonymous_78)" hits="0" signature="()V">
              <lines>
                <line number="382" hits="0"/>
              </lines>
            </method>
            <method name="(anonymous_79)" hits="0" signature="()V">
              <lines>
                <line number="387" hits="0"/>
              </lines>
            </method>
            <method name="(anonymous_80)" hits="0" signature="()V">
              <lines>
                <line number="392" hits="0"/>
              </lines>
            </method>
            <method name="(anonymous_81)" hits="0" signature="()V">
              <lines>
                <line number="397" hits="0"/>
              </lines>
            </method>
            <method name="(anonymous_82)" hits="0" signature="()V">
              <lines>
                <line number="417" hits="0"/>
              </lines>
            </method>
            <method name="(anonymous_83)" hits="0" signature="()V">
              <lines>
                <line number="422" hits="0"/>
              </lines>
            </method>
            <method name="(anonymous_84)" hits="0" signature="()V">
              <lines>
                <line number="422" hits="0"/>
              </lines>
            </method>
            <method name="(anonymous_85)" hits="0" signature="()V">
              <lines>
                <line number="425" hits="0"/>
              </lines>
            </method>
            <method name="(anonymous_86)" hits="0" signature="()V">
              <lines>
                <line number="425" hits="0"/>
              </lines>
            </method>
            <method name="(anonymous_87)" hits="0" signature="()V">
              <lines>
                <line number="428" hits="0"/>
              </lines>
            </method>
            <method name="(anonymous_88)" hits="0" signature="()V">
              <lines>
                <line number="428" hits="0"/>
              </lines>
            </method>
            <method name="(anonymous_89)" hits="0" signature="()V">
              <lines>
                <line number="431" hits="0"/>
              </lines>
            </method>
            <method name="(anonymous_90)" hits="0" signature="()V">
              <lines>
                <line number="431" hits="0"/>
              </lines>
            </method>
            <method name="(anonymous_91)" hits="0" signature="()V">
              <lines>
                <line number="435" hits="0"/>
              </lines>
            </method>
            <method name="(anonymous_92)" hits="0" signature="()V">
              <lines>
                <line number="438" hits="0"/>
              </lines>
            </method>
            <method name="(anonymous_93)" hits="0" signature="()V">
              <lines>
                <line number="442" hits="0"/>
              </lines>
            </method>
            <method name="(anonymous_94)" hits="0" signature="()V">
              <lines>
                <line number="449" hits="0"/>
              </lines>
            </method>
            <method name="(anonymous_95)" hits="0" signature="()V">
              <lines>
                <line number="452" hits="0"/>
              </lines>
            </method>
            <method name="(anonymous_96)" hits="0" signature="()V">
              <lines>
                <line number="455" hits="0"/>
              </lines>
            </method>
            <method name="(anonymous_97)" hits="0" signature="()V">
              <lines>
                <line number="457" hits="0"/>
              </lines>
            </method>
            <method name="(anonymous_98)" hits="0" signature="()V">
              <lines>
                <line number="463" hits="0"/>
              </lines>
            </method>
            <method name="(anonymous_99)" hits="0" signature="()V">
              <lines>
                <line number="464" hits="0"/>
              </lines>
            </method>
            <method name="(anonymous_100)" hits="0" signature="()V">
              <lines>
                <line number="469" hits="0"/>
              </lines>
            </method>
            <method name="(anonymous_101)" hits="0" signature="()V">
              <lines>
                <line number="480" hits="0"/>
              </lines>
            </method>
            <method name="(anonymous_102)" hits="0" signature="()V">
              <lines>
                <line number="482" hits="0"/>
              </lines>
            </method>
            <method name="(anonymous_103)" hits="0" signature="()V">
              <lines>
                <line number="483" hits="0"/>
              </lines>
            </method>
            <method name="(anonymous_104)" hits="0" signature="()V">
              <lines>
                <line number="498" hits="0"/>
              </lines>
            </method>
            <method name="(anonymous_105)" hits="0" signature="()V">
              <lines>
                <line number="500" hits="0"/>
              </lines>
            </method>
            <method name="(anonymous_106)" hits="0" signature="()V">
              <lines>
                <line number="501" hits="0"/>
              </lines>
            </method>
            <method name="(anonymous_107)" hits="0" signature="()V">
              <lines>
                <line number="505" hits="0"/>
              </lines>
            </method>
            <method name="(anonymous_108)" hits="0" signature="()V">
              <lines>
                <line number="508" hits="0"/>
              </lines>
            </method>
            <method name="(anonymous_109)" hits="0" signature="()V">
              <lines>
                <line number="512" hits="0"/>
              </lines>
            </method>
            <method name="(anonymous_110)" hits="0" signature="()V">
              <lines>
                <line number="518" hits="0"/>
              </lines>
            </method>
            <method name="(anonymous_111)" hits="0" signature="()V">
              <lines>
                <line number="527" hits="0"/>
              </lines>
            </method>
            <method name="(anonymous_112)" hits="0" signature="()V">
              <lines>
                <line number="535" hits="0"/>
              </lines>
            </method>
            <method name="(anonymous_113)" hits="0" signature="()V">
              <lines>
                <line number="543" hits="0"/>
              </lines>
            </method>
            <method name="(anonymous_114)" hits="0" signature="()V">
              <lines>
                <line number="556" hits="0"/>
              </lines>
            </method>
            <method name="(anonymous_115)" hits="0" signature="()V">
              <lines>
                <line number="557" hits="0"/>
              </lines>
            </method>
            <method name="(anonymous_116)" hits="0" signature="()V">
              <lines>
                <line number="559" hits="0"/>
              </lines>
            </method>
            <method name="(anonymous_117)" hits="0" signature="()V">
              <lines>
                <line number="571" hits="0"/>
              </lines>
            </method>
            <method name="(anonymous_118)" hits="0" signature="()V">
              <lines>
                <line number="577" hits="0"/>
              </lines>
            </method>
            <method name="(anonymous_119)" hits="0" signature="()V">
              <lines>
                <line number="578" hits="0"/>
              </lines>
            </method>
            <method name="(anonymous_120)" hits="0" signature="()V">
              <lines>
                <line number="579" hits="0"/>
              </lines>
            </method>
            <method name="(anonymous_121)" hits="0" signature="()V">
              <lines>
                <line number="580" hits="0"/>
              </lines>
            </method>
            <method name="(anonymous_122)" hits="0" signature="()V">
              <lines>
                <line number="581" hits="0"/>
              </lines>
            </method>
            <method name="(anonymous_123)" hits="0" signature="()V">
              <lines>
                <line number="583" hits="0"/>
              </lines>
            </method>
            <method name="(anonymous_124)" hits="0" signature="()V">
              <lines>
                <line number="584" hits="0"/>
              </lines>
            </method>
            <method name="(anonymous_125)" hits="0" signature="()V">
              <lines>
                <line number="585" hits="0"/>
              </lines>
            </method>
            <method name="(anonymous_126)" hits="0" signature="()V">
              <lines>
                <line number="591" hits="0"/>
              </lines>
            </method>
            <method name="(anonymous_127)" hits="0" signature="()V">
              <lines>
                <line number="600" hits="0"/>
              </lines>
            </method>
            <method name="(anonymous_128)" hits="0" signature="()V">
              <lines>
                <line number="606" hits="0"/>
              </lines>
            </method>
            <method name="(anonymous_129)" hits="0" signature="()V">
              <lines>
                <line number="615" hits="0"/>
              </lines>
            </method>
            <method name="(anonymous_130)" hits="0" signature="()V">
              <lines>
                <line number="621" hits="0"/>
              </lines>
            </method>
            <method name="(anonymous_131)" hits="0" signature="()V">
              <lines>
                <line number="630" hits="0"/>
              </lines>
            </method>
            <method name="(anonymous_132)" hits="0" signature="()V">
              <lines>
                <line number="636" hits="0"/>
              </lines>
            </method>
            <method name="(anonymous_133)" hits="0" signature="()V">
              <lines>
                <line number="645" hits="0"/>
              </lines>
            </method>
            <method name="(anonymous_134)" hits="0" signature="()V">
              <lines>
                <line number="651" hits="0"/>
              </lines>
            </method>
            <method name="(anonymous_135)" hits="0" signature="()V">
              <lines>
                <line number="690" hits="0"/>
              </lines>
            </method>
            <method name="(anonymous_136)" hits="0" signature="()V">
              <lines>
                <line number="697" hits="0"/>
              </lines>
            </method>
            <method name="(anonymous_137)" hits="0" signature="()V">
              <lines>
                <line number="701" hits="0"/>
              </lines>
            </method>
            <method name="(anonymous_138)" hits="0" signature="()V">
              <lines>
                <line number="705" hits="0"/>
              </lines>
            </method>
            <method name="(anonymous_139)" hits="0" signature="()V">
              <lines>
                <line number="709" hits="0"/>
              </lines>
            </method>
            <method name="(anonymous_140)" hits="0" signature="()V">
              <lines>
                <line number="713" hits="0"/>
              </lines>
            </method>
            <method name="(anonymous_141)" hits="0" signature="()V">
              <lines>
                <line number="717" hits="0"/>
              </lines>
            </method>
            <method name="(anonymous_142)" hits="0" signature="()V">
              <lines>
                <line number="755" hits="0"/>
              </lines>
            </method>
            <method name="(anonymous_143)" hits="0" signature="()V">
              <lines>
                <line number="760" hits="0"/>
              </lines>
            </method>
          </methods>
          <lines>
            <line number="2" hits="1" branch="true" condition-coverage="100% (3/3)"/>
            <line number="3" hits="1" branch="true" condition-coverage="25% (1/4)"/>
            <line number="4" hits="0" branch="false"/>
            <line number="5" hits="0" branch="true" condition-coverage="0% (0/2)"/>
            <line number="6" hits="1" branch="false"/>
            <line number="7" hits="1" branch="false"/>
            <line number="8" hits="1" branch="false"/>
            <line number="9" hits="1" branch="true" condition-coverage="50% (1/2)"/>
            <line number="12" hits="1" branch="true" condition-coverage="75% (3/4)"/>
            <line number="13" hits="0" branch="false"/>
            <line number="14" hits="0" branch="false"/>
            <line number="15" hits="0" branch="true" condition-coverage="0% (0/2)"/>
            <line number="16" hits="0" branch="false"/>
            <line number="18" hits="0" branch="false"/>
            <line number="20" hits="1" branch="true" condition-coverage="100% (3/3)"/>
            <line number="21" hits="0" branch="true" condition-coverage="0% (0/2)"/>
            <line number="22" hits="0" branch="false"/>
            <line number="23" hits="0" branch="false"/>
            <line number="24" hits="0" branch="true" condition-coverage="0% (0/2)"/>
            <line number="25" hits="0" branch="true" condition-coverage="0% (0/2)"/>
            <line number="28" hits="1" branch="true" condition-coverage="100% (3/3)"/>
            <line number="29" hits="0" branch="true" condition-coverage="0% (0/2)"/>
            <line number="30" hits="0" branch="true" condition-coverage="0% (0/2)"/>
            <line number="31" hits="0" branch="false"/>
            <line number="33" hits="0" branch="true" condition-coverage="0% (0/2)"/>
            <line number="34" hits="0" branch="false"/>
            <line number="35" hits="0" branch="true" condition-coverage="0% (0/9)"/>
            <line number="36" hits="0" branch="true" condition-coverage="0% (0/2)"/>
            <line number="37" hits="0" branch="true" condition-coverage="0% (0/6)"/>
            <line number="38" hits="0" branch="false"/>
            <line number="39" hits="0" branch="false"/>
            <line number="40" hits="0" branch="false"/>
            <line number="41" hits="0" branch="false"/>
            <line number="43" hits="0" branch="true" condition-coverage="0% (0/7)"/>
            <line number="44" hits="0" branch="true" condition-coverage="0% (0/6)"/>
            <line number="45" hits="0" branch="true" condition-coverage="0% (0/4)"/>
            <line number="46" hits="0" branch="true" condition-coverage="0% (0/4)"/>
            <line number="47" hits="0" branch="true" condition-coverage="0% (0/2)"/>
            <line number="48" hits="0" branch="false"/>
            <line number="50" hits="0" branch="false"/>
            <line number="51" hits="0" branch="false"/>
            <line number="52" hits="0" branch="true" condition-coverage="0% (0/4)"/>
            <line number="55" hits="1" branch="false"/>
            <line number="56" hits="1" branch="false"/>
            <line number="57" hits="1" branch="false"/>
            <line number="58" hits="1" branch="false"/>
            <line number="59" hits="1" branch="false"/>
            <line number="60" hits="1" branch="false"/>
            <line number="61" hits="1" branch="false"/>
            <line number="62" hits="1" branch="false"/>
            <line number="63" hits="1" branch="false"/>
            <line number="64" hits="1" branch="false"/>
            <line number="65" hits="1" branch="false"/>
            <line number="66" hits="1" branch="false"/>
            <line number="67" hits="1" branch="false"/>
            <line number="68" hits="1" branch="false"/>
            <line number="69" hits="1" branch="false"/>
            <line number="70" hits="1" branch="false"/>
            <line number="71" hits="1" branch="false"/>
            <line number="72" hits="1" branch="false"/>
            <line number="86" hits="1" branch="false"/>
            <line number="87" hits="1" branch="false"/>
            <line number="89" hits="0" branch="true" condition-coverage="0% (0/2)"/>
            <line number="90" hits="0" branch="false"/>
            <line number="91" hits="0" branch="false"/>
            <line number="92" hits="0" branch="false"/>
            <line number="93" hits="0" branch="false"/>
            <line number="97" hits="0" branch="false"/>
            <line number="98" hits="0" branch="false"/>
            <line number="99" hits="0" branch="true" condition-coverage="0% (0/4)"/>
            <line number="100" hits="0" branch="false"/>
            <line number="101" hits="0" branch="false"/>
            <line number="102" hits="0" branch="true" condition-coverage="0% (0/4)"/>
            <line number="107" hits="0" branch="false"/>
            <line number="110" hits="0" branch="false"/>
            <line number="112" hits="0" branch="false"/>
            <line number="119" hits="0" branch="true" condition-coverage="0% (0/2)"/>
            <line number="120" hits="0" branch="false"/>
            <line number="121" hits="0" branch="false"/>
            <line number="125" hits="0" branch="false"/>
            <line number="126" hits="0" branch="false"/>
            <line number="131" hits="0" branch="false"/>
            <line number="132" hits="0" branch="false"/>
            <line number="133" hits="0" branch="true" condition-coverage="0% (0/2)"/>
            <line number="134" hits="0" branch="false"/>
            <line number="135" hits="0" branch="false"/>
            <line number="136" hits="0" branch="false"/>
            <line number="138" hits="0" branch="false"/>
            <line number="141" hits="0" branch="false"/>
            <line number="142" hits="0" branch="false"/>
            <line number="143" hits="0" branch="false"/>
            <line number="144" hits="0" branch="false"/>
            <line number="149" hits="0" branch="false"/>
            <line number="150" hits="0" branch="false"/>
            <line number="151" hits="0" branch="false"/>
            <line number="152" hits="0" branch="false"/>
            <line number="153" hits="0" branch="false"/>
            <line number="154" hits="0" branch="false"/>
            <line number="155" hits="0" branch="false"/>
            <line number="156" hits="0" branch="false"/>
            <line number="157" hits="0" branch="false"/>
            <line number="158" hits="0" branch="true" condition-coverage="0% (0/4)"/>
            <line number="159" hits="0" branch="false"/>
            <line number="160" hits="0" branch="false"/>
            <line number="170" hits="0" branch="false"/>
            <line number="171" hits="0" branch="false"/>
            <line number="176" hits="0" branch="false"/>
            <line number="177" hits="0" branch="false"/>
            <line number="181" hits="0" branch="false"/>
            <line number="182" hits="0" branch="false"/>
            <line number="183" hits="0" branch="false"/>
            <line number="184" hits="0" branch="false"/>
            <line number="185" hits="0" branch="false"/>
            <line number="186" hits="0" branch="true" condition-coverage="0% (0/4)"/>
            <line number="187" hits="0" branch="false"/>
            <line number="188" hits="0" branch="false"/>
            <line number="195" hits="0" branch="false"/>
            <line number="196" hits="0" branch="false"/>
            <line number="197" hits="0" branch="true" condition-coverage="0% (0/2)"/>
            <line number="198" hits="0" branch="false"/>
            <line number="199" hits="0" branch="false"/>
            <line number="203" hits="0" branch="false"/>
            <line number="205" hits="0" branch="false"/>
            <line number="206" hits="0" branch="true" condition-coverage="0% (0/3)"/>
            <line number="208" hits="0" branch="false"/>
            <line number="215" hits="0" branch="false"/>
            <line number="217" hits="0" branch="false"/>
            <line number="218" hits="0" branch="false"/>
            <line number="219" hits="0" branch="false"/>
            <line number="221" hits="0" branch="false"/>
            <line number="222" hits="0" branch="false"/>
            <line number="231" hits="0" branch="true" condition-coverage="0% (0/2)"/>
            <line number="232" hits="0" branch="false"/>
            <line number="244" hits="0" branch="false"/>
            <line number="248" hits="0" branch="false"/>
            <line number="249" hits="0" branch="false"/>
            <line number="250" hits="0" branch="false"/>
            <line number="251" hits="0" branch="false"/>
            <line number="252" hits="0" branch="false"/>
            <line number="254" hits="0" branch="false"/>
            <line number="255" hits="0" branch="false"/>
            <line number="257" hits="0" branch="false"/>
            <line number="258" hits="0" branch="false"/>
            <line number="259" hits="0" branch="false"/>
            <line number="261" hits="0" branch="false"/>
            <line number="266" hits="0" branch="false"/>
            <line number="267" hits="0" branch="false"/>
            <line number="273" hits="0" branch="false"/>
            <line number="276" hits="0" branch="false"/>
            <line number="277" hits="0" branch="false"/>
            <line number="278" hits="0" branch="false"/>
            <line number="293" hits="0" branch="false"/>
            <line number="296" hits="0" branch="false"/>
            <line number="297" hits="0" branch="false"/>
            <line number="298" hits="0" branch="false"/>
            <line number="307" hits="0" branch="false"/>
            <line number="310" hits="0" branch="false"/>
            <line number="311" hits="0" branch="false"/>
            <line number="312" hits="0" branch="false"/>
            <line number="316" hits="0" branch="false"/>
            <line number="317" hits="0" branch="false"/>
            <line number="318" hits="0" branch="false"/>
            <line number="319" hits="0" branch="false"/>
            <line number="320" hits="0" branch="false"/>
            <line number="321" hits="0" branch="false"/>
            <line number="322" hits="0" branch="false"/>
            <line number="323" hits="0" branch="false"/>
            <line number="324" hits="0" branch="false"/>
            <line number="326" hits="0" branch="false"/>
            <line number="327" hits="0" branch="false"/>
            <line number="329" hits="0" branch="false"/>
            <line number="330" hits="0" branch="false"/>
            <line number="333" hits="0" branch="false"/>
            <line number="335" hits="0" branch="false"/>
            <line number="336" hits="0" branch="false"/>
            <line number="339" hits="0" branch="false"/>
            <line number="340" hits="0" branch="false"/>
            <line number="343" hits="0" branch="false"/>
            <line number="344" hits="0" branch="false"/>
            <line number="347" hits="0" branch="false"/>
            <line number="348" hits="0" branch="false"/>
            <line number="349" hits="0" branch="false"/>
            <line number="351" hits="0" branch="false"/>
            <line number="352" hits="0" branch="false"/>
            <line number="355" hits="0" branch="false"/>
            <line number="356" hits="0" branch="true" condition-coverage="0% (0/2)"/>
            <line number="357" hits="0" branch="false"/>
            <line number="362" hits="0" branch="false"/>
            <line number="363" hits="0" branch="true" condition-coverage="0% (0/2)"/>
            <line number="364" hits="0" branch="false"/>
            <line number="369" hits="0" branch="false"/>
            <line number="370" hits="0" branch="false"/>
            <line number="371" hits="0" branch="false"/>
            <line number="372" hits="0" branch="false"/>
            <line number="373" hits="0" branch="true" condition-coverage="0% (0/4)"/>
            <line number="374" hits="0" branch="false"/>
            <line number="375" hits="0" branch="false"/>
            <line number="377" hits="0" branch="false"/>
            <line number="382" hits="0" branch="false"/>
            <line number="383" hits="0" branch="false"/>
            <line number="387" hits="0" branch="false"/>
            <line number="388" hits="0" branch="false"/>
            <line number="392" hits="0" branch="false"/>
            <line number="393" hits="0" branch="false"/>
            <line number="397" hits="0" branch="false"/>
            <line number="398" hits="0" branch="false"/>
            <line number="399" hits="0" branch="false"/>
            <line number="400" hits="0" branch="true" condition-coverage="0% (0/4)"/>
            <line number="401" hits="0" branch="false"/>
            <line number="402" hits="0" branch="false"/>
            <line number="404" hits="0" branch="true" condition-coverage="0% (0/2)"/>
            <line number="405" hits="0" branch="false"/>
            <line number="408" hits="0" branch="false"/>
            <line number="417" hits="0" branch="false"/>
            <line number="418" hits="0" branch="false"/>
            <line number="422" hits="0" branch="false"/>
            <line number="423" hits="0" branch="false"/>
            <line number="425" hits="0" branch="false"/>
            <line number="426" hits="0" branch="false"/>
            <line number="428" hits="0" branch="false"/>
            <line number="429" hits="0" branch="false"/>
            <line number="431" hits="0" branch="false"/>
            <line number="432" hits="0" branch="true" condition-coverage="0% (0/2)"/>
            <line number="433" hits="0" branch="false"/>
            <line number="435" hits="0" branch="false"/>
            <line number="436" hits="0" branch="false"/>
            <line number="438" hits="0" branch="false"/>
            <line number="439" hits="0" branch="false"/>
            <line number="440" hits="0" branch="false"/>
            <line number="441" hits="0" branch="false"/>
            <line number="442" hits="0" branch="false"/>
            <line number="443" hits="0" branch="false"/>
            <line number="444" hits="0" branch="false"/>
            <line number="449" hits="0" branch="false"/>
            <line number="450" hits="0" branch="false"/>
            <line number="452" hits="0" branch="false"/>
            <line number="453" hits="0" branch="false"/>
            <line number="454" hits="0" branch="false"/>
            <line number="455" hits="0" branch="false"/>
            <line number="456" hits="0" branch="false"/>
            <line number="458" hits="0" branch="false"/>
            <line number="459" hits="0" branch="false"/>
            <line number="460" hits="0" branch="false"/>
            <line number="463" hits="0" branch="false"/>
            <line number="464" hits="0" branch="false"/>
            <line number="465" hits="0" branch="true" condition-coverage="0% (0/2)"/>
            <line number="466" hits="0" branch="false"/>
            <line number="469" hits="0" branch="false"/>
            <line number="470" hits="0" branch="false"/>
            <line number="479" hits="0" branch="false"/>
            <line number="480" hits="0" branch="false"/>
            <line number="482" hits="0" branch="false"/>
            <line number="483" hits="0" branch="false"/>
            <line number="497" hits="0" branch="false"/>
            <line number="498" hits="0" branch="false"/>
            <line number="500" hits="0" branch="false"/>
            <line number="501" hits="0" branch="false"/>
            <line number="505" hits="0" branch="false"/>
            <line number="506" hits="0" branch="false"/>
            <line number="508" hits="0" branch="false"/>
            <line number="509" hits="0" branch="false"/>
            <line number="511" hits="0" branch="false"/>
            <line number="512" hits="0" branch="false"/>
            <line number="513" hits="0" branch="false"/>
            <line number="518" hits="0" branch="false"/>
            <line number="519" hits="0" branch="false"/>
            <line number="520" hits="0" branch="true" condition-coverage="0% (0/2)"/>
            <line number="521" hits="0" branch="false"/>
            <line number="526" hits="0" branch="false"/>
            <line number="527" hits="0" branch="false"/>
            <line number="528" hits="0" branch="false"/>
            <line number="529" hits="0" branch="false"/>
            <line number="535" hits="0" branch="false"/>
            <line number="536" hits="0" branch="false"/>
            <line number="537" hits="0" branch="true" condition-coverage="0% (0/2)"/>
            <line number="538" hits="0" branch="false"/>
            <line number="542" hits="0" branch="false"/>
            <line number="543" hits="0" branch="false"/>
            <line number="544" hits="0" branch="false"/>
            <line number="545" hits="0" branch="false"/>
            <line number="551" hits="0" branch="false"/>
            <line number="552" hits="0" branch="false"/>
            <line number="553" hits="0" branch="false"/>
            <line number="554" hits="0" branch="false"/>
            <line number="556" hits="1" branch="false"/>
            <line number="557" hits="0" branch="false"/>
            <line number="559" hits="0" branch="false"/>
            <line number="560" hits="0" branch="true" condition-coverage="0% (0/2)"/>
            <line number="561" hits="0" branch="false"/>
            <line number="562" hits="0" branch="false"/>
            <line number="563" hits="0" branch="false"/>
            <line number="564" hits="0" branch="false"/>
            <line number="567" hits="0" branch="false"/>
            <line number="571" hits="1" branch="false"/>
            <line number="572" hits="0" branch="false"/>
            <line number="573" hits="0" branch="false"/>
            <line number="574" hits="0" branch="true" condition-coverage="0% (0/2)"/>
            <line number="575" hits="0" branch="false"/>
            <line number="576" hits="0" branch="false"/>
            <line number="577" hits="0" branch="false"/>
            <line number="578" hits="0" branch="false"/>
            <line number="579" hits="0" branch="false"/>
            <line number="580" hits="0" branch="false"/>
            <line number="581" hits="0" branch="false"/>
            <line number="582" hits="0" branch="false"/>
            <line number="583" hits="0" branch="false"/>
            <line number="584" hits="0" branch="false"/>
            <line number="585" hits="0" branch="true" condition-coverage="0% (0/4)"/>
            <line number="586" hits="0" branch="false"/>
            <line number="590" hits="0" branch="false"/>
            <line number="592" hits="0" branch="true" condition-coverage="0% (0/2)"/>
            <line number="593" hits="0" branch="false"/>
            <line number="597" hits="0" branch="false"/>
            <line number="600" hits="0" branch="true" condition-coverage="0% (0/4)"/>
            <line number="601" hits="0" branch="false"/>
            <line number="605" hits="0" branch="false"/>
            <line number="607" hits="0" branch="true" condition-coverage="0% (0/2)"/>
            <line number="608" hits="0" branch="false"/>
            <line number="612" hits="0" branch="false"/>
            <line number="615" hits="0" branch="true" condition-coverage="0% (0/4)"/>
            <line number="616" hits="0" branch="false"/>
            <line number="620" hits="0" branch="false"/>
            <line number="622" hits="0" branch="true" condition-coverage="0% (0/2)"/>
            <line number="623" hits="0" branch="false"/>
            <line number="627" hits="0" branch="false"/>
            <line number="630" hits="0" branch="true" condition-coverage="0% (0/4)"/>
            <line number="631" hits="0" branch="false"/>
            <line number="635" hits="0" branch="false"/>
            <line number="637" hits="0" branch="true" condition-coverage="0% (0/2)"/>
            <line number="638" hits="0" branch="false"/>
            <line number="642" hits="0" branch="false"/>
            <line number="645" hits="0" branch="true" condition-coverage="0% (0/4)"/>
            <line number="646" hits="0" branch="false"/>
            <line number="650" hits="0" branch="false"/>
            <line number="652" hits="0" branch="true" condition-coverage="0% (0/2)"/>
            <line number="653" hits="0" branch="false"/>
            <line number="657" hits="0" branch="false"/>
            <line number="660" hits="0" branch="true" condition-coverage="0% (0/6)"/>
            <line number="661" hits="0" branch="false"/>
            <line number="665" hits="0" branch="false"/>
            <line number="668" hits="0" branch="true" condition-coverage="0% (0/2)"/>
            <line number="669" hits="0" branch="true" condition-coverage="0% (0/2)"/>
            <line number="670" hits="0" branch="false"/>
            <line number="674" hits="0" branch="false"/>
            <line number="677" hits="0" branch="true" condition-coverage="0% (0/2)"/>
            <line number="678" hits="0" branch="true" condition-coverage="0% (0/2)"/>
            <line number="679" hits="0" branch="false"/>
            <line number="683" hits="0" branch="false"/>
            <line number="688" hits="0" branch="false"/>
            <line number="690" hits="1" branch="false"/>
            <line number="691" hits="0" branch="false"/>
            <line number="692" hits="0" branch="false"/>
            <line number="696" hits="0" branch="false"/>
            <line number="697" hits="0" branch="false"/>
            <line number="698" hits="0" branch="true" condition-coverage="0% (0/4)"/>
            <line number="699" hits="0" branch="false"/>
            <line number="701" hits="0" branch="false"/>
            <line number="702" hits="0" branch="true" condition-coverage="0% (0/4)"/>
            <line number="703" hits="0" branch="false"/>
            <line number="705" hits="0" branch="false"/>
            <line number="706" hits="0" branch="true" condition-coverage="0% (0/4)"/>
            <line number="707" hits="0" branch="false"/>
            <line number="709" hits="0" branch="false"/>
            <line number="710" hits="0" branch="true" condition-coverage="0% (0/4)"/>
            <line number="711" hits="0" branch="false"/>
            <line number="713" hits="0" branch="false"/>
            <line number="714" hits="0" branch="true" condition-coverage="0% (0/4)"/>
            <line number="715" hits="0" branch="false"/>
            <line number="717" hits="0" branch="false"/>
            <line number="718" hits="0" branch="true" condition-coverage="0% (0/4)"/>
            <line number="719" hits="0" branch="false"/>
            <line number="721" hits="0" branch="false"/>
            <line number="725" hits="0" branch="false"/>
            <line number="726" hits="0" branch="true" condition-coverage="0% (0/2)"/>
            <line number="727" hits="0" branch="false"/>
            <line number="755" hits="0" branch="false"/>
            <line number="760" hits="0" branch="false"/>
            <line number="787" hits="0" branch="true" condition-coverage="0% (0/2)"/>
            <line number="788" hits="0" branch="false"/>
            <line number="824" hits="0" branch="false"/>
            <line number="826" hits="0" branch="false"/>
            <line number="827" hits="0" branch="true" condition-coverage="0% (0/2)"/>
            <line number="828" hits="0" branch="false"/>
            <line number="832" hits="0" branch="true" condition-coverage="0% (0/2)"/>
            <line number="833" hits="0" branch="true" condition-coverage="0% (0/2)"/>
            <line number="834" hits="0" branch="false"/>
            <line number="838" hits="0" branch="true" condition-coverage="0% (0/2)"/>
            <line number="839" hits="0" branch="false"/>
            <line number="844" hits="0" branch="false"/>
            <line number="873" hits="1" branch="false"/>
            <line number="875" hits="1" branch="false"/>
          </lines>
        </class>
        <class name="AlbertsonLandingPage.tsx" filename="src\webparts\albertsonVendorWarning\components\AlbertsonLandingPage.tsx" line-rate="0.7955" branch-rate="0.5294">
          <methods>
            <method name="(anonymous_0)" hits="1" signature="()V">
              <lines>
                <line number="2" hits="1"/>
              </lines>
            </method>
            <method name="(anonymous_1)" hits="0" signature="()V">
              <lines>
                <line number="4" hits="0"/>
              </lines>
            </method>
            <method name="(anonymous_2)" hits="0" signature="()V">
              <lines>
                <line number="5" hits="0"/>
              </lines>
            </method>
            <method name="(anonymous_3)" hits="1" signature="()V">
              <lines>
                <line number="6" hits="1"/>
              </lines>
            </method>
            <method name="__" hits="1" signature="()V">
              <lines>
                <line number="8" hits="1"/>
              </lines>
            </method>
            <method name="(anonymous_5)" hits="0" signature="()V">
              <lines>
                <line number="21" hits="0"/>
              </lines>
            </method>
            <method name="(anonymous_6)" hits="1" signature="()V">
              <lines>
                <line number="22" hits="1"/>
              </lines>
            </method>
            <method name="AlbertsonLandingPage" hits="3" signature="()V">
              <lines>
                <line number="24" hits="3"/>
              </lines>
            </method>
            <method name="(anonymous_8)" hits="1" signature="()V">
              <lines>
                <line number="26" hits="1"/>
              </lines>
            </method>
            <method name="(anonymous_9)" hits="0" signature="()V">
              <lines>
                <line number="32" hits="0"/>
              </lines>
            </method>
            <method name="(anonymous_10)" hits="0" signature="()V">
              <lines>
                <line number="38" hits="0"/>
              </lines>
            </method>
            <method name="(anonymous_11)" hits="0" signature="()V">
              <lines>
                <line number="45" hits="0"/>
              </lines>
            </method>
            <method name="(anonymous_12)" hits="0" signature="()V">
              <lines>
                <line number="51" hits="0"/>
              </lines>
            </method>
            <method name="(anonymous_13)" hits="0" signature="()V">
              <lines>
                <line number="58" hits="0"/>
              </lines>
            </method>
            <method name="(anonymous_14)" hits="4" signature="()V">
              <lines>
                <line number="71" hits="4"/>
              </lines>
            </method>
          </methods>
          <lines>
            <line number="2" hits="1" branch="true" condition-coverage="100% (3/3)"/>
            <line number="3" hits="1" branch="true" condition-coverage="25% (1/4)"/>
            <line number="4" hits="0" branch="false"/>
            <line number="5" hits="0" branch="true" condition-coverage="0% (0/2)"/>
            <line number="6" hits="1" branch="false"/>
            <line number="7" hits="1" branch="false"/>
            <line number="8" hits="1" branch="false"/>
            <line number="9" hits="1" branch="true" condition-coverage="50% (1/2)"/>
            <line number="12" hits="1" branch="false"/>
            <line number="13" hits="1" branch="false"/>
            <line number="14" hits="1" branch="false"/>
            <line number="15" hits="1" branch="false"/>
            <line number="16" hits="1" branch="false"/>
            <line number="17" hits="1" branch="false"/>
            <line number="18" hits="1" branch="false"/>
            <line number="19" hits="1" branch="false"/>
            <line number="20" hits="1" branch="false"/>
            <line number="21" hits="1" branch="false"/>
            <line number="22" hits="1" branch="false"/>
            <line number="23" hits="1" branch="false"/>
            <line number="25" hits="3" branch="true" condition-coverage="100% (2/2)"/>
            <line number="26" hits="3" branch="false"/>
            <line number="27" hits="1" branch="false"/>
            <line number="28" hits="1" branch="false"/>
            <line number="32" hits="3" branch="false"/>
            <line number="33" hits="0" branch="false"/>
            <line number="38" hits="3" branch="false"/>
            <line number="39" hits="0" branch="false"/>
            <line number="45" hits="3" branch="false"/>
            <line number="46" hits="0" branch="false"/>
            <line number="51" hits="3" branch="false"/>
            <line number="52" hits="0" branch="false"/>
            <line number="58" hits="3" branch="false"/>
            <line number="59" hits="0" branch="true" condition-coverage="0% (0/2)"/>
            <line number="60" hits="0" branch="false"/>
            <line number="62" hits="0" branch="false"/>
            <line number="64" hits="3" branch="false"/>
            <line number="69" hits="3" branch="false"/>
            <line number="71" hits="1" branch="false"/>
            <line number="72" hits="4" branch="false"/>
            <line number="73" hits="4" branch="false"/>
            <line number="74" hits="4" branch="false"/>
            <line number="97" hits="1" branch="false"/>
            <line number="99" hits="1" branch="false"/>
          </lines>
        </class>
        <class name="AlbertsonLoadLetter.tsx" filename="src\webparts\albertsonVendorWarning\components\AlbertsonLoadLetter.tsx" line-rate="0.1446" branch-rate="0.08529999999999999">
          <methods>
            <method name="(anonymous_0)" hits="1" signature="()V">
              <lines>
                <line number="2" hits="1"/>
              </lines>
            </method>
            <method name="(anonymous_1)" hits="0" signature="()V">
              <lines>
                <line number="4" hits="0"/>
              </lines>
            </method>
            <method name="(anonymous_2)" hits="0" signature="()V">
              <lines>
                <line number="5" hits="0"/>
              </lines>
            </method>
            <method name="(anonymous_3)" hits="1" signature="()V">
              <lines>
                <line number="6" hits="1"/>
              </lines>
            </method>
            <method name="__" hits="1" signature="()V">
              <lines>
                <line number="8" hits="1"/>
              </lines>
            </method>
            <method name="(anonymous_5)" hits="0" signature="()V">
              <lines>
                <line number="12" hits="0"/>
              </lines>
            </method>
            <method name="(anonymous_6)" hits="0" signature="()V">
              <lines>
                <line number="13" hits="0"/>
              </lines>
            </method>
            <method name="fulfilled" hits="0" signature="()V">
              <lines>
                <line number="14" hits="0"/>
              </lines>
            </method>
            <method name="rejected" hits="0" signature="()V">
              <lines>
                <line number="15" hits="0"/>
              </lines>
            </method>
            <method name="step" hits="0" signature="()V">
              <lines>
                <line number="16" hits="0"/>
              </lines>
            </method>
            <method name="(anonymous_10)" hits="0" signature="()V">
              <lines>
                <line number="16" hits="0"/>
              </lines>
            </method>
            <method name="(anonymous_11)" hits="0" signature="()V">
              <lines>
                <line number="20" hits="0"/>
              </lines>
            </method>
            <method name="(anonymous_12)" hits="0" signature="()V">
              <lines>
                <line number="21" hits="0"/>
              </lines>
            </method>
            <method name="(anonymous_13)" hits="0" signature="()V">
              <lines>
                <line number="22" hits="0"/>
              </lines>
            </method>
            <method name="verb" hits="0" signature="()V">
              <lines>
                <line number="23" hits="0"/>
              </lines>
            </method>
            <method name="(anonymous_15)" hits="0" signature="()V">
              <lines>
                <line number="23" hits="0"/>
              </lines>
            </method>
            <method name="step" hits="0" signature="()V">
              <lines>
                <line number="24" hits="0"/>
              </lines>
            </method>
            <method name="(anonymous_17)" hits="1" signature="()V">
              <lines>
                <line number="56" hits="1"/>
              </lines>
            </method>
            <method name="AlbertsonLoadLetter" hits="0" signature="()V">
              <lines>
                <line number="58" hits="0"/>
              </lines>
            </method>
            <method name="(anonymous_19)" hits="0" signature="()V">
              <lines>
                <line number="60" hits="0"/>
              </lines>
            </method>
            <method name="(anonymous_20)" hits="0" signature="()V">
              <lines>
                <line number="66" hits="0"/>
              </lines>
            </method>
            <method name="(anonymous_21)" hits="0" signature="()V">
              <lines>
                <line number="67" hits="0"/>
              </lines>
            </method>
            <method name="(anonymous_22)" hits="0" signature="()V">
              <lines>
                <line number="72" hits="0"/>
              </lines>
            </method>
            <method name="(anonymous_23)" hits="0" signature="()V">
              <lines>
                <line number="73" hits="0"/>
              </lines>
            </method>
            <method name="(anonymous_24)" hits="0" signature="()V">
              <lines>
                <line number="74" hits="0"/>
              </lines>
            </method>
            <method name="(anonymous_25)" hits="0" signature="()V">
              <lines>
                <line number="74" hits="0"/>
              </lines>
            </method>
            <method name="(anonymous_26)" hits="0" signature="()V">
              <lines>
                <line number="76" hits="0"/>
              </lines>
            </method>
            <method name="(anonymous_27)" hits="0" signature="()V">
              <lines>
                <line number="83" hits="0"/>
              </lines>
            </method>
            <method name="(anonymous_28)" hits="0" signature="()V">
              <lines>
                <line number="92" hits="0"/>
              </lines>
            </method>
            <method name="(anonymous_29)" hits="0" signature="()V">
              <lines>
                <line number="102" hits="0"/>
              </lines>
            </method>
            <method name="(anonymous_30)" hits="0" signature="()V">
              <lines>
                <line number="106" hits="0"/>
              </lines>
            </method>
            <method name="(anonymous_31)" hits="0" signature="()V">
              <lines>
                <line number="110" hits="0"/>
              </lines>
            </method>
            <method name="(anonymous_32)" hits="0" signature="()V">
              <lines>
                <line number="114" hits="0"/>
              </lines>
            </method>
            <method name="(anonymous_33)" hits="0" signature="()V">
              <lines>
                <line number="115" hits="0"/>
              </lines>
            </method>
            <method name="(anonymous_34)" hits="0" signature="()V">
              <lines>
                <line number="116" hits="0"/>
              </lines>
            </method>
            <method name="(anonymous_35)" hits="0" signature="()V">
              <lines>
                <line number="118" hits="0"/>
              </lines>
            </method>
            <method name="(anonymous_36)" hits="0" signature="()V">
              <lines>
                <line number="118" hits="0"/>
              </lines>
            </method>
            <method name="(anonymous_37)" hits="0" signature="()V">
              <lines>
                <line number="121" hits="0"/>
              </lines>
            </method>
            <method name="(anonymous_38)" hits="0" signature="()V">
              <lines>
                <line number="127" hits="0"/>
              </lines>
            </method>
            <method name="(anonymous_39)" hits="0" signature="()V">
              <lines>
                <line number="135" hits="0"/>
              </lines>
            </method>
            <method name="(anonymous_40)" hits="0" signature="()V">
              <lines>
                <line number="162" hits="0"/>
              </lines>
            </method>
            <method name="(anonymous_41)" hits="0" signature="()V">
              <lines>
                <line number="179" hits="0"/>
              </lines>
            </method>
            <method name="(anonymous_42)" hits="0" signature="()V">
              <lines>
                <line number="195" hits="0"/>
              </lines>
            </method>
            <method name="(anonymous_43)" hits="0" signature="()V">
              <lines>
                <line number="204" hits="0"/>
              </lines>
            </method>
            <method name="(anonymous_44)" hits="0" signature="()V">
              <lines>
                <line number="257" hits="0"/>
              </lines>
            </method>
            <method name="(anonymous_45)" hits="0" signature="()V">
              <lines>
                <line number="263" hits="0"/>
              </lines>
            </method>
            <method name="(anonymous_46)" hits="0" signature="()V">
              <lines>
                <line number="264" hits="0"/>
              </lines>
            </method>
            <method name="(anonymous_47)" hits="0" signature="()V">
              <lines>
                <line number="266" hits="0"/>
              </lines>
            </method>
            <method name="(anonymous_48)" hits="0" signature="()V">
              <lines>
                <line number="269" hits="0"/>
              </lines>
            </method>
            <method name="(anonymous_49)" hits="0" signature="()V">
              <lines>
                <line number="275" hits="0"/>
              </lines>
            </method>
            <method name="(anonymous_50)" hits="0" signature="()V">
              <lines>
                <line number="281" hits="0"/>
              </lines>
            </method>
          </methods>
          <lines>
            <line number="2" hits="1" branch="true" condition-coverage="100% (3/3)"/>
            <line number="3" hits="1" branch="true" condition-coverage="25% (1/4)"/>
            <line number="4" hits="0" branch="false"/>
            <line number="5" hits="0" branch="true" condition-coverage="0% (0/2)"/>
            <line number="6" hits="1" branch="false"/>
            <line number="7" hits="1" branch="false"/>
            <line number="8" hits="1" branch="false"/>
            <line number="9" hits="1" branch="true" condition-coverage="50% (1/2)"/>
            <line number="12" hits="1" branch="true" condition-coverage="100% (3/3)"/>
            <line number="13" hits="0" branch="true" condition-coverage="0% (0/2)"/>
            <line number="14" hits="0" branch="false"/>
            <line number="15" hits="0" branch="false"/>
            <line number="16" hits="0" branch="true" condition-coverage="0% (0/2)"/>
            <line number="17" hits="0" branch="true" condition-coverage="0% (0/2)"/>
            <line number="20" hits="1" branch="true" condition-coverage="100% (3/3)"/>
            <line number="21" hits="0" branch="true" condition-coverage="0% (0/2)"/>
            <line number="22" hits="0" branch="true" condition-coverage="0% (0/2)"/>
            <line number="23" hits="0" branch="false"/>
            <line number="25" hits="0" branch="true" condition-coverage="0% (0/2)"/>
            <line number="26" hits="0" branch="false"/>
            <line number="27" hits="0" branch="true" condition-coverage="0% (0/9)"/>
            <line number="28" hits="0" branch="true" condition-coverage="0% (0/2)"/>
            <line number="29" hits="0" branch="true" condition-coverage="0% (0/6)"/>
            <line number="30" hits="0" branch="false"/>
            <line number="31" hits="0" branch="false"/>
            <line number="32" hits="0" branch="false"/>
            <line number="33" hits="0" branch="false"/>
            <line number="35" hits="0" branch="true" condition-coverage="0% (0/7)"/>
            <line number="36" hits="0" branch="true" condition-coverage="0% (0/6)"/>
            <line number="37" hits="0" branch="true" condition-coverage="0% (0/4)"/>
            <line number="38" hits="0" branch="true" condition-coverage="0% (0/4)"/>
            <line number="39" hits="0" branch="true" condition-coverage="0% (0/2)"/>
            <line number="40" hits="0" branch="false"/>
            <line number="42" hits="0" branch="false"/>
            <line number="43" hits="0" branch="false"/>
            <line number="44" hits="0" branch="true" condition-coverage="0% (0/4)"/>
            <line number="47" hits="1" branch="false"/>
            <line number="48" hits="1" branch="false"/>
            <line number="49" hits="1" branch="false"/>
            <line number="50" hits="1" branch="false"/>
            <line number="51" hits="1" branch="false"/>
            <line number="52" hits="1" branch="false"/>
            <line number="53" hits="1" branch="false"/>
            <line number="54" hits="1" branch="false"/>
            <line number="55" hits="1" branch="false"/>
            <line number="56" hits="1" branch="false"/>
            <line number="57" hits="1" branch="false"/>
            <line number="59" hits="0" branch="true" condition-coverage="0% (0/2)"/>
            <line number="60" hits="0" branch="false"/>
            <line number="61" hits="0" branch="true" condition-coverage="0% (0/2)"/>
            <line number="62" hits="0" branch="false"/>
            <line number="64" hits="0" branch="false"/>
            <line number="66" hits="0" branch="false"/>
            <line number="67" hits="0" branch="false"/>
            <line number="68" hits="0" branch="true" condition-coverage="0% (0/2)"/>
            <line number="69" hits="0" branch="false"/>
            <line number="72" hits="0" branch="false"/>
            <line number="73" hits="0" branch="false"/>
            <line number="74" hits="0" branch="false"/>
            <line number="76" hits="0" branch="false"/>
            <line number="77" hits="0" branch="true" condition-coverage="0% (0/2)"/>
            <line number="78" hits="0" branch="false"/>
            <line number="80" hits="0" branch="false"/>
            <line number="81" hits="0" branch="false"/>
            <line number="82" hits="0" branch="false"/>
            <line number="83" hits="0" branch="false"/>
            <line number="84" hits="0" branch="false"/>
            <line number="86" hits="0" branch="false"/>
            <line number="92" hits="0" branch="false"/>
            <line number="93" hits="0" branch="false"/>
            <line number="95" hits="0" branch="false"/>
            <line number="96" hits="0" branch="false"/>
            <line number="97" hits="0" branch="false"/>
            <line number="98" hits="0" branch="false"/>
            <line number="99" hits="0" branch="false"/>
            <line number="100" hits="0" branch="false"/>
            <line number="103" hits="0" branch="false"/>
            <line number="104" hits="0" branch="false"/>
            <line number="107" hits="0" branch="false"/>
            <line number="108" hits="0" branch="false"/>
            <line number="111" hits="0" branch="true" condition-coverage="0% (0/2)"/>
            <line number="112" hits="0" branch="false"/>
            <line number="114" hits="0" branch="false"/>
            <line number="115" hits="0" branch="true" condition-coverage="0% (0/2)"/>
            <line number="116" hits="0" branch="false"/>
            <line number="118" hits="0" branch="false"/>
            <line number="119" hits="0" branch="false"/>
            <line number="121" hits="0" branch="false"/>
            <line number="122" hits="0" branch="true" condition-coverage="0% (0/3)"/>
            <line number="124" hits="0" branch="false"/>
            <line number="125" hits="0" branch="false"/>
            <line number="126" hits="0" branch="true" condition-coverage="0% (0/2)"/>
            <line number="127" hits="0" branch="false"/>
            <line number="128" hits="0" branch="false"/>
            <line number="129" hits="0" branch="false"/>
            <line number="131" hits="0" branch="false"/>
            <line number="132" hits="0" branch="true" condition-coverage="0% (0/2)"/>
            <line number="133" hits="0" branch="false"/>
            <line number="134" hits="0" branch="true" condition-coverage="0% (0/2)"/>
            <line number="135" hits="0" branch="false"/>
            <line number="136" hits="0" branch="true" condition-coverage="0% (0/2)"/>
            <line number="137" hits="0" branch="false"/>
            <line number="140" hits="0" branch="false"/>
            <line number="142" hits="0" branch="true" condition-coverage="0% (0/2)"/>
            <line number="143" hits="0" branch="false"/>
            <line number="151" hits="0" branch="false"/>
            <line number="152" hits="0" branch="false"/>
            <line number="153" hits="0" branch="false"/>
            <line number="155" hits="0" branch="false"/>
            <line number="156" hits="0" branch="false"/>
            <line number="161" hits="0" branch="false"/>
            <line number="162" hits="0" branch="false"/>
            <line number="163" hits="0" branch="false"/>
            <line number="166" hits="0" branch="false"/>
            <line number="167" hits="0" branch="false"/>
            <line number="171" hits="0" branch="false"/>
            <line number="172" hits="0" branch="false"/>
            <line number="174" hits="0" branch="false"/>
            <line number="175" hits="0" branch="false"/>
            <line number="179" hits="0" branch="false"/>
            <line number="180" hits="0" branch="true" condition-coverage="0% (0/5)"/>
            <line number="181" hits="0" branch="false"/>
            <line number="182" hits="0" branch="true" condition-coverage="0% (0/2)"/>
            <line number="183" hits="0" branch="false"/>
            <line number="188" hits="0" branch="false"/>
            <line number="192" hits="0" branch="false"/>
            <line number="195" hits="0" branch="false"/>
            <line number="196" hits="0" branch="false"/>
            <line number="197" hits="0" branch="true" condition-coverage="0% (0/4)"/>
            <line number="198" hits="0" branch="false"/>
            <line number="200" hits="0" branch="true" condition-coverage="0% (0/2)"/>
            <line number="201" hits="0" branch="false"/>
            <line number="204" hits="0" branch="false"/>
            <line number="205" hits="0" branch="false"/>
            <line number="206" hits="0" branch="false"/>
            <line number="207" hits="0" branch="true" condition-coverage="0% (0/4)"/>
            <line number="208" hits="0" branch="true" condition-coverage="0% (0/2)"/>
            <line number="209" hits="0" branch="false"/>
            <line number="210" hits="0" branch="true" condition-coverage="0% (0/2)"/>
            <line number="212" hits="0" branch="false"/>
            <line number="213" hits="0" branch="false"/>
            <line number="217" hits="0" branch="false"/>
            <line number="220" hits="0" branch="true" condition-coverage="0% (0/2)"/>
            <line number="221" hits="0" branch="true" condition-coverage="0% (0/2)"/>
            <line number="222" hits="0" branch="false"/>
            <line number="227" hits="0" branch="false"/>
            <line number="249" hits="0" branch="false"/>
            <line number="255" hits="0" branch="false"/>
            <line number="257" hits="1" branch="false"/>
            <line number="258" hits="0" branch="false"/>
            <line number="259" hits="0" branch="false"/>
            <line number="263" hits="1" branch="false"/>
            <line number="264" hits="0" branch="false"/>
            <line number="265" hits="0" branch="false"/>
            <line number="266" hits="0" branch="false"/>
            <line number="267" hits="0" branch="false"/>
            <line number="269" hits="0" branch="false"/>
            <line number="270" hits="0" branch="false"/>
            <line number="272" hits="0" branch="false"/>
            <line number="275" hits="1" branch="false"/>
            <line number="276" hits="0" branch="false"/>
            <line number="277" hits="0" branch="false"/>
            <line number="278" hits="0" branch="false"/>
            <line number="281" hits="0" branch="false"/>
            <line number="294" hits="1" branch="false"/>
            <line number="296" hits="1" branch="false"/>
          </lines>
        </class>
        <class name="AlbertsonVendorWarning.tsx" filename="src\webparts\albertsonVendorWarning\components\AlbertsonVendorWarning.tsx" line-rate="0.0588" branch-rate="0.032400000000000005">
          <methods>
            <method name="(anonymous_0)" hits="1" signature="()V">
              <lines>
                <line number="2" hits="1"/>
              </lines>
            </method>
            <method name="(anonymous_1)" hits="0" signature="()V">
              <lines>
                <line number="4" hits="0"/>
              </lines>
            </method>
            <method name="(anonymous_2)" hits="0" signature="()V">
              <lines>
                <line number="5" hits="0"/>
              </lines>
            </method>
            <method name="(anonymous_3)" hits="1" signature="()V">
              <lines>
                <line number="6" hits="1"/>
              </lines>
            </method>
            <method name="__" hits="1" signature="()V">
              <lines>
                <line number="8" hits="1"/>
              </lines>
            </method>
            <method name="(anonymous_5)" hits="0" signature="()V">
              <lines>
                <line number="12" hits="0"/>
              </lines>
            </method>
            <method name="(anonymous_6)" hits="0" signature="()V">
              <lines>
                <line number="20" hits="0"/>
              </lines>
            </method>
            <method name="(anonymous_7)" hits="0" signature="()V">
              <lines>
                <line number="21" hits="0"/>
              </lines>
            </method>
            <method name="fulfilled" hits="0" signature="()V">
              <lines>
                <line number="22" hits="0"/>
              </lines>
            </method>
            <method name="rejected" hits="0" signature="()V">
              <lines>
                <line number="23" hits="0"/>
              </lines>
            </method>
            <method name="step" hits="0" signature="()V">
              <lines>
                <line number="24" hits="0"/>
              </lines>
            </method>
            <method name="(anonymous_11)" hits="0" signature="()V">
              <lines>
                <line number="24" hits="0"/>
              </lines>
            </method>
            <method name="(anonymous_12)" hits="0" signature="()V">
              <lines>
                <line number="28" hits="0"/>
              </lines>
            </method>
            <method name="(anonymous_13)" hits="0" signature="()V">
              <lines>
                <line number="29" hits="0"/>
[...]
            <line number="590" hits="0" branch="true" condition-coverage="0% (0/2)"/>
            <line number="591" hits="0" branch="false"/>
            <line number="592" hits="0" branch="true" condition-coverage="0% (0/2)"/>
            <line number="593" hits="0" branch="false"/>
            <line number="596" hits="0" branch="false"/>
            <line number="601" hits="0" branch="false"/>
            <line number="603" hits="0" branch="false"/>
            <line number="604" hits="0" branch="false"/>
            <line number="605" hits="0" branch="false"/>
            <line number="606" hits="0" branch="true" condition-coverage="0% (0/4)"/>
            <line number="607" hits="0" branch="false"/>
            <line number="608" hits="0" branch="false"/>
            <line number="609" hits="0" branch="false"/>
            <line number="610" hits="0" branch="true" condition-coverage="0% (0/4)"/>
            <line number="611" hits="0" branch="false"/>
            <line number="612" hits="0" branch="false"/>
            <line number="613" hits="0" branch="true" condition-coverage="0% (0/2)"/>
            <line number="614" hits="0" branch="true" condition-coverage="0% (0/4)"/>
            <line number="615" hits="0" branch="false"/>
            <line number="617" hits="0" branch="true" condition-coverage="0% (0/4)"/>
            <line number="618" hits="0" branch="false"/>
            <line number="620" hits="0" branch="true" condition-coverage="0% (0/4)"/>
            <line number="621" hits="0" branch="false"/>
            <line number="625" hits="0" branch="true" condition-coverage="0% (0/4)"/>
            <line number="626" hits="0" branch="false"/>
            <line number="629" hits="0" branch="false"/>
            <line number="630" hits="0" branch="true" condition-coverage="0% (0/4)"/>
            <line number="631" hits="0" branch="false"/>
            <line number="633" hits="0" branch="false"/>
            <line number="634" hits="0" branch="true" condition-coverage="0% (0/4)"/>
            <line number="635" hits="0" branch="false"/>
            <line number="637" hits="0" branch="false"/>
            <line number="638" hits="0" branch="true" condition-coverage="0% (0/4)"/>
            <line number="639" hits="0" branch="false"/>
            <line number="641" hits="0" branch="false"/>
            <line number="642" hits="0" branch="true" condition-coverage="0% (0/4)"/>
            <line number="643" hits="0" branch="false"/>
            <line number="645" hits="0" branch="false"/>
            <line number="646" hits="0" branch="true" condition-coverage="0% (0/4)"/>
            <line number="647" hits="0" branch="false"/>
            <line number="650" hits="0" branch="true" condition-coverage="0% (0/2)"/>
            <line number="651" hits="0" branch="false"/>
            <line number="652" hits="0" branch="true" condition-coverage="0% (0/13)"/>
            <line number="654" hits="0" branch="false"/>
            <line number="656" hits="0" branch="false"/>
            <line number="658" hits="0" branch="false"/>
            <line number="660" hits="0" branch="false"/>
            <line number="662" hits="0" branch="true" condition-coverage="0% (0/2)"/>
            <line number="664" hits="0" branch="true" condition-coverage="0% (0/2)"/>
            <line number="666" hits="0" branch="false"/>
            <line number="668" hits="0" branch="false"/>
            <line number="670" hits="0" branch="true" condition-coverage="0% (0/2)"/>
            <line number="675" hits="0" branch="true" condition-coverage="0% (0/2)"/>
            <line number="680" hits="0" branch="true" condition-coverage="0% (0/2)"/>
            <line number="685" hits="0" branch="false"/>
            <line number="686" hits="0" branch="true" condition-coverage="0% (0/2)"/>
            <line number="688" hits="0" branch="false"/>
            <line number="691" hits="0" branch="true" condition-coverage="0% (0/2)"/>
            <line number="692" hits="0" branch="false"/>
            <line number="696" hits="0" branch="false"/>
            <line number="697" hits="0" branch="true" condition-coverage="0% (0/2)"/>
            <line number="698" hits="0" branch="false"/>
            <line number="701" hits="0" branch="false"/>
            <line number="704" hits="0" branch="false"/>
            <line number="705" hits="0" branch="false"/>
            <line number="706" hits="0" branch="false"/>
            <line number="707" hits="0" branch="true" condition-coverage="0% (0/4)"/>
            <line number="708" hits="0" branch="false"/>
            <line number="709" hits="0" branch="false"/>
            <line number="710" hits="0" branch="true" condition-coverage="0% (0/2)"/>
            <line number="711" hits="0" branch="false"/>
            <line number="713" hits="0" branch="false"/>
            <line number="714" hits="0" branch="false"/>
            <line number="718" hits="0" branch="false"/>
            <line number="719" hits="0" branch="false"/>
            <line number="720" hits="0" branch="false"/>
            <line number="721" hits="0" branch="false"/>
            <line number="722" hits="0" branch="false"/>
            <line number="727" hits="0" branch="false"/>
            <line number="728" hits="0" branch="false"/>
            <line number="729" hits="0" branch="false"/>
            <line number="730" hits="0" branch="true" condition-coverage="0% (0/2)"/>
            <line number="731" hits="0" branch="false"/>
            <line number="732" hits="0" branch="true" condition-coverage="0% (0/2)"/>
            <line number="733" hits="0" branch="true" condition-coverage="0% (0/2)"/>
            <line number="734" hits="0" branch="true" condition-coverage="0% (0/2)"/>
            <line number="735" hits="0" branch="true" condition-coverage="0% (0/2)"/>
            <line number="736" hits="0" branch="true" condition-coverage="0% (0/2)"/>
            <line number="737" hits="0" branch="false"/>
            <line number="739" hits="0" branch="false"/>
            <line number="742" hits="0" branch="false"/>
            <line number="747" hits="0" branch="false"/>
            <line number="748" hits="0" branch="false"/>
            <line number="749" hits="0" branch="false"/>
            <line number="750" hits="0" branch="false"/>
            <line number="751" hits="0" branch="false"/>
            <line number="752" hits="0" branch="false"/>
            <line number="754" hits="0" branch="false"/>
            <line number="755" hits="0" branch="true" condition-coverage="0% (0/2)"/>
            <line number="756" hits="0" branch="false"/>
            <line number="761" hits="0" branch="false"/>
            <line number="764" hits="0" branch="true" condition-coverage="0% (0/2)"/>
            <line number="765" hits="0" branch="false"/>
            <line number="770" hits="0" branch="false"/>
            <line number="771" hits="0" branch="true" condition-coverage="0% (0/2)"/>
            <line number="772" hits="0" branch="true" condition-coverage="0% (0/2)"/>
            <line number="773" hits="0" branch="false"/>
            <line number="774" hits="0" branch="true" condition-coverage="0% (0/2)"/>
            <line number="775" hits="0" branch="false"/>
            <line number="777" hits="0" branch="true" condition-coverage="0% (0/2)"/>
            <line number="778" hits="0" branch="false"/>
            <line number="780" hits="0" branch="false"/>
            <line number="784" hits="0" branch="false"/>
            <line number="785" hits="0" branch="true" condition-coverage="0% (0/2)"/>
            <line number="786" hits="0" branch="false"/>
            <line number="788" hits="0" branch="true" condition-coverage="0% (0/2)"/>
            <line number="789" hits="0" branch="false"/>
            <line number="791" hits="0" branch="false"/>
            <line number="797" hits="0" branch="false"/>
            <line number="798" hits="0" branch="false"/>
            <line number="799" hits="0" branch="false"/>
            <line number="800" hits="0" branch="false"/>
            <line number="801" hits="0" branch="false"/>
            <line number="802" hits="0" branch="true" condition-coverage="0% (0/2)"/>
            <line number="803" hits="0" branch="false"/>
            <line number="804" hits="0" branch="true" condition-coverage="0% (0/4)"/>
            <line number="805" hits="0" branch="false"/>
            <line number="806" hits="0" branch="false"/>
            <line number="811" hits="0" branch="false"/>
            <line number="812" hits="0" branch="false"/>
            <line number="814" hits="0" branch="false"/>
            <line number="816" hits="0" branch="false"/>
            <line number="817" hits="0" branch="false"/>
            <line number="820" hits="0" branch="false"/>
            <line number="822" hits="0" branch="false"/>
            <line number="823" hits="0" branch="false"/>
            <line number="824" hits="0" branch="false"/>
            <line number="825" hits="0" branch="true" condition-coverage="0% (0/2)"/>
            <line number="826" hits="0" branch="false"/>
            <line number="827" hits="0" branch="false"/>
            <line number="828" hits="0" branch="false"/>
            <line number="832" hits="0" branch="false"/>
            <line number="833" hits="0" branch="false"/>
            <line number="834" hits="0" branch="false"/>
            <line number="835" hits="0" branch="false"/>
            <line number="836" hits="0" branch="false"/>
            <line number="840" hits="0" branch="false"/>
            <line number="842" hits="0" branch="false"/>
            <line number="843" hits="0" branch="false"/>
            <line number="844" hits="0" branch="false"/>
            <line number="845" hits="0" branch="false"/>
            <line number="846" hits="0" branch="true" condition-coverage="0% (0/2)"/>
            <line number="847" hits="0" branch="true" condition-coverage="0% (0/2)"/>
            <line number="848" hits="0" branch="false"/>
            <line number="849" hits="0" branch="false"/>
            <line number="850" hits="0" branch="false"/>
            <line number="851" hits="0" branch="true" condition-coverage="0% (0/2)"/>
            <line number="852" hits="0" branch="false"/>
            <line number="855" hits="0" branch="true" condition-coverage="0% (0/2)"/>
            <line number="856" hits="0" branch="false"/>
            <line number="859" hits="0" branch="false"/>
            <line number="860" hits="0" branch="false"/>
            <line number="861" hits="0" branch="false"/>
            <line number="870" hits="0" branch="false"/>
            <line number="881" hits="0" branch="false"/>
            <line number="882" hits="0" branch="false"/>
            <line number="883" hits="0" branch="false"/>
            <line number="891" hits="0" branch="false"/>
            <line number="892" hits="0" branch="false"/>
            <line number="895" hits="1" branch="false"/>
            <line number="896" hits="0" branch="false"/>
            <line number="898" hits="0" branch="false"/>
            <line number="899" hits="0" branch="false"/>
            <line number="900" hits="0" branch="true" condition-coverage="0% (0/4)"/>
            <line number="901" hits="0" branch="false"/>
            <line number="902" hits="0" branch="false"/>
            <line number="904" hits="0" branch="false"/>
            <line number="907" hits="0" branch="false"/>
            <line number="911" hits="1" branch="false"/>
            <line number="912" hits="0" branch="false"/>
            <line number="914" hits="0" branch="false"/>
            <line number="915" hits="0" branch="false"/>
            <line number="916" hits="0" branch="false"/>
            <line number="922" hits="1" branch="false"/>
            <line number="923" hits="0" branch="false"/>
            <line number="924" hits="0" branch="false"/>
            <line number="929" hits="0" branch="false"/>
            <line number="930" hits="0" branch="false"/>
            <line number="931" hits="0" branch="false"/>
            <line number="932" hits="0" branch="false"/>
            <line number="933" hits="0" branch="false"/>
            <line number="934" hits="0" branch="false"/>
            <line number="935" hits="0" branch="true" condition-coverage="0% (0/4)"/>
            <line number="936" hits="0" branch="true" condition-coverage="0% (0/2)"/>
            <line number="938" hits="0" branch="false"/>
            <line number="939" hits="0" branch="false"/>
            <line number="940" hits="0" branch="false"/>
            <line number="942" hits="0" branch="false"/>
            <line number="943" hits="0" branch="false"/>
            <line number="944" hits="0" branch="false"/>
            <line number="946" hits="0" branch="false"/>
            <line number="947" hits="0" branch="true" condition-coverage="0% (0/4)"/>
            <line number="948" hits="0" branch="false"/>
            <line number="949" hits="0" branch="false"/>
            <line number="950" hits="0" branch="false"/>
            <line number="953" hits="0" branch="false"/>
            <line number="954" hits="0" branch="true" condition-coverage="0% (0/2)"/>
            <line number="955" hits="0" branch="false"/>
            <line number="958" hits="0" branch="true" condition-coverage="0% (0/2)"/>
            <line number="959" hits="0" branch="false"/>
            <line number="964" hits="0" branch="false"/>
            <line number="967" hits="0" branch="true" condition-coverage="0% (0/4)"/>
            <line number="968" hits="0" branch="true" condition-coverage="0% (0/2)"/>
            <line number="969" hits="0" branch="false"/>
            <line number="972" hits="0" branch="false"/>
            <line number="973" hits="0" branch="true" condition-coverage="0% (0/2)"/>
            <line number="974" hits="0" branch="false"/>
            <line number="977" hits="0" branch="true" condition-coverage="0% (0/4)"/>
            <line number="978" hits="0" branch="false"/>
            <line number="981" hits="0" branch="true" condition-coverage="0% (0/7)"/>
            <line number="982" hits="0" branch="false"/>
            <line number="987" hits="0" branch="false"/>
            <line number="1007" hits="0" branch="false"/>
            <line number="1020" hits="1" branch="false"/>
            <line number="1021" hits="0" branch="false"/>
            <line number="1022" hits="0" branch="true" condition-coverage="0% (0/3)"/>
            <line number="1024" hits="0" branch="false"/>
            <line number="1026" hits="0" branch="false"/>
            <line number="1028" hits="0" branch="false"/>
            <line number="1031" hits="1" branch="false"/>
            <line number="1033" hits="1" branch="false"/>
          </lines>
        </class>
        <class name="TestComponent.tsx" filename="src\webparts\albertsonVendorWarning\components\TestComponent.tsx" line-rate="0.9231" branch-rate="0.5714">
          <methods>
            <method name="(anonymous_0)" hits="1" signature="()V">
              <lines>
                <line number="2" hits="1"/>
              </lines>
            </method>
            <method name="(anonymous_1)" hits="0" signature="()V">
              <lines>
                <line number="4" hits="0"/>
              </lines>
            </method>
            <method name="(anonymous_2)" hits="0" signature="()V">
              <lines>
                <line number="5" hits="0"/>
              </lines>
            </method>
            <method name="(anonymous_3)" hits="1" signature="()V">
              <lines>
                <line number="6" hits="1"/>
              </lines>
            </method>
            <method name="__" hits="1" signature="()V">
              <lines>
                <line number="8" hits="1"/>
              </lines>
            </method>
            <method name="(anonymous_5)" hits="1" signature="()V">
              <lines>
                <line number="14" hits="1"/>
              </lines>
            </method>
            <method name="TestComponent" hits="6" signature="()V">
              <lines>
                <line number="16" hits="6"/>
              </lines>
            </method>
            <method name="(anonymous_7)" hits="12" signature="()V">
              <lines>
                <line number="23" hits="12"/>
              </lines>
            </method>
            <method name="(anonymous_8)" hits="1" signature="()V">
              <lines>
                <line number="28" hits="1"/>
              </lines>
            </method>
            <method name="(anonymous_9)" hits="1" signature="()V">
              <lines>
                <line number="30" hits="1"/>
              </lines>
            </method>
            <method name="(anonymous_10)" hits="5" signature="()V">
              <lines>
                <line number="35" hits="5"/>
              </lines>
            </method>
          </methods>
          <lines>
            <line number="2" hits="1" branch="true" condition-coverage="100% (3/3)"/>
            <line number="3" hits="1" branch="true" condition-coverage="25% (1/4)"/>
            <line number="4" hits="0" branch="false"/>
            <line number="5" hits="0" branch="true" condition-coverage="0% (0/2)"/>
            <line number="6" hits="1" branch="false"/>
            <line number="7" hits="1" branch="false"/>
            <line number="8" hits="1" branch="false"/>
            <line number="9" hits="1" branch="true" condition-coverage="50% (1/2)"/>
            <line number="12" hits="1" branch="false"/>
            <line number="13" hits="1" branch="false"/>
            <line number="14" hits="1" branch="false"/>
            <line number="15" hits="1" branch="false"/>
            <line number="17" hits="6" branch="true" condition-coverage="100% (3/3)"/>
            <line number="18" hits="6" branch="false"/>
            <line number="21" hits="6" branch="false"/>
            <line number="23" hits="1" branch="false"/>
            <line number="24" hits="12" branch="false"/>
            <line number="25" hits="12" branch="false"/>
            <line number="26" hits="12" branch="false"/>
            <line number="28" hits="1" branch="false"/>
            <line number="30" hits="1" branch="false"/>
            <line number="31" hits="1" branch="false"/>
            <line number="35" hits="1" branch="false"/>
            <line number="36" hits="5" branch="false"/>
            <line number="40" hits="1" branch="false"/>
            <line number="42" hits="1" branch="false"/>
          </lines>
        </class>
      </classes>
    </package>
    <package name="interfaces" line-rate="1" branch-rate="1">
      <classes>
        <class name="AlbertsonDomainInterfaces.ts" filename="src\webparts\albertsonVendorWarning\interfaces\AlbertsonDomainInterfaces.ts" line-rate="1" branch-rate="1">
          <methods>
            <method name="(anonymous_0)" hits="1" signature="()V">
              <lines>
                <line number="4" hits="1"/>
              </lines>
            </method>
            <method name="(anonymous_1)" hits="1" signature="()V">
              <lines>
                <line number="10" hits="1"/>
              </lines>
            </method>
          </methods>
          <lines>
            <line number="2" hits="1" branch="false"/>
            <line number="4" hits="1" branch="false"/>
            <line number="5" hits="1" branch="false"/>
            <line number="6" hits="1" branch="false"/>
            <line number="7" hits="1" branch="false"/>
            <line number="10" hits="1" branch="false"/>
            <line number="11" hits="1" branch="false"/>
            <line number="12" hits="1" branch="false"/>
          </lines>
        </class>
      </classes>
    </package>
  </packages>
</coverage>
