{"C:\\Users\\achakraborty\\source\\repos\\NW.Projects.Albertson.VendorPortalEnhancements\\src\\webparts\\albertsonVendorWarning\\components\\AlbertsonConstants.ts": {"path":"C:\\Users\\achakraborty\\source\\repos\\NW.Projects.Albertson.VendorPortalEnhancements\\src\\webparts\\albertsonVendorWarning\\components\\AlbertsonConstants.ts","statementMap":{"0":{"start":{"line":2,"column":0},"end":{"line":2,"column":62}},"1":{"start":{"line":3,"column":0},"end":{"line":29,"column":2}},"2":{"start":{"line":30,"column":0},"end":{"line":41,"column":2}},"3":{"start":{"line":42,"column":0},"end":{"line":88,"column":2}},"4":{"start":{"line":89,"column":0},"end":{"line":238,"column":2}},"5":{"start":{"line":239,"column":0},"end":{"line":250,"column":2}},"6":{"start":{"line":251,"column":0},"end":{"line":261,"column":2}}},"fnMap":{},"branchMap":{},"s":{"0":1,"1":1,"2":1,"3":1,"4":1,"5":1,"6":1},"f":{},"b":{},"inputSourceMap":{"version":3,"file":"AlbertsonConstants.js","sourceRoot":"","sources":["AlbertsonConstants.ts"],"names":[],"mappings":";;AAUa,QAAA,0BAA0B,GAAsB;IAC3D;QACE,KAAK,EAAE,WAAW;QAClB,QAAQ,EAAE,IAAI;QACd,OAAO,EAAE,qBAAqB;KAC/B;IACD;QACE,KAAK,EAAE,UAAU;QACjB,QAAQ,EAAE,IAAI;QACd,OAAO,EAAE,qBAAqB;KAC/B;IACD;QACE,KAAK,EAAE,OAAO;QACd,QAAQ,EAAE,IAAI;QACd,OAAO,EAAE,kCAAkC;KAC5C;IACD;QACE,KAAK,EAAE,OAAO;QACd,QAAQ,EAAE,IAAI;QACd,OAAO,EAAE,eAAe;KACzB;IACD;QACE,KAAK,EAAE,UAAU;QACjB,QAAQ,EAAE,IAAI;QACd,OAAO,EAAE,qBAAqB;KAC/B;CACF,CAAC;AAEW,QAAA,yBAAyB,GAAsB;IAC1D;QACE,KAAK,EAAE,UAAU;QACjB,QAAQ,EAAE,IAAI;QACd,OAAO,EAAE,qBAAqB;KAC/B;IACD;QACE,KAAK,EAAE,SAAS;QAChB,QAAQ,EAAE,IAAI;QACd,OAAO,EAAE,qBAAqB;KAC/B;CACF,CAAC;AAEW,QAAA,oBAAoB,GAAsB;IACrD;QACE,KAAK,EAAE,UAAU;QACjB,QAAQ,EAAE,IAAI;QACd,OAAO,EAAE,qBAAqB;KAC/B;IACD;QACE,KAAK,EAAE,UAAU,EAAE,QAAQ,EAAE,IAAI;QACjC,OAAO,EAAE,qBAAqB;KAC/B;IACD;QACE,KAAK,EAAE,UAAU,EAAE,QAAQ,EAAE,IAAI;QACjC,OAAO,EAAE,qBAAqB;KAC/B;IACD;QACE,KAAK,EAAE,UAAU,EAAE,QAAQ,EAAE,IAAI;QACjC,OAAO,EAAE,qBAAqB;KAC/B;IACD;QACE,KAAK,EAAE,MAAM,EAAE,QAAQ,EAAE,IAAI;QAC7B,OAAO,EAAE,qBAAqB;KAC/B;IACD;QACE,KAAK,EAAE,mBAAmB,EAAE,QAAQ,EAAE,IAAI;QAC1C,OAAO,EAAE,uBAAuB;KACjC;IACD;QACE,KAAK,EAAE,aAAa,EAAE,QAAQ,EAAE,IAAI;QACpC,OAAO,EAAE,qBAAqB;KAC/B;IACD;QACE,KAAK,EAAE,iBAAiB,EAAE,QAAQ,EAAE,IAAI;QACxC,OAAO,EAAE,qBAAqB;KAC/B;IACD;QACE,KAAK,EAAE,UAAU;QACjB,QAAQ,EAAE,IAAI;KACf;IACD;QACE,KAAK,EAAE,WAAW;QAClB,QAAQ,EAAE,IAAI;KACf;IACD;QACE,KAAK,EAAE,SAAS;QAChB,QAAQ,EAAE,IAAI;KACf;CACF,CAAC;AAEW,QAAA,QAAQ,GAAc;IACjC;QACE,GAAG,EAAE,UAAU;QACf,IAAI,EAAE,EAAE;QACR,SAAS,EAAE,EAAE;QACb,QAAQ,EAAE,EAAE;QACZ,QAAQ,EAAE,EAAE;QACZ,WAAW,EAAE,KAAK;QAClB,IAAI,EAAE,QAAQ;QACd,QAAQ,EAAE,IAAI;KACf;IACD;QACE,GAAG,EAAE,UAAU;QACf,IAAI,EAAE,EAAE;QACR,SAAS,EAAE,UAAU;QACrB,QAAQ,EAAE,EAAE;QACZ,QAAQ,EAAE,EAAE;QACZ,WAAW,EAAE,KAAK;QAClB,kBAAkB;QAClB,6BAA6B;QAC7B,sCAAsC;QACtC,IAAI,EAAE,QAAQ;QACd,QAAQ,EAAE,KAAK;KAChB;IACD;QACE,GAAG,EAAE,UAAU;QACf,IAAI,EAAE,EAAE;QACR,SAAS,EAAE,UAAU;QACrB,QAAQ,EAAE,EAAE;QACZ,QAAQ,EAAE,EAAE;QACZ,WAAW,EAAE,KAAK;QAClB,kBAAkB;QAClB,6BAA6B;QAC7B,sCAAsC;QACtC,IAAI,EAAE,QAAQ;QACd,QAAQ,EAAE,KAAK;KAChB;IACD;QACE,GAAG,EAAE,UAAU;QACf,IAAI,EAAE,UAAU;QAChB,SAAS,EAAE,UAAU;QACrB,QAAQ,EAAE,EAAE;QACZ,QAAQ,EAAE,EAAE;QACZ,WAAW,EAAE,KAAK;QAClB,kBAAkB;QAClB,6BAA6B;QAC7B,sCAAsC;QACtC,IAAI,EAAE,QAAQ;QACd,QAAQ,EAAE,KAAK;KAChB;IACD;QACE,GAAG,EAAE,UAAU;QACf,IAAI,EAAE,EAAE;QACR,SAAS,EAAE,UAAU;QACrB,QAAQ,EAAE,EAAE;QACZ,QAAQ,EAAE,EAAE;QACZ,WAAW,EAAE,KAAK;QAClB,kBAAkB;QAClB,6BAA6B;QAC7B,sCAAsC;QACtC,IAAI,EAAE,QAAQ;QACd,QAAQ,EAAE,KAAK;KAChB;IACD;QACE,GAAG,EAAE,MAAM;QACX,IAAI,EAAE,cAAc;QACpB,SAAS,EAAE,MAAM;QACjB,QAAQ,EAAE,EAAE;QACZ,QAAQ,EAAE,GAAG;QACb,WAAW,EAAE,KAAK;QAClB,kBAAkB;QAClB,6BAA6B;QAC7B,sCAAsC;QAEtC,IAAI,EAAE,QAAQ;QACd,QAAQ,EAAE,KAAK;KAChB;IACD;QACE,GAAG,EAAE,mBAAmB;QACxB,IAAI,EAAE,qBAAqB;QAC3B,SAAS,EAAE,mBAAmB;QAC9B,QAAQ,EAAE,EAAE;QACZ,QAAQ,EAAE,EAAE;QACZ,WAAW,EAAE,KAAK;QAClB,kBAAkB;QAClB,6BAA6B;QAC7B,sCAAsC;QACtC,IAAI,EAAE,QAAQ;QACd,QAAQ,EAAE,KAAK;KAChB;IACD;QACE,GAAG,EAAE,aAAa;QAClB,IAAI,EAAE,6BAA6B;QACnC,SAAS,EAAE,aAAa;QACxB,QAAQ,EAAE,GAAG;QACb,QAAQ,EAAE,GAAG;QACb,WAAW,EAAE,KAAK;QAClB,IAAI,EAAE,QAAQ;QACd,QAAQ,EAAE,KAAK;KAChB;IACD;QACE,GAAG,EAAE,iBAAiB;QACtB,IAAI,EAAE,WAAW;QACjB,SAAS,EAAE,iBAAiB;QAC5B,QAAQ,EAAE,GAAG;QACb,QAAQ,EAAE,GAAG;QACb,WAAW,EAAE,KAAK;QAClB,IAAI,EAAE,QAAQ;QACd,QAAQ,EAAE,KAAK;KAChB;IACD;QACE,GAAG,EAAE,UAAU;QACf,IAAI,EAAE,WAAW;QACjB,SAAS,EAAE,UAAU;QACrB,QAAQ,EAAE,EAAE;QACZ,QAAQ,EAAE,EAAE;QACZ,WAAW,EAAE,KAAK;QAClB,IAAI,EAAE,QAAQ;QACd,QAAQ,EAAE,KAAK;KAChB;IACD;QACE,GAAG,EAAE,WAAW;QAChB,IAAI,EAAE,YAAY;QAClB,SAAS,EAAE,WAAW;QACtB,QAAQ,EAAE,EAAE;QACZ,QAAQ,EAAE,EAAE;QACZ,WAAW,EAAE,KAAK;QAClB,IAAI,EAAE,QAAQ;QACd,QAAQ,EAAE,KAAK;KAChB;IACD;QACE,GAAG,EAAE,SAAS;QACd,IAAI,EAAE,QAAQ;QACd,SAAS,EAAE,SAAS;QACpB,QAAQ,EAAE,EAAE;QACZ,QAAQ,EAAE,EAAE;QACZ,WAAW,EAAE,KAAK;QAClB,IAAI,EAAE,QAAQ;QACd,QAAQ,EAAE,KAAK;KAChB;IACD;QACE,GAAG,EAAE,aAAa;QAClB,IAAI,EAAE,eAAe;QACrB,SAAS,EAAE,aAAa;QACxB,QAAQ,EAAE,GAAG;QACb,QAAQ,EAAE,GAAG;QACb,WAAW,EAAE,KAAK;QAClB,IAAI,EAAE,QAAQ;QACd,QAAQ,EAAE,KAAK;KAChB;CACF,CAAC;AAEW,QAAA,WAAW,GAAc;IACpC;QACE,GAAG,EAAE,cAAc;QACnB,IAAI,EAAE,EAAE;QACR,SAAS,EAAE,cAAc;QACzB,QAAQ,EAAE,GAAG;QACb,QAAQ,EAAE,GAAG;QACb,WAAW,EAAE,IAAI;QACjB,IAAI,EAAE,QAAQ;QACd,QAAQ,EAAE,IAAI;KACf;CACF,CAAC;AACW,QAAA,gBAAgB,GAAuB;IAClD,MAAM,EAAE,CAAC,SAAS,EAAE,UAAU,EAAE,OAAO,EAAE,OAAO,EAAE,KAAK,EAAE,MAAM,EAAE,MAAM,EAAE,QAAQ,EAAE,WAAW,EAAE,SAAS,EAAE,UAAU,EAAE,UAAU,CAAC;IAElI,WAAW,EAAE,CAAC,KAAK,EAAE,KAAK,EAAE,KAAK,EAAE,KAAK,EAAE,KAAK,EAAE,KAAK,EAAE,KAAK,EAAE,KAAK,EAAE,KAAK,EAAE,KAAK,EAAE,KAAK,EAAE,KAAK,CAAC;IAEjG,IAAI,EAAE,CAAC,QAAQ,EAAE,QAAQ,EAAE,SAAS,EAAE,WAAW,EAAE,UAAU,EAAE,QAAQ,EAAE,UAAU,CAAC;IAEpF,SAAS,EAAE,CAAC,GAAG,EAAE,GAAG,EAAE,GAAG,EAAE,GAAG,EAAE,GAAG,EAAE,GAAG,EAAE,GAAG,CAAC;IAE9C,SAAS,EAAE,aAAa;IACxB,kBAAkB,EAAE,sBAAsB;IAC1C,kBAAkB,EAAE,kBAAkB;IACtC,iBAAiB,EAAE,qBAAqB;IACxC,iBAAiB,EAAE,iBAAiB;CACrC,CAAC","sourcesContent":["import { IColumn } from \"office-ui-fabric-react/lib/components/DetailsList\";\r\nimport { IDatePickerStrings } from \"office-ui-fabric-react/lib/components/DatePicker\";\r\nimport { IVendorComplain } from \"../interfaces/AlbertsonDomainInterfaces\";\r\n\r\nexport interface IValidationBlob {\r\n  field?: string;\r\n  required: boolean;\r\n  pattern?: RegExp;\r\n}\r\n\r\nexport const _contactInfoValidationBlob: IValidationBlob[] = [\r\n  {\r\n    field: 'firstname',\r\n    required: true,\r\n    pattern: /^([a-zA-Z0-9 _-]+)$/\r\n  },\r\n  {\r\n    field: 'lastname',\r\n    required: true,\r\n    pattern: /^([a-zA-Z0-9 _-]+)$/\r\n  },\r\n  {\r\n    field: 'email',\r\n    required: true,\r\n    pattern: /^\\w+@[a-zA-Z_]+?\\.[a-zA-Z]{2,3}$/\r\n  },\r\n  {\r\n    field: 'phone',\r\n    required: true,\r\n    pattern: /^([0-9]{10})$/\r\n  },\r\n  {\r\n    field: 'employer',\r\n    required: true,\r\n    pattern: /^([a-zA-Z0-9 _-]+)$/\r\n  }\r\n];\r\n\r\nexport const _venderInfoValidationBlob: IValidationBlob[] = [\r\n  {\r\n    field: 'vendName',\r\n    required: true,\r\n    pattern: /^([a-zA-Z0-9 _-]+)$/\r\n  },\r\n  {\r\n    field: 'vendNum',\r\n    required: true,\r\n    pattern: /^([a-zA-Z0-9 _-]+)$/\r\n  },\r\n];\r\n\r\nexport const _itemsValidationBlob: IValidationBlob[] = [\r\n  {\r\n    field: 'upcpart1',\r\n    required: true,\r\n    pattern: /^([a-zA-Z0-9 _-]+)$/\r\n  },\r\n  {\r\n    field: 'upcpart2', required: true,\r\n    pattern: /^([a-zA-Z0-9 _-]+)$/\r\n  },\r\n  {\r\n    field: 'upcpart3', required: true,\r\n    pattern: /^([a-zA-Z0-9 _-]+)$/\r\n  },\r\n  {\r\n    field: 'upcpart4', required: true,\r\n    pattern: /^([a-zA-Z0-9 _-]+)$/\r\n  },\r\n  {\r\n    field: 'gtin', required: true,\r\n    pattern: /^([a-zA-Z0-9 _-]+)$/\r\n  },\r\n  {\r\n    field: 'corporateItemCode', required: true,\r\n    pattern: /^([a-zA-Z0-9 _-]{8})$/\r\n  },\r\n  {\r\n    field: 'warningText', required: true,\r\n    pattern: /^([a-zA-Z0-9 _-]+)$/\r\n  },\r\n  {\r\n    field: 'itemDescription', required: true,\r\n    pattern: /^([a-zA-Z0-9 _-]+)$/\r\n  },\r\n  {\r\n    field: 'isProp65',\r\n    required: true\r\n  },\r\n  {\r\n    field: 'isOnLabel',\r\n    required: true\r\n  },\r\n  {\r\n    field: 'foodInd',\r\n    required: true\r\n  }\r\n];\r\n\r\nexport const _columns: IColumn[] = [\r\n  {\r\n    key: 'isDelete',\r\n    name: '',\r\n    fieldName: '',\r\n    minWidth: 10,\r\n    maxWidth: 10,\r\n    isResizable: false,\r\n    data: 'string',\r\n    isPadded: true\r\n  },\r\n  {\r\n    key: 'upcpart1',\r\n    name: '',\r\n    fieldName: 'upcpart1',\r\n    minWidth: 30,\r\n    maxWidth: 30,\r\n    isResizable: false,\r\n    // isSorted: true,\r\n    // isSortedDescending: false,\r\n    // onColumnClick: this._onColumnClick,\r\n    data: 'string',\r\n    isPadded: false\r\n  },\r\n  {\r\n    key: 'upcpart2',\r\n    name: '',\r\n    fieldName: 'upcpart2',\r\n    minWidth: 30,\r\n    maxWidth: 30,\r\n    isResizable: false,\r\n    // isSorted: true,\r\n    // isSortedDescending: false,\r\n    // onColumnClick: this._onColumnClick,\r\n    data: 'string',\r\n    isPadded: false\r\n  },\r\n  {\r\n    key: 'upcpart3',\r\n    name: 'UPC Name',\r\n    fieldName: 'upcpart3',\r\n    minWidth: 50,\r\n    maxWidth: 50,\r\n    isResizable: false,\r\n    // isSorted: true,\r\n    // isSortedDescending: false,\r\n    // onColumnClick: this._onColumnClick,\r\n    data: 'string',\r\n    isPadded: false\r\n  },\r\n  {\r\n    key: 'upcpart4',\r\n    name: '',\r\n    fieldName: 'upcpart4',\r\n    minWidth: 50,\r\n    maxWidth: 50,\r\n    isResizable: false,\r\n    // isSorted: true,\r\n    // isSortedDescending: false,\r\n    // onColumnClick: this._onColumnClick,\r\n    data: 'string',\r\n    isPadded: false\r\n  },\r\n  {\r\n    key: 'gtin',\r\n    name: 'GTIN/Item Id',\r\n    fieldName: 'gtin',\r\n    minWidth: 97,\r\n    maxWidth: 100,\r\n    isResizable: false,\r\n    // isSorted: true,\r\n    // isSortedDescending: false,\r\n    // onColumnClick: this._onColumnClick,\r\n\r\n    data: 'string',\r\n    isPadded: false\r\n  },\r\n  {\r\n    key: 'corporateItemCode',\r\n    name: 'Corporate Item Code',\r\n    fieldName: 'corporateItemCode',\r\n    minWidth: 74,\r\n    maxWidth: 80,\r\n    isResizable: false,\r\n    // isSorted: true,\r\n    // isSortedDescending: false,\r\n    // onColumnClick: this._onColumnClick,\r\n    data: 'string',\r\n    isPadded: false\r\n  },\r\n  {\r\n    key: 'warningText',\r\n    name: 'Warning Text/Removal Reason',\r\n    fieldName: 'warningText',\r\n    minWidth: 250,\r\n    maxWidth: 300,\r\n    isResizable: false,\r\n    data: 'string',\r\n    isPadded: false\r\n  },\r\n  {\r\n    key: 'itemDescription',\r\n    name: 'Item Desc',\r\n    fieldName: 'itemDescription',\r\n    minWidth: 250,\r\n    maxWidth: 300,\r\n    isResizable: false,\r\n    data: 'string',\r\n    isPadded: false\r\n  },\r\n  {\r\n    key: 'isProp65',\r\n    name: 'Prop 65 ?',\r\n    fieldName: 'isProp65',\r\n    minWidth: 70,\r\n    maxWidth: 70,\r\n    isResizable: false,\r\n    data: 'string',\r\n    isPadded: false\r\n  },\r\n  {\r\n    key: 'isOnLabel',\r\n    name: 'On Label ?',\r\n    fieldName: 'isOnLabel',\r\n    minWidth: 78,\r\n    maxWidth: 78,\r\n    isResizable: false,\r\n    data: 'string',\r\n    isPadded: false\r\n  },\r\n  {\r\n    key: 'foodInd',\r\n    name: 'Food ?',\r\n    fieldName: 'foodInd',\r\n    minWidth: 65,\r\n    maxWidth: 65,\r\n    isResizable: false,\r\n    data: 'string',\r\n    isPadded: false\r\n  },\r\n  {\r\n    key: 'effFromDate',\r\n    name: 'Eff From Date',\r\n    fieldName: 'effFromDate',\r\n    minWidth: 100,\r\n    maxWidth: 120,\r\n    isResizable: false,\r\n    data: 'string',\r\n    isPadded: false\r\n  }\r\n];\r\n\r\nexport const _errColumns: IColumn[] = [\r\n  {\r\n    key: 'errorMessage',\r\n    name: '',\r\n    fieldName: 'errorMessage',\r\n    minWidth: 150,\r\n    maxWidth: 200,\r\n    isResizable: true,\r\n    data: 'string',\r\n    isPadded: true\r\n  }\r\n];\r\nexport const DayPickerStrings: IDatePickerStrings = {\r\n  months: ['January', 'February', 'March', 'April', 'May', 'June', 'July', 'August', 'September', 'October', 'November', 'December'],\r\n\r\n  shortMonths: ['Jan', 'Feb', 'Mar', 'Apr', 'May', 'Jun', 'Jul', 'Aug', 'Sep', 'Oct', 'Nov', 'Dec'],\r\n\r\n  days: ['Sunday', 'Monday', 'Tuesday', 'Wednesday', 'Thursday', 'Friday', 'Saturday'],\r\n\r\n  shortDays: ['S', 'M', 'T', 'W', 'T', 'F', 'S'],\r\n\r\n  goToToday: 'Go to today',\r\n  prevMonthAriaLabel: 'Go to previous month',\r\n  nextMonthAriaLabel: 'Go to next month',\r\n  prevYearAriaLabel: 'Go to previous year',\r\n  nextYearAriaLabel: 'Go to next year',\r\n};"]},"_coverageSchema":"332fd63041d2c1bcb487cc26dd0d5f7d97098a6c","hash":"d4ba63d973b0314c9b83721ff9e55c92018f50ca"}
,"C:\\Users\\achakraborty\\source\\repos\\NW.Projects.Albertson.VendorPortalEnhancements\\src\\webparts\\albertsonVendorWarning\\components\\AlbertsonContactInfo.tsx": {"path":"C:\\Users\\achakraborty\\source\\repos\\NW.Projects.Albertson.VendorPortalEnhancements\\src\\webparts\\albertsonVendorWarning\\components\\AlbertsonContactInfo.tsx","statementMap":{"0":{"start":{"line":2,"column":16},"end":{"line":11,"column":4}},"1":{"start":{"line":3,"column":24},"end":{"line":5,"column":82}},"2":{"start":{"line":4,"column":65},"end":{"line":4,"column":81}},"3":{"start":{"line":5,"column":26},"end":{"line":5,"column":80}},"4":{"start":{"line":5,"column":43},"end":{"line":5,"column":80}},"5":{"start":{"line":5,"column":68},"end":{"line":5,"column":80}},"6":{"start":{"line":6,"column":4},"end":{"line":10,"column":6}},"7":{"start":{"line":7,"column":8},"end":{"line":7,"column":28}},"8":{"start":{"line":8,"column":24},"end":{"line":8,"column":45}},"9":{"start":{"line":9,"column":8},"end":{"line":9,"column":93}},"10":{"start":{"line":12,"column":15},"end":{"line":19,"column":1}},"11":{"start":{"line":13,"column":4},"end":{"line":17,"column":5}},"12":{"start":{"line":14,"column":8},"end":{"line":14,"column":25}},"13":{"start":{"line":15,"column":8},"end":{"line":16,"column":24}},"14":{"start":{"line":15,"column":25},"end":{"line":16,"column":24}},"15":{"start":{"line":16,"column":12},"end":{"line":16,"column":24}},"16":{"start":{"line":18,"column":4},"end":{"line":18,"column":13}},"17":{"start":{"line":20,"column":16},"end":{"line":27,"column":1}},"18":{"start":{"line":21,"column":4},"end":{"line":26,"column":7}},"19":{"start":{"line":22,"column":36},"end":{"line":22,"column":97}},"20":{"start":{"line":22,"column":42},"end":{"line":22,"column":70}},"21":{"start":{"line":22,"column":85},"end":{"line":22,"column":95}},"22":{"start":{"line":23,"column":35},"end":{"line":23,"column":100}},"23":{"start":{"line":23,"column":41},"end":{"line":23,"column":73}},"24":{"start":{"line":23,"column":88},"end":{"line":23,"column":98}},"25":{"start":{"line":24,"column":32},"end":{"line":24,"column":149}},"26":{"start":{"line":24,"column":97},"end":{"line":24,"column":119}},"27":{"start":{"line":25,"column":8},"end":{"line":25,"column":78}},"28":{"start":{"line":28,"column":18},"end":{"line":54,"column":1}},"29":{"start":{"line":29,"column":12},"end":{"line":29,"column":104}},"30":{"start":{"line":29,"column":43},"end":{"line":29,"column":68}},"31":{"start":{"line":29,"column":57},"end":{"line":29,"column":68}},"32":{"start":{"line":29,"column":69},"end":{"line":29,"column":81}},"33":{"start":{"line":30,"column":4},"end":{"line":30,"column":157}},"34":{"start":{"line":30,"column":138},"end":{"line":30,"column":150}},"35":{"start":{"line":31,"column":23},"end":{"line":31,"column":68}},"36":{"start":{"line":31,"column":45},"end":{"line":31,"column":65}},"37":{"start":{"line":33,"column":8},"end":{"line":33,"column":70}},"38":{"start":{"line":33,"column":15},"end":{"line":33,"column":70}},"39":{"start":{"line":34,"column":8},"end":{"line":51,"column":66}},"40":{"start":{"line":34,"column":18},"end":{"line":51,"column":66}},"41":{"start":{"line":35,"column":12},"end":{"line":35,"column":127}},"42":{"start":{"line":35,"column":118},"end":{"line":35,"column":127}},"43":{"start":{"line":36,"column":12},"end":{"line":36,"column":44}},"44":{"start":{"line":36,"column":26},"end":{"line":36,"column":44}},"45":{"start":{"line":37,"column":12},"end":{"line":49,"column":13}},"46":{"start":{"line":38,"column":32},"end":{"line":38,"column":39}},"47":{"start":{"line":38,"column":40},"end":{"line":38,"column":46}},"48":{"start":{"line":39,"column":24},"end":{"line":39,"column":34}},"49":{"start":{"line":39,"column":35},"end":{"line":39,"column":72}},"50":{"start":{"line":40,"column":24},"end":{"line":40,"column":34}},"51":{"start":{"line":40,"column":35},"end":{"line":40,"column":45}},"52":{"start":{"line":40,"column":46},"end":{"line":40,"column":55}},"53":{"start":{"line":40,"column":56},"end":{"line":40,"column":65}},"54":{"start":{"line":41,"column":24},"end":{"line":41,"column":41}},"55":{"start":{"line":41,"column":42},"end":{"line":41,"column":55}},"56":{"start":{"line":41,"column":56},"end":{"line":41,"column":65}},"57":{"start":{"line":43,"column":20},"end":{"line":43,"column":128}},"58":{"start":{"line":43,"column":110},"end":{"line":43,"column":116}},"59":{"start":{"line":43,"column":117},"end":{"line":43,"column":126}},"60":{"start":{"line":44,"column":20},"end":{"line":44,"column":106}},"61":{"start":{"line":44,"column":81},"end":{"line":44,"column":97}},"62":{"start":{"line":44,"column":98},"end":{"line":44,"column":104}},"63":{"start":{"line":45,"column":20},"end":{"line":45,"column":89}},"64":{"start":{"line":45,"column":57},"end":{"line":45,"column":72}},"65":{"start":{"line":45,"column":73},"end":{"line":45,"column":80}},"66":{"start":{"line":45,"column":81},"end":{"line":45,"column":87}},"67":{"start":{"line":46,"column":20},"end":{"line":46,"column":87}},"68":{"start":{"line":46,"column":47},"end":{"line":46,"column":62}},"69":{"start":{"line":46,"column":63},"end":{"line":46,"column":78}},"70":{"start":{"line":46,"column":79},"end":{"line":46,"column":85}},"71":{"start":{"line":47,"column":20},"end":{"line":47,"column":42}},"72":{"start":{"line":47,"column":30},"end":{"line":47,"column":42}},"73":{"start":{"line":48,"column":20},"end":{"line":48,"column":33}},"74":{"start":{"line":48,"column":34},"end":{"line":48,"column":43}},"75":{"start":{"line":50,"column":12},"end":{"line":50,"column":39}},"76":{"start":{"line":51,"column":22},"end":{"line":51,"column":34}},"77":{"start":{"line":51,"column":35},"end":{"line":51,"column":41}},"78":{"start":{"line":51,"column":54},"end":{"line":51,"column":64}},"79":{"start":{"line":52,"column":8},"end":{"line":52,"column":35}},"80":{"start":{"line":52,"column":23},"end":{"line":52,"column":35}},"81":{"start":{"line":52,"column":36},"end":{"line":52,"column":89}},"82":{"start":{"line":55,"column":0},"end":{"line":55,"column":62}},"83":{"start":{"line":56,"column":12},"end":{"line":56,"column":28}},"84":{"start":{"line":57,"column":16},"end":{"line":57,"column":61}},"85":{"start":{"line":58,"column":18},"end":{"line":58,"column":38}},"86":{"start":{"line":59,"column":34},"end":{"line":59,"column":84}},"87":{"start":{"line":60,"column":31},"end":{"line":60,"column":66}},"88":{"start":{"line":61,"column":28},"end":{"line":61,"column":60}},"89":{"start":{"line":62,"column":18},"end":{"line":62,"column":65}},"90":{"start":{"line":63,"column":14},"end":{"line":63,"column":57}},"91":{"start":{"line":64,"column":15},"end":{"line":64,"column":59}},"92":{"start":{"line":65,"column":25},"end":{"line":65,"column":63}},"93":{"start":{"line":66,"column":14},"end":{"line":66,"column":57}},"94":{"start":{"line":67,"column":43},"end":{"line":67,"column":90}},"95":{"start":{"line":68,"column":15},"end":{"line":68,"column":59}},"96":{"start":{"line":69,"column":27},"end":{"line":69,"column":58}},"97":{"start":{"line":70,"column":25},"end":{"line":70,"column":52}},"98":{"start":{"line":71,"column":15},"end":{"line":71,"column":59}},"99":{"start":{"line":72,"column":19},"end":{"line":85,"column":1}},"100":{"start":{"line":86,"column":28},"end":{"line":874,"column":18}},"101":{"start":{"line":87,"column":4},"end":{"line":87,"column":44}},"102":{"start":{"line":89,"column":20},"end":{"line":89,"column":52}},"103":{"start":{"line":90,"column":8},"end":{"line":130,"column":10}},"104":{"start":{"line":91,"column":12},"end":{"line":129,"column":15}},"105":{"start":{"line":92,"column":39},"end":{"line":111,"column":17}},"106":{"start":{"line":93,"column":28},"end":{"line":96,"column":26}},"107":{"start":{"line":93,"column":58},"end":{"line":96,"column":23}},"108":{"start":{"line":97,"column":35},"end":{"line":97,"column":64}},"109":{"start":{"line":98,"column":35},"end":{"line":98,"column":55}},"110":{"start":{"line":99,"column":20},"end":{"line":106,"column":21}},"111":{"start":{"line":100,"column":34},"end":{"line":100,"column":94}},"112":{"start":{"line":100,"column":65},"end":{"line":100,"column":91}},"113":{"start":{"line":101,"column":45},"end":{"line":101,"column":131}},"114":{"start":{"line":101,"column":75},"end":{"line":101,"column":128}},"115":{"start":{"line":102,"column":24},"end":{"line":105,"column":25}},"116":{"start":{"line":107,"column":20},"end":{"line":109,"column":23}},"117":{"start":{"line":110,"column":20},"end":{"line":110,"column":31}},"118":{"start":{"line":112,"column":16},"end":{"line":118,"column":19}},"119":{"start":{"line":119,"column":16},"end":{"line":128,"column":17}},"120":{"start":{"line":120,"column":20},"end":{"line":122,"column":23}},"121":{"start":{"line":121,"column":24},"end":{"line":121,"column":48}},"122":{"start":{"line":125,"column":20},"end":{"line":127,"column":23}},"123":{"start":{"line":126,"column":24},"end":{"line":126,"column":48}},"124":{"start":{"line":131,"column":8},"end":{"line":148,"column":10}},"125":{"start":{"line":132,"column":27},"end":{"line":132,"column":56}},"126":{"start":{"line":133,"column":12},"end":{"line":137,"column":13}},"127":{"start":{"line":134,"column":28},"end":{"line":134,"column":48}},"128":{"start":{"line":134,"column":58},"end":{"line":134,"column":78}},"129":{"start":{"line":135,"column":16},"end":{"line":135,"column":47}},"130":{"start":{"line":136,"column":16},"end":{"line":136,"column":46}},"131":{"start":{"line":138,"column":12},"end":{"line":140,"column":15}},"132":{"start":{"line":141,"column":23},"end":{"line":141,"column":28}},"133":{"start":{"line":142,"column":12},"end":{"line":147,"column":19}},"134":{"start":{"line":143,"column":29},"end":{"line":143,"column":50}},"135":{"start":{"line":144,"column":16},"end":{"line":146,"column":19}},"136":{"start":{"line":149,"column":8},"end":{"line":194,"column":10}},"137":{"start":{"line":150,"column":12},"end":{"line":193,"column":15}},"138":{"start":{"line":151,"column":29},"end":{"line":151,"column":31}},"139":{"start":{"line":152,"column":34},"end":{"line":180,"column":17}},"140":{"start":{"line":153,"column":20},"end":{"line":179,"column":23}},"141":{"start":{"line":154,"column":35},"end":{"line":154,"column":62}},"142":{"start":{"line":155,"column":37},"end":{"line":155,"column":55}},"143":{"start":{"line":156,"column":34},"end":{"line":156,"column":78}},"144":{"start":{"line":157,"column":24},"end":{"line":175,"column":27}},"145":{"start":{"line":158,"column":28},"end":{"line":174,"column":29}},"146":{"start":{"line":159,"column":32},"end":{"line":173,"column":35}},"147":{"start":{"line":160,"column":36},"end":{"line":169,"column":39}},"148":{"start":{"line":170,"column":36},"end":{"line":172,"column":39}},"149":{"start":{"line":171,"column":40},"end":{"line":171,"column":50}},"150":{"start":{"line":176,"column":24},"end":{"line":178,"column":27}},"151":{"start":{"line":177,"column":28},"end":{"line":177,"column":38}},"152":{"start":{"line":181,"column":16},"end":{"line":192,"column":19}},"153":{"start":{"line":182,"column":20},"end":{"line":191,"column":23}},"154":{"start":{"line":183,"column":39},"end":{"line":183,"column":53}},"155":{"start":{"line":184,"column":24},"end":{"line":190,"column":27}},"156":{"start":{"line":185,"column":41},"end":{"line":185,"column":95}},"157":{"start":{"line":185,"column":72},"end":{"line":185,"column":92}},"158":{"start":{"line":186,"column":28},"end":{"line":189,"column":29}},"159":{"start":{"line":187,"column":32},"end":{"line":187,"column":66}},"160":{"start":{"line":188,"column":32},"end":{"line":188,"column":46}},"161":{"start":{"line":195,"column":8},"end":{"line":202,"column":14}},"162":{"start":{"line":195,"column":49},"end":{"line":202,"column":11}},"163":{"start":{"line":196,"column":12},"end":{"line":201,"column":15}},"164":{"start":{"line":197,"column":16},"end":{"line":200,"column":17}},"165":{"start":{"line":198,"column":28},"end":{"line":198,"column":96}},"166":{"start":{"line":199,"column":28},"end":{"line":199,"column":61}},"167":{"start":{"line":203,"column":8},"end":{"line":247,"column":14}},"168":{"start":{"line":203,"column":47},"end":{"line":247,"column":11}},"169":{"start":{"line":205,"column":12},"end":{"line":246,"column":15}},"170":{"start":{"line":206,"column":16},"end":{"line":245,"column":17}},"171":{"start":{"line":208,"column":24},"end":{"line":214,"column":27}},"172":{"start":{"line":215,"column":24},"end":{"line":215,"column":74}},"173":{"start":{"line":217,"column":24},"end":{"line":217,"column":46}},"174":{"start":{"line":218,"column":24},"end":{"line":218,"column":339}},"175":{"start":{"line":219,"column":24},"end":{"line":219,"column":91}},"176":{"start":{"line":221,"column":24},"end":{"line":221,"column":43}},"177":{"start":{"line":222,"column":24},"end":{"line":230,"column":31}},"178":{"start":{"line":222,"column":63},"end":{"line":230,"column":27}},"179":{"start":{"line":231,"column":24},"end":{"line":231,"column":134}},"180":{"start":{"line":232,"column":24},"end":{"line":243,"column":26}},"181":{"start":{"line":244,"column":24},"end":{"line":244,"column":52}},"182":{"start":{"line":248,"column":8},"end":{"line":275,"column":10}},"183":{"start":{"line":249,"column":25},"end":{"line":249,"column":27}},"184":{"start":{"line":250,"column":27},"end":{"line":265,"column":13}},"185":{"start":{"line":251,"column":16},"end":{"line":264,"column":19}},"186":{"start":{"line":252,"column":20},"end":{"line":263,"column":23}},"187":{"start":{"line":254,"column":34},"end":{"line":256,"column":26}},"188":{"start":{"line":255,"column":28},"end":{"line":255,"column":68}},"189":{"start":{"line":257,"column":24},"end":{"line":262,"column":27}},"190":{"start":{"line":258,"column":28},"end":{"line":260,"column":31}},"191":{"start":{"line":259,"column":32},"end":{"line":259,"column":50}},"192":{"start":{"line":261,"column":28},"end":{"line":261,"column":38}},"193":{"start":{"line":266,"column":12},"end":{"line":274,"column":15}},"194":{"start":{"line":267,"column":24},"end":{"line":272,"column":22}},"195":{"start":{"line":267,"column":53},"end":{"line":267,"column":88}},"196":{"start":{"line":267,"column":114},"end":{"line":272,"column":19}},"197":{"start":{"line":273,"column":16},"end":{"line":273,"column":25}},"198":{"start":{"line":276,"column":8},"end":{"line":295,"column":10}},"199":{"start":{"line":277,"column":12},"end":{"line":294,"column":15}},"200":{"start":{"line":278,"column":28},"end":{"line":292,"column":22}},"201":{"start":{"line":278,"column":62},"end":{"line":292,"column":19}},"202":{"start":{"line":293,"column":16},"end":{"line":293,"column":29}},"203":{"start":{"line":296,"column":8},"end":{"line":309,"column":10}},"204":{"start":{"line":297,"column":12},"end":{"line":308,"column":15}},"205":{"start":{"line":298,"column":28},"end":{"line":306,"column":22}},"206":{"start":{"line":298,"column":55},"end":{"line":306,"column":19}},"207":{"start":{"line":307,"column":16},"end":{"line":307,"column":29}},"208":{"start":{"line":310,"column":8},"end":{"line":315,"column":10}},"209":{"start":{"line":311,"column":30},"end":{"line":311,"column":53}},"210":{"start":{"line":312,"column":12},"end":{"line":314,"column":15}},"211":{"start":{"line":316,"column":8},"end":{"line":354,"column":10}},"212":{"start":{"line":317,"column":27},"end":{"line":317,"column":29}},"213":{"start":{"line":318,"column":26},"end":{"line":318,"column":28}},"214":{"start":{"line":319,"column":24},"end":{"line":319,"column":28}},"215":{"start":{"line":320,"column":24},"end":{"line":320,"column":28}},"216":{"start":{"line":321,"column":25},"end":{"line":321,"column":29}},"217":{"start":{"line":322,"column":30},"end":{"line":322,"column":34}},"218":{"start":{"line":323,"column":12},"end":{"line":323,"column":35}},"219":{"start":{"line":324,"column":12},"end":{"line":353,"column":15}},"220":{"start":{"line":326,"column":16},"end":{"line":326,"column":35}},"221":{"start":{"line":327,"column":16},"end":{"line":327,"column":49}},"222":{"start":{"line":329,"column":16},"end":{"line":329,"column":36}},"223":{"start":{"line":330,"column":16},"end":{"line":330,"column":41}},"224":{"start":{"line":333,"column":16},"end":{"line":333,"column":48}},"225":{"start":{"line":335,"column":16},"end":{"line":335,"column":29}},"226":{"start":{"line":336,"column":16},"end":{"line":336,"column":52}},"227":{"start":{"line":339,"column":16},"end":{"line":339,"column":29}},"228":{"start":{"line":340,"column":16},"end":{"line":340,"column":42}},"229":{"start":{"line":343,"column":16},"end":{"line":343,"column":31}},"230":{"start":{"line":344,"column":16},"end":{"line":344,"column":54}},"231":{"start":{"line":347,"column":16},"end":{"line":347,"column":35}},"232":{"start":{"line":348,"column":16},"end":{"line":348,"column":39}},"233":{"start":{"line":349,"column":16},"end":{"line":349,"column":127}},"234":{"start":{"line":351,"column":16},"end":{"line":351,"column":39}},"235":{"start":{"line":352,"column":16},"end":{"line":352,"column":114}},"236":{"start":{"line":355,"column":8},"end":{"line":361,"column":10}},"237":{"start":{"line":356,"column":12},"end":{"line":360,"column":13}},"238":{"start":{"line":357,"column":16},"end":{"line":359,"column":19}},"239":{"start":{"line":362,"column":8},"end":{"line":368,"column":10}},"240":{"start":{"line":363,"column":12},"end":{"line":367,"column":13}},"241":{"start":{"line":364,"column":16},"end":{"line":366,"column":19}},"242":{"start":{"line":369,"column":8},"end":{"line":381,"column":10}},"243":{"start":{"line":370,"column":21},"end":{"line":370,"column":32}},"244":{"start":{"line":370,"column":53},"end":{"line":370,"column":72}},"245":{"start":{"line":370,"column":90},"end":{"line":370,"column":106}},"246":{"start":{"line":371,"column":26},"end":{"line":371,"column":47}},"247":{"start":{"line":371,"column":56},"end":{"line":371,"column":74}},"248":{"start":{"line":372,"column":12},"end":{"line":372,"column":34}},"249":{"start":{"line":373,"column":12},"end":{"line":376,"column":13}},"250":{"start":{"line":374,"column":16},"end":{"line":374,"column":51}},"251":{"start":{"line":375,"column":16},"end":{"line":375,"column":45}},"252":{"start":{"line":377,"column":12},"end":{"line":380,"column":15}},"253":{"start":{"line":382,"column":8},"end":{"line":386,"column":10}},"254":{"start":{"line":383,"column":12},"end":{"line":385,"column":15}},"255":{"start":{"line":387,"column":8},"end":{"line":391,"column":10}},"256":{"start":{"line":388,"column":12},"end":{"line":390,"column":15}},"257":{"start":{"line":392,"column":8},"end":{"line":396,"column":10}},"258":{"start":{"line":393,"column":12},"end":{"line":395,"column":15}},"259":{"start":{"line":397,"column":8},"end":{"line":416,"column":10}},"260":{"start":{"line":398,"column":25},"end":{"line":398,"column":67}},"261":{"start":{"line":399,"column":35},"end":{"line":399,"column":63}},"262":{"start":{"line":400,"column":12},"end":{"line":403,"column":13}},"263":{"start":{"line":401,"column":16},"end":{"line":401,"column":66}},"264":{"start":{"line":402,"column":16},"end":{"line":402,"column":39}},"265":{"start":{"line":404,"column":12},"end":{"line":415,"column":13}},"266":{"start":{"line":405,"column":16},"end":{"line":405,"column":139}},"267":{"start":{"line":408,"column":16},"end":{"line":414,"column":19}},"268":{"start":{"line":417,"column":8},"end":{"line":421,"column":10}},"269":{"start":{"line":418,"column":12},"end":{"line":420,"column":15}},"270":{"start":{"line":422,"column":8},"end":{"line":424,"column":13}},"271":{"start":{"line":422,"column":62},"end":{"line":424,"column":10}},"272":{"start":{"line":423,"column":12},"end":{"line":423,"column":66}},"273":{"start":{"line":425,"column":8},"end":{"line":427,"column":13}},"274":{"start":{"line":425,"column":53},"end":{"line":427,"column":10}},"275":{"start":{"line":426,"column":12},"end":{"line":426,"column":58}},"276":{"start":{"line":428,"column":8},"end":{"line":430,"column":13}},"277":{"start":{"line":428,"column":50},"end":{"line":430,"column":10}},"278":{"start":{"line":429,"column":12},"end":{"line":429,"column":55}},"279":{"start":{"line":431,"column":8},"end":{"line":434,"column":13}},"280":{"start":{"line":431,"column":51},"end":{"line":434,"column":10}},"281":{"start":{"line":432,"column":12},"end":{"line":432,"column":101}},"282":{"start":{"line":433,"column":12},"end":{"line":433,"column":69}},"283":{"start":{"line":435,"column":8},"end":{"line":437,"column":10}},"284":{"start":{"line":436,"column":12},"end":{"line":436,"column":184}},"285":{"start":{"line":438,"column":8},"end":{"line":448,"column":10}},"286":{"start":{"line":439,"column":12},"end":{"line":439,"column":55}},"287":{"start":{"line":440,"column":12},"end":{"line":440,"column":69}},"288":{"start":{"line":441,"column":23},"end":{"line":441,"column":28}},"289":{"start":{"line":442,"column":12},"end":{"line":447,"column":15}},"290":{"start":{"line":443,"column":29},"end":{"line":443,"column":50}},"291":{"start":{"line":444,"column":16},"end":{"line":446,"column":19}},"292":{"start":{"line":449,"column":8},"end":{"line":451,"column":10}},"293":{"start":{"line":450,"column":12},"end":{"line":450,"column":163}},"294":{"start":{"line":452,"column":8},"end":{"line":462,"column":10}},"295":{"start":{"line":453,"column":21},"end":{"line":453,"column":32}},"296":{"start":{"line":453,"column":48},"end":{"line":453,"column":62}},"297":{"start":{"line":453,"column":75},"end":{"line":453,"column":86}},"298":{"start":{"line":453,"column":104},"end":{"line":453,"column":120}},"299":{"start":{"line":454,"column":12},"end":{"line":454,"column":35}},"300":{"start":{"line":455,"column":12},"end":{"line":461,"column":15}},"301":{"start":{"line":456,"column":16},"end":{"line":456,"column":56}},"302":{"start":{"line":458,"column":16},"end":{"line":458,"column":134}},"303":{"start":{"line":459,"column":16},"end":{"line":459,"column":39}},"304":{"start":{"line":460,"column":16},"end":{"line":460,"column":46}},"305":{"start":{"line":463,"column":8},"end":{"line":468,"column":10}},"306":{"start":{"line":464,"column":12},"end":{"line":467,"column":15}},"307":{"start":{"line":465,"column":24},"end":{"line":465,"column":46}},"308":{"start":{"line":465,"column":52},"end":{"line":465,"column":82}},"309":{"start":{"line":466,"column":16},"end":{"line":466,"column":38}},"310":{"start":{"line":469,"column":8},"end":{"line":481,"column":10}},"311":{"start":{"line":470,"column":23},"end":{"line":478,"column":13}},"312":{"start":{"line":479,"column":12},"end":{"line":480,"column":54}},"313":{"start":{"line":480,"column":39},"end":{"line":480,"column":50}},"314":{"start":{"line":482,"column":8},"end":{"line":504,"column":10}},"315":{"start":{"line":483,"column":23},"end":{"line":496,"column":18}},"316":{"start":{"line":483,"column":59},"end":{"line":496,"column":15}},"317":{"start":{"line":497,"column":23},"end":{"line":497,"column":81}},"318":{"start":{"line":498,"column":12},"end":{"line":503,"column":15}},"319":{"start":{"line":500,"column":26},"end":{"line":500,"column":151}},"320":{"start":{"line":500,"column":53},"end":{"line":500,"column":148}},"321":{"start":{"line":501,"column":16},"end":{"line":501,"column":82}},"322":{"start":{"line":501,"column":53},"end":{"line":501,"column":78}},"323":{"start":{"line":505,"column":8},"end":{"line":507,"column":10}},"324":{"start":{"line":506,"column":12},"end":{"line":506,"column":99}},"325":{"start":{"line":508,"column":8},"end":{"line":510,"column":10}},"326":{"start":{"line":509,"column":12},"end":{"line":509,"column":69}},"327":{"start":{"line":511,"column":8},"end":{"line":511,"column":49}},"328":{"start":{"line":512,"column":8},"end":{"line":517,"column":10}},"329":{"start":{"line":513,"column":12},"end":{"line":515,"column":15}},"330":{"start":{"line":518,"column":8},"end":{"line":534,"column":10}},"331":{"start":{"line":519,"column":30},"end":{"line":519,"column":53}},"332":{"start":{"line":520,"column":12},"end":{"line":525,"column":13}},"333":{"start":{"line":521,"column":16},"end":{"line":524,"column":19}},"334":{"start":{"line":526,"column":23},"end":{"line":526,"column":28}},"335":{"start":{"line":527,"column":12},"end":{"line":532,"column":19}},"336":{"start":{"line":528,"column":29},"end":{"line":528,"column":50}},"337":{"start":{"line":529,"column":16},"end":{"line":531,"column":19}},"338":{"start":{"line":535,"column":8},"end":{"line":550,"column":10}},"339":{"start":{"line":536,"column":27},"end":{"line":536,"column":47}},"340":{"start":{"line":537,"column":12},"end":{"line":541,"column":13}},"341":{"start":{"line":538,"column":16},"end":{"line":540,"column":19}},"342":{"start":{"line":542,"column":23},"end":{"line":542,"column":28}},"343":{"start":{"line":543,"column":12},"end":{"line":548,"column":19}},"344":{"start":{"line":544,"column":29},"end":{"line":544,"column":50}},"345":{"start":{"line":545,"column":16},"end":{"line":547,"column":19}},"346":{"start":{"line":551,"column":8},"end":{"line":551,"column":118}},"347":{"start":{"line":552,"column":8},"end":{"line":552,"column":102}},"348":{"start":{"line":553,"column":8},"end":{"line":553,"column":96}},"349":{"start":{"line":554,"column":8},"end":{"line":554,"column":21}},"350":{"start":{"line":556,"column":4},"end":{"line":570,"column":6}},"351":{"start":{"line":557,"column":8},"end":{"line":569,"column":11}},"352":{"start":{"line":559,"column":12},"end":{"line":568,"column":15}},"353":{"start":{"line":560,"column":16},"end":{"line":560,"column":76}},"354":{"start":{"line":561,"column":16},"end":{"line":561,"column":47}},"355":{"start":{"line":562,"column":16},"end":{"line":562,"column":32}},"356":{"start":{"line":563,"column":16},"end":{"line":563,"column":47}},"357":{"start":{"line":564,"column":16},"end":{"line":566,"column":19}},"358":{"start":{"line":567,"column":16},"end":{"line":567,"column":38}},"359":{"start":{"line":571,"column":4},"end":{"line":689,"column":6}},"360":{"start":{"line":572,"column":21},"end":{"line":572,"column":52}},"361":{"start":{"line":573,"column":26},"end":{"line":573,"column":48}},"362":{"start":{"line":574,"column":8},"end":{"line":687,"column":9}},"363":{"start":{"line":575,"column":21},"end":{"line":575,"column":31}},"364":{"start":{"line":575,"column":49},"end":{"line":575,"column":63}},"365":{"start":{"line":575,"column":76},"end":{"line":575,"column":87}},"366":{"start":{"line":576,"column":21},"end":{"line":582,"column":13}},"367":{"start":{"line":577,"column":86},"end":{"line":577,"column":116}},"368":{"start":{"line":578,"column":86},"end":{"line":578,"column":115}},"369":{"start":{"line":579,"column":86},"end":{"line":579,"column":112}},"370":{"start":{"line":580,"column":86},"end":{"line":580,"column":112}},"371":{"start":{"line":581,"column":86},"end":{"line":581,"column":115}},"372":{"start":{"line":582,"column":29},"end":{"line":582,"column":34}},"373":{"start":{"line":582,"column":49},"end":{"line":582,"column":54}},"374":{"start":{"line":582,"column":66},"end":{"line":582,"column":71}},"375":{"start":{"line":582,"column":83},"end":{"line":582,"column":88}},"376":{"start":{"line":582,"column":103},"end":{"line":582,"column":108}},"377":{"start":{"line":583,"column":21},"end":{"line":584,"column":120}},"378":{"start":{"line":583,"column":91},"end":{"line":583,"column":120}},"379":{"start":{"line":584,"column":85},"end":{"line":584,"column":113}},"380":{"start":{"line":584,"column":133},"end":{"line":584,"column":138}},"381":{"start":{"line":584,"column":150},"end":{"line":584,"column":155}},"382":{"start":{"line":585,"column":12},"end":{"line":599,"column":17}},"383":{"start":{"line":586,"column":16},"end":{"line":589,"column":19}},"384":{"start":{"line":590,"column":16},"end":{"line":590,"column":39}},"385":{"start":{"line":592,"column":16},"end":{"line":598,"column":17}},"386":{"start":{"line":593,"column":20},"end":{"line":596,"column":23}},"387":{"start":{"line":597,"column":20},"end":{"line":597,"column":43}},"388":{"start":{"line":600,"column":12},"end":{"line":614,"column":17}},"389":{"start":{"line":601,"column":16},"end":{"line":604,"column":19}},"390":{"start":{"line":605,"column":16},"end":{"line":605,"column":39}},"391":{"start":{"line":607,"column":16},"end":{"line":613,"column":17}},"392":{"start":{"line":608,"column":20},"end":{"line":611,"column":23}},"393":{"start":{"line":612,"column":20},"end":{"line":612,"column":43}},"394":{"start":{"line":615,"column":12},"end":{"line":629,"column":17}},"395":{"start":{"line":616,"column":16},"end":{"line":619,"column":19}},"396":{"start":{"line":620,"column":16},"end":{"line":620,"column":39}},"397":{"start":{"line":622,"column":16},"end":{"line":628,"column":17}},"398":{"start":{"line":623,"column":20},"end":{"line":626,"column":23}},"399":{"start":{"line":627,"column":20},"end":{"line":627,"column":43}},"400":{"start":{"line":630,"column":12},"end":{"line":644,"column":17}},"401":{"start":{"line":631,"column":16},"end":{"line":634,"column":19}},"402":{"start":{"line":635,"column":16},"end":{"line":635,"column":39}},"403":{"start":{"line":637,"column":16},"end":{"line":643,"column":17}},"404":{"start":{"line":638,"column":20},"end":{"line":641,"column":23}},"405":{"start":{"line":642,"column":20},"end":{"line":642,"column":43}},"406":{"start":{"line":645,"column":12},"end":{"line":659,"column":17}},"407":{"start":{"line":646,"column":16},"end":{"line":649,"column":19}},"408":{"start":{"line":650,"column":16},"end":{"line":650,"column":39}},"409":{"start":{"line":652,"column":16},"end":{"line":658,"column":17}},"410":{"start":{"line":653,"column":20},"end":{"line":656,"column":23}},"411":{"start":{"line":657,"column":20},"end":{"line":657,"column":43}},"412":{"start":{"line":660,"column":12},"end":{"line":686,"column":13}},"413":{"start":{"line":661,"column":16},"end":{"line":664,"column":19}},"414":{"start":{"line":665,"column":16},"end":{"line":665,"column":39}},"415":{"start":{"line":668,"column":16},"end":{"line":685,"column":17}},"416":{"start":{"line":669,"column":20},"end":{"line":675,"column":21}},"417":{"start":{"line":670,"column":24},"end":{"line":673,"column":27}},"418":{"start":{"line":674,"column":24},"end":{"line":674,"column":47}},"419":{"start":{"line":677,"column":21},"end":{"line":685,"column":17}},"420":{"start":{"line":678,"column":20},"end":{"line":684,"column":21}},"421":{"start":{"line":679,"column":24},"end":{"line":682,"column":27}},"422":{"start":{"line":683,"column":24},"end":{"line":683,"column":47}},"423":{"start":{"line":688,"column":8},"end":{"line":688,"column":22}},"424":{"start":{"line":690,"column":4},"end":{"line":872,"column":6}},"425":{"start":{"line":691,"column":17},"end":{"line":691,"column":27}},"426":{"start":{"line":691,"column":43},"end":{"line":691,"column":57}},"427":{"start":{"line":691,"column":70},"end":{"line":691,"column":81}},"428":{"start":{"line":691,"column":99},"end":{"line":691,"column":115}},"429":{"start":{"line":691,"column":131},"end":{"line":691,"column":145}},"430":{"start":{"line":691,"column":166},"end":{"line":691,"column":185}},"431":{"start":{"line":691,"column":203},"end":{"line":691,"column":219}},"432":{"start":{"line":691,"column":240},"end":{"line":691,"column":259}},"433":{"start":{"line":691,"column":272},"end":{"line":691,"column":283}},"434":{"start":{"line":691,"column":293},"end":{"line":691,"column":301}},"435":{"start":{"line":691,"column":321},"end":{"line":691,"column":339}},"436":{"start":{"line":691,"column":358},"end":{"line":691,"column":375}},"437":{"start":{"line":691,"column":384},"end":{"line":691,"column":391}},"438":{"start":{"line":691,"column":407},"end":{"line":691,"column":421}},"439":{"start":{"line":692,"column":29},"end":{"line":695,"column":9}},"440":{"start":{"line":696,"column":17},"end":{"line":696,"column":53}},"441":{"start":{"line":696,"column":68},"end":{"line":696,"column":73}},"442":{"start":{"line":696,"column":87},"end":{"line":696,"column":92}},"443":{"start":{"line":696,"column":103},"end":{"line":696,"column":108}},"444":{"start":{"line":696,"column":119},"end":{"line":696,"column":124}},"445":{"start":{"line":696,"column":138},"end":{"line":696,"column":143}},"446":{"start":{"line":696,"column":155},"end":{"line":696,"column":160}},"447":{"start":{"line":697,"column":27},"end":{"line":697,"column":105}},"448":{"start":{"line":697,"column":72},"end":{"line":697,"column":102}},"449":{"start":{"line":698,"column":8},"end":{"line":700,"column":9}},"450":{"start":{"line":699,"column":12},"end":{"line":699,"column":54}},"451":{"start":{"line":701,"column":28},"end":{"line":701,"column":105}},"452":{"start":{"line":701,"column":73},"end":{"line":701,"column":102}},"453":{"start":{"line":702,"column":8},"end":{"line":704,"column":9}},"454":{"start":{"line":703,"column":12},"end":{"line":703,"column":54}},"455":{"start":{"line":705,"column":21},"end":{"line":705,"column":95}},"456":{"start":{"line":705,"column":66},"end":{"line":705,"column":92}},"457":{"start":{"line":706,"column":8},"end":{"line":708,"column":9}},"458":{"start":{"line":707,"column":12},"end":{"line":707,"column":44}},"459":{"start":{"line":709,"column":21},"end":{"line":709,"column":95}},"460":{"start":{"line":709,"column":66},"end":{"line":709,"column":92}},"461":{"start":{"line":710,"column":8},"end":{"line":712,"column":9}},"462":{"start":{"line":711,"column":12},"end":{"line":711,"column":44}},"463":{"start":{"line":713,"column":24},"end":{"line":713,"column":101}},"464":{"start":{"line":713,"column":69},"end":{"line":713,"column":98}},"465":{"start":{"line":714,"column":8},"end":{"line":716,"column":9}},"466":{"start":{"line":715,"column":12},"end":{"line":715,"column":50}},"467":{"start":{"line":717,"column":20},"end":{"line":717,"column":95}},"468":{"start":{"line":717,"column":65},"end":{"line":717,"column":92}},"469":{"start":{"line":718,"column":8},"end":{"line":720,"column":9}},"470":{"start":{"line":719,"column":12},"end":{"line":719,"column":44}},"471":{"start":{"line":721,"column":31},"end":{"line":724,"column":9}},"472":{"start":{"line":725,"column":31},"end":{"line":725,"column":35}},"473":{"start":{"line":726,"column":8},"end":{"line":800,"column":9}},"474":{"start":{"line":727,"column":12},"end":{"line":785,"column":270}},"475":{"start":{"line":755,"column":211},"end":{"line":755,"column":287}},"476":{"start":{"line":760,"column":277},"end":{"line":760,"column":353}},"477":{"start":{"line":787,"column":13},"end":{"line":800,"column":9}},"478":{"start":{"line":788,"column":12},"end":{"line":799,"column":1164}},"479":{"start":{"line":824,"column":19},"end":{"line":824,"column":91}},"480":{"start":{"line":826,"column":27},"end":{"line":826,"column":31}},"481":{"start":{"line":827,"column":8},"end":{"line":843,"column":9}},"482":{"start":{"line":828,"column":12},"end":{"line":830,"column":117}},"483":{"start":{"line":832,"column":13},"end":{"line":843,"column":9}},"484":{"start":{"line":833,"column":12},"end":{"line":842,"column":13}},"485":{"start":{"line":834,"column":16},"end":{"line":836,"column":110}},"486":{"start":{"line":838,"column":17},"end":{"line":842,"column":13}},"487":{"start":{"line":839,"column":16},"end":{"line":841,"column":111}},"488":{"start":{"line":844,"column":8},"end":{"line":871,"column":104}},"489":{"start":{"line":873,"column":4},"end":{"line":873,"column":32}},"490":{"start":{"line":875,"column":0},"end":{"line":875,"column":39}}},"fnMap":{"0":{"name":"(anonymous_0)","decl":{"start":{"line":2,"column":45},"end":{"line":2,"column":46}},"loc":{"start":{"line":2,"column":57},"end":{"line":11,"column":1}},"line":2},"1":{"name":"(anonymous_1)","decl":{"start":{"line":4,"column":47},"end":{"line":4,"column":48}},"loc":{"start":{"line":4,"column":63},"end":{"line":4,"column":83}},"line":4},"2":{"name":"(anonymous_2)","decl":{"start":{"line":5,"column":8},"end":{"line":5,"column":9}},"loc":{"start":{"line":5,"column":24},"end":{"line":5,"column":82}},"line":5},"3":{"name":"(anonymous_3)","decl":{"start":{"line":6,"column":11},"end":{"line":6,"column":12}},"loc":{"start":{"line":6,"column":27},"end":{"line":10,"column":5}},"line":6},"4":{"name":"__","decl":{"start":{"line":8,"column":17},"end":{"line":8,"column":19}},"loc":{"start":{"line":8,"column":22},"end":{"line":8,"column":47}},"line":8},"5":{"name":"(anonymous_5)","decl":{"start":{"line":12,"column":59},"end":{"line":12,"column":60}},"loc":{"start":{"line":12,"column":71},"end":{"line":19,"column":1}},"line":12},"6":{"name":"(anonymous_6)","decl":{"start":{"line":20,"column":44},"end":{"line":20,"column":45}},"loc":{"start":{"line":20,"column":89},"end":{"line":27,"column":1}},"line":20},"7":{"name":"(anonymous_7)","decl":{"start":{"line":21,"column":36},"end":{"line":21,"column":37}},"loc":{"start":{"line":21,"column":63},"end":{"line":26,"column":5}},"line":21},"8":{"name":"fulfilled","decl":{"start":{"line":22,"column":17},"end":{"line":22,"column":26}},"loc":{"start":{"line":22,"column":34},"end":{"line":22,"column":99}},"line":22},"9":{"name":"rejected","decl":{"start":{"line":23,"column":17},"end":{"line":23,"column":25}},"loc":{"start":{"line":23,"column":33},"end":{"line":23,"column":102}},"line":23},"10":{"name":"step","decl":{"start":{"line":24,"column":17},"end":{"line":24,"column":21}},"loc":{"start":{"line":24,"column":30},"end":{"line":24,"column":151}},"line":24},"11":{"name":"(anonymous_11)","decl":{"start":{"line":24,"column":76},"end":{"line":24,"column":77}},"loc":{"start":{"line":24,"column":95},"end":{"line":24,"column":121}},"line":24},"12":{"name":"(anonymous_12)","decl":{"start":{"line":28,"column":48},"end":{"line":28,"column":49}},"loc":{"start":{"line":28,"column":73},"end":{"line":54,"column":1}},"line":28},"13":{"name":"(anonymous_13)","decl":{"start":{"line":29,"column":30},"end":{"line":29,"column":31}},"loc":{"start":{"line":29,"column":41},"end":{"line":29,"column":83}},"line":29},"14":{"name":"(anonymous_14)","decl":{"start":{"line":30,"column":125},"end":{"line":30,"column":126}},"loc":{"start":{"line":30,"column":136},"end":{"line":30,"column":152}},"line":30},"15":{"name":"verb","decl":{"start":{"line":31,"column":13},"end":{"line":31,"column":17}},"loc":{"start":{"line":31,"column":21},"end":{"line":31,"column":70}},"line":31},"16":{"name":"(anonymous_16)","decl":{"start":{"line":31,"column":30},"end":{"line":31,"column":31}},"loc":{"start":{"line":31,"column":43},"end":{"line":31,"column":67}},"line":31},"17":{"name":"step","decl":{"start":{"line":32,"column":13},"end":{"line":32,"column":17}},"loc":{"start":{"line":32,"column":22},"end":{"line":53,"column":5}},"line":32},"18":{"name":"(anonymous_18)","decl":{"start":{"line":86,"column":28},"end":{"line":86,"column":29}},"loc":{"start":{"line":86,"column":46},"end":{"line":874,"column":1}},"line":86},"19":{"name":"AlbertsonContactInfo","decl":{"start":{"line":88,"column":13},"end":{"line":88,"column":33}},"loc":{"start":{"line":88,"column":41},"end":{"line":555,"column":5}},"line":88},"20":{"name":"(anonymous_20)","decl":{"start":{"line":90,"column":34},"end":{"line":90,"column":35}},"loc":{"start":{"line":90,"column":56},"end":{"line":130,"column":9}},"line":90},"21":{"name":"(anonymous_21)","decl":{"start":{"line":91,"column":31},"end":{"line":91,"column":32}},"loc":{"start":{"line":91,"column":58},"end":{"line":129,"column":13}},"line":91},"22":{"name":"(anonymous_22)","decl":{"start":{"line":92,"column":39},"end":{"line":92,"column":40}},"loc":{"start":{"line":92,"column":58},"end":{"line":111,"column":17}},"line":92},"23":{"name":"(anonymous_23)","decl":{"start":{"line":93,"column":40},"end":{"line":93,"column":41}},"loc":{"start":{"line":93,"column":56},"end":{"line":96,"column":25}},"line":93},"24":{"name":"(anonymous_24)","decl":{"start":{"line":100,"column":50},"end":{"line":100,"column":51}},"loc":{"start":{"line":100,"column":63},"end":{"line":100,"column":93}},"line":100},"25":{"name":"(anonymous_25)","decl":{"start":{"line":101,"column":60},"end":{"line":101,"column":61}},"loc":{"start":{"line":101,"column":73},"end":{"line":101,"column":130}},"line":101},"26":{"name":"(anonymous_26)","decl":{"start":{"line":120,"column":166},"end":{"line":120,"column":167}},"loc":{"start":{"line":120,"column":183},"end":{"line":122,"column":21}},"line":120},"27":{"name":"(anonymous_27)","decl":{"start":{"line":125,"column":116},"end":{"line":125,"column":117}},"loc":{"start":{"line":125,"column":133},"end":{"line":127,"column":21}},"line":125},"28":{"name":"(anonymous_28)","decl":{"start":{"line":131,"column":35},"end":{"line":131,"column":36}},"loc":{"start":{"line":131,"column":61},"end":{"line":148,"column":9}},"line":131},"29":{"name":"(anonymous_29)","decl":{"start":{"line":142,"column":23},"end":{"line":142,"column":24}},"loc":{"start":{"line":142,"column":35},"end":{"line":147,"column":13}},"line":142},"30":{"name":"(anonymous_30)","decl":{"start":{"line":149,"column":42},"end":{"line":149,"column":43}},"loc":{"start":{"line":149,"column":54},"end":{"line":194,"column":9}},"line":149},"31":{"name":"(anonymous_31)","decl":{"start":{"line":150,"column":31},"end":{"line":150,"column":32}},"loc":{"start":{"line":150,"column":51},"end":{"line":193,"column":13}},"line":150},"32":{"name":"(anonymous_32)","decl":{"start":{"line":152,"column":34},"end":{"line":152,"column":35}},"loc":{"start":{"line":152,"column":52},"end":{"line":180,"column":17}},"line":152},"33":{"name":"(anonymous_33)","decl":{"start":{"line":153,"column":39},"end":{"line":153,"column":40}},"loc":{"start":{"line":153,"column":66},"end":{"line":179,"column":21}},"line":153},"34":{"name":"(anonymous_34)","decl":{"start":{"line":157,"column":55},"end":{"line":157,"column":56}},"loc":{"start":{"line":157,"column":68},"end":{"line":175,"column":25}},"line":157},"35":{"name":"(anonymous_35)","decl":{"start":{"line":159,"column":47},"end":{"line":159,"column":48}},"loc":{"start":{"line":159,"column":66},"end":{"line":173,"column":33}},"line":159},"36":{"name":"(anonymous_36)","decl":{"start":{"line":170,"column":66},"end":{"line":170,"column":67}},"loc":{"start":{"line":170,"column":79},"end":{"line":172,"column":37}},"line":170},"37":{"name":"(anonymous_37)","decl":{"start":{"line":176,"column":46},"end":{"line":176,"column":47}},"loc":{"start":{"line":176,"column":59},"end":{"line":178,"column":25}},"line":176},"38":{"name":"(anonymous_38)","decl":{"start":{"line":181,"column":38},"end":{"line":181,"column":39}},"loc":{"start":{"line":181,"column":51},"end":{"line":192,"column":17}},"line":181},"39":{"name":"(anonymous_39)","decl":{"start":{"line":182,"column":44},"end":{"line":182,"column":45}},"loc":{"start":{"line":182,"column":57},"end":{"line":191,"column":21}},"line":182},"40":{"name":"(anonymous_40)","decl":{"start":{"line":184,"column":56},"end":{"line":184,"column":57}},"loc":{"start":{"line":184,"column":69},"end":{"line":190,"column":25}},"line":184},"41":{"name":"(anonymous_41)","decl":{"start":{"line":185,"column":57},"end":{"line":185,"column":58}},"loc":{"start":{"line":185,"column":70},"end":{"line":185,"column":94}},"line":185},"42":{"name":"(anonymous_42)","decl":{"start":{"line":195,"column":35},"end":{"line":195,"column":36}},"loc":{"start":{"line":195,"column":47},"end":{"line":202,"column":13}},"line":195},"43":{"name":"(anonymous_43)","decl":{"start":{"line":195,"column":89},"end":{"line":195,"column":90}},"loc":{"start":{"line":195,"column":101},"end":{"line":202,"column":9}},"line":195},"44":{"name":"(anonymous_44)","decl":{"start":{"line":196,"column":37},"end":{"line":196,"column":38}},"loc":{"start":{"line":196,"column":51},"end":{"line":201,"column":13}},"line":196},"45":{"name":"(anonymous_45)","decl":{"start":{"line":203,"column":33},"end":{"line":203,"column":34}},"loc":{"start":{"line":203,"column":45},"end":{"line":247,"column":13}},"line":203},"46":{"name":"(anonymous_46)","decl":{"start":{"line":203,"column":87},"end":{"line":203,"column":88}},"loc":{"start":{"line":203,"column":99},"end":{"line":247,"column":9}},"line":203},"47":{"name":"(anonymous_47)","decl":{"start":{"line":205,"column":37},"end":{"line":205,"column":38}},"loc":{"start":{"line":205,"column":51},"end":{"line":246,"column":13}},"line":205},"48":{"name":"(anonymous_48)","decl":{"start":{"line":222,"column":48},"end":{"line":222,"column":49}},"loc":{"start":{"line":222,"column":61},"end":{"line":230,"column":29}},"line":222},"49":{"name":"(anonymous_49)","decl":{"start":{"line":248,"column":37},"end":{"line":248,"column":38}},"loc":{"start":{"line":248,"column":49},"end":{"line":275,"column":9}},"line":248},"50":{"name":"(anonymous_50)","decl":{"start":{"line":250,"column":27},"end":{"line":250,"column":28}},"loc":{"start":{"line":250,"column":48},"end":{"line":265,"column":13}},"line":250},"51":{"name":"(anonymous_51)","decl":{"start":{"line":251,"column":35},"end":{"line":251,"column":36}},"loc":{"start":{"line":251,"column":62},"end":{"line":264,"column":17}},"line":251},"52":{"name":"(anonymous_52)","decl":{"start":{"line":253,"column":61},"end":{"line":253,"column":62}},"loc":{"start":{"line":253,"column":74},"end":{"line":263,"column":21}},"line":253},"53":{"name":"(anonymous_53)","decl":{"start":{"line":254,"column":56},"end":{"line":254,"column":57}},"loc":{"start":{"line":254,"column":72},"end":{"line":256,"column":25}},"line":254},"54":{"name":"(anonymous_54)","decl":{"start":{"line":257,"column":46},"end":{"line":257,"column":47}},"loc":{"start":{"line":257,"column":59},"end":{"line":262,"column":25}},"line":257},"55":{"name":"(anonymous_55)","decl":{"start":{"line":258,"column":52},"end":{"line":258,"column":53}},"loc":{"start":{"line":258,"column":68},"end":{"line":260,"column":29}},"line":258},"56":{"name":"(anonymous_56)","decl":{"start":{"line":266,"column":53},"end":{"line":266,"column":54}},"loc":{"start":{"line":266,"column":66},"end":{"line":274,"column":13}},"line":266},"57":{"name":"(anonymous_57)","decl":{"start":{"line":267,"column":38},"end":{"line":267,"column":39}},"loc":{"start":{"line":267,"column":51},"end":{"line":267,"column":90}},"line":267},"58":{"name":"(anonymous_58)","decl":{"start":{"line":267,"column":96},"end":{"line":267,"column":97}},"loc":{"start":{"line":267,"column":112},"end":{"line":272,"column":21}},"line":267},"59":{"name":"(anonymous_59)","decl":{"start":{"line":276,"column":27},"end":{"line":276,"column":28}},"loc":{"start":{"line":276,"column":39},"end":{"line":295,"column":9}},"line":276},"60":{"name":"(anonymous_60)","decl":{"start":{"line":277,"column":246},"end":{"line":277,"column":247}},"loc":{"start":{"line":277,"column":262},"end":{"line":294,"column":13}},"line":277},"61":{"name":"(anonymous_61)","decl":{"start":{"line":278,"column":37},"end":{"line":278,"column":38}},"loc":{"start":{"line":278,"column":60},"end":{"line":292,"column":21}},"line":278},"62":{"name":"(anonymous_62)","decl":{"start":{"line":296,"column":39},"end":{"line":296,"column":40}},"loc":{"start":{"line":296,"column":51},"end":{"line":309,"column":9}},"line":296},"63":{"name":"(anonymous_63)","decl":{"start":{"line":297,"column":192},"end":{"line":297,"column":193}},"loc":{"start":{"line":297,"column":208},"end":{"line":308,"column":13}},"line":297},"64":{"name":"(anonymous_64)","decl":{"start":{"line":298,"column":37},"end":{"line":298,"column":38}},"loc":{"start":{"line":298,"column":53},"end":{"line":306,"column":21}},"line":298},"65":{"name":"(anonymous_65)","decl":{"start":{"line":310,"column":31},"end":{"line":310,"column":32}},"loc":{"start":{"line":310,"column":43},"end":{"line":315,"column":9}},"line":310},"66":{"name":"(anonymous_66)","decl":{"start":{"line":316,"column":31},"end":{"line":316,"column":32}},"loc":{"start":{"line":316,"column":43},"end":{"line":354,"column":9}},"line":316},"67":{"name":"(anonymous_67)","decl":{"start":{"line":325,"column":22},"end":{"line":325,"column":23}},"loc":{"start":{"line":325,"column":41},"end":{"line":328,"column":13}},"line":325},"68":{"name":"(anonymous_68)","decl":{"start":{"line":328,"column":20},"end":{"line":328,"column":21}},"loc":{"start":{"line":328,"column":33},"end":{"line":331,"column":13}},"line":328},"69":{"name":"(anonymous_69)","decl":{"start":{"line":332,"column":22},"end":{"line":332,"column":23}},"loc":{"start":{"line":332,"column":35},"end":{"line":334,"column":13}},"line":332},"70":{"name":"(anonymous_70)","decl":{"start":{"line":334,"column":20},"end":{"line":334,"column":21}},"loc":{"start":{"line":334,"column":36},"end":{"line":337,"column":13}},"line":334},"71":{"name":"(anonymous_71)","decl":{"start":{"line":338,"column":22},"end":{"line":338,"column":23}},"loc":{"start":{"line":338,"column":38},"end":{"line":341,"column":13}},"line":338},"72":{"name":"(anonymous_72)","decl":{"start":{"line":342,"column":22},"end":{"line":342,"column":23}},"loc":{"start":{"line":342,"column":39},"end":{"line":345,"column":13}},"line":342},"73":{"name":"(anonymous_73)","decl":{"start":{"line":346,"column":22},"end":{"line":346,"column":23}},"loc":{"start":{"line":346,"column":38},"end":{"line":350,"column":13}},"line":346},"74":{"name":"(anonymous_74)","decl":{"start":{"line":350,"column":21},"end":{"line":350,"column":22}},"loc":{"start":{"line":350,"column":38},"end":{"line":353,"column":13}},"line":350},"75":{"name":"(anonymous_75)","decl":{"start":{"line":355,"column":25},"end":{"line":355,"column":26}},"loc":{"start":{"line":355,"column":42},"end":{"line":361,"column":9}},"line":355},"76":{"name":"(anonymous_76)","decl":{"start":{"line":362,"column":25},"end":{"line":362,"column":26}},"loc":{"start":{"line":362,"column":42},"end":{"line":368,"column":9}},"line":362},"77":{"name":"(anonymous_77)","decl":{"start":{"line":369,"column":31},"end":{"line":369,"column":32}},"loc":{"start":{"line":369,"column":48},"end":{"line":381,"column":9}},"line":369},"78":{"name":"(anonymous_78)","decl":{"start":{"line":382,"column":29},"end":{"line":382,"column":30}},"loc":{"start":{"line":382,"column":46},"end":{"line":386,"column":9}},"line":382},"79":{"name":"(anonymous_79)","decl":{"start":{"line":387,"column":34},"end":{"line":387,"column":35}},"loc":{"start":{"line":387,"column":46},"end":{"line":391,"column":9}},"line":387},"80":{"name":"(anonymous_80)","decl":{"start":{"line":392,"column":31},"end":{"line":392,"column":32}},"loc":{"start":{"line":392,"column":43},"end":{"line":396,"column":9}},"line":392},"81":{"name":"(anonymous_81)","decl":{"start":{"line":397,"column":37},"end":{"line":397,"column":38}},"loc":{"start":{"line":397,"column":49},"end":{"line":416,"column":9}},"line":397},"82":{"name":"(anonymous_82)","decl":{"start":{"line":417,"column":27},"end":{"line":417,"column":28}},"loc":{"start":{"line":417,"column":43},"end":{"line":421,"column":9}},"line":417},"83":{"name":"(anonymous_83)","decl":{"start":{"line":422,"column":39},"end":{"line":422,"column":40}},"loc":{"start":{"line":422,"column":60},"end":{"line":424,"column":12}},"line":422},"84":{"name":"(anonymous_84)","decl":{"start":{"line":422,"column":69},"end":{"line":422,"column":70}},"loc":{"start":{"line":422,"column":85},"end":{"line":424,"column":9}},"line":422},"85":{"name":"(anonymous_85)","decl":{"start":{"line":425,"column":30},"end":{"line":425,"column":31}},"loc":{"start":{"line":425,"column":51},"end":{"line":427,"column":12}},"line":425},"86":{"name":"(anonymous_86)","decl":{"start":{"line":425,"column":60},"end":{"line":425,"column":61}},"loc":{"start":{"line":425,"column":76},"end":{"line":427,"column":9}},"line":425},"87":{"name":"(anonymous_87)","decl":{"start":{"line":428,"column":27},"end":{"line":428,"column":28}},"loc":{"start":{"line":428,"column":48},"end":{"line":430,"column":12}},"line":428},"88":{"name":"(anonymous_88)","decl":{"start":{"line":428,"column":57},"end":{"line":428,"column":58}},"loc":{"start":{"line":428,"column":73},"end":{"line":430,"column":9}},"line":428},"89":{"name":"(anonymous_89)","decl":{"start":{"line":431,"column":28},"end":{"line":431,"column":29}},"loc":{"start":{"line":431,"column":49},"end":{"line":434,"column":12}},"line":431},"90":{"name":"(anonymous_90)","decl":{"start":{"line":431,"column":58},"end":{"line":431,"column":59}},"loc":{"start":{"line":431,"column":70},"end":{"line":434,"column":9}},"line":431},"91":{"name":"(anonymous_91)","decl":{"start":{"line":435,"column":29},"end":{"line":435,"column":30}},"loc":{"start":{"line":435,"column":41},"end":{"line":437,"column":9}},"line":435},"92":{"name":"(anonymous_92)","decl":{"start":{"line":438,"column":30},"end":{"line":438,"column":31}},"loc":{"start":{"line":438,"column":42},"end":{"line":448,"column":9}},"line":438},"93":{"name":"(anonymous_93)","decl":{"start":{"line":442,"column":23},"end":{"line":442,"column":24}},"loc":{"start":{"line":442,"column":35},"end":{"line":447,"column":13}},"line":442},"94":{"name":"(anonymous_94)","decl":{"start":{"line":449,"column":30},"end":{"line":449,"column":31}},"loc":{"start":{"line":449,"column":42},"end":{"line":451,"column":9}},"line":449},"95":{"name":"(anonymous_95)","decl":{"start":{"line":452,"column":31},"end":{"line":452,"column":32}},"loc":{"start":{"line":452,"column":43},"end":{"line":462,"column":9}},"line":452},"96":{"name":"(anonymous_96)","decl":{"start":{"line":455,"column":70},"end":{"line":455,"column":71}},"loc":{"start":{"line":455,"column":83},"end":{"line":457,"column":13}},"line":455},"97":{"name":"(anonymous_97)","decl":{"start":{"line":457,"column":20},"end":{"line":457,"column":21}},"loc":{"start":{"line":457,"column":33},"end":{"line":461,"column":13}},"line":457},"98":{"name":"(anonymous_98)","decl":{"start":{"line":463,"column":29},"end":{"line":463,"column":30}},"loc":{"start":{"line":463,"column":41},"end":{"line":468,"column":9}},"line":463},"99":{"name":"(anonymous_99)","decl":{"start":{"line":464,"column":75},"end":{"line":464,"column":76}},"loc":{"start":{"line":464,"column":88},"end":{"line":467,"column":13}},"line":464},"100":{"name":"(anonymous_100)","decl":{"start":{"line":469,"column":40},"end":{"line":469,"column":41}},"loc":{"start":{"line":469,"column":73},"end":{"line":481,"column":9}},"line":469},"101":{"name":"(anonymous_101)","decl":{"start":{"line":480,"column":22},"end":{"line":480,"column":23}},"loc":{"start":{"line":480,"column":37},"end":{"line":480,"column":52}},"line":480},"102":{"name":"(anonymous_102)","decl":{"start":{"line":482,"column":28},"end":{"line":482,"column":29}},"loc":{"start":{"line":482,"column":53},"end":{"line":504,"column":9}},"line":482},"103":{"name":"(anonymous_103)","decl":{"start":{"line":483,"column":41},"end":{"line":483,"column":42}},"loc":{"start":{"line":483,"column":57},"end":{"line":496,"column":17}},"line":483},"104":{"name":"(anonymous_104)","decl":{"start":{"line":498,"column":54},"end":{"line":498,"column":55}},"loc":{"start":{"line":498,"column":84},"end":{"line":503,"column":13}},"line":498},"105":{"name":"(anonymous_105)","decl":{"start":{"line":500,"column":35},"end":{"line":500,"column":36}},"loc":{"start":{"line":500,"column":51},"end":{"line":500,"column":150}},"line":500},"106":{"name":"(anonymous_106)","decl":{"start":{"line":501,"column":38},"end":{"line":501,"column":39}},"loc":{"start":{"line":501,"column":51},"end":{"line":501,"column":80}},"line":501},"107":{"name":"(anonymous_107)","decl":{"start":{"line":505,"column":30},"end":{"line":505,"column":31}},"loc":{"start":{"line":505,"column":46},"end":{"line":507,"column":9}},"line":505},"108":{"name":"(anonymous_108)","decl":{"start":{"line":508,"column":30},"end":{"line":508,"column":31}},"loc":{"start":{"line":508,"column":42},"end":{"line":510,"column":9}},"line":508},"109":{"name":"(anonymous_109)","decl":{"start":{"line":512,"column":47},"end":{"line":512,"column":48}},"loc":{"start":{"line":512,"column":74},"end":{"line":517,"column":9}},"line":512},"110":{"name":"(anonymous_110)","decl":{"start":{"line":518,"column":39},"end":{"line":518,"column":40}},"loc":{"start":{"line":518,"column":66},"end":{"line":534,"column":9}},"line":518},"111":{"name":"(anonymous_111)","decl":{"start":{"line":527,"column":23},"end":{"line":527,"column":24}},"loc":{"start":{"line":527,"column":35},"end":{"line":532,"column":13}},"line":527},"112":{"name":"(anonymous_112)","decl":{"start":{"line":535,"column":36},"end":{"line":535,"column":37}},"loc":{"start":{"line":535,"column":63},"end":{"line":550,"column":9}},"line":535},"113":{"name":"(anonymous_113)","decl":{"start":{"line":543,"column":23},"end":{"line":543,"column":24}},"loc":{"start":{"line":543,"column":35},"end":{"line":548,"column":13}},"line":543},"114":{"name":"(anonymous_114)","decl":{"start":{"line":556,"column":55},"end":{"line":556,"column":56}},"loc":{"start":{"line":556,"column":67},"end":{"line":570,"column":5}},"line":556},"115":{"name":"(anonymous_115)","decl":{"start":{"line":557,"column":47},"end":{"line":557,"column":48}},"loc":{"start":{"line":557,"column":59},"end":{"line":569,"column":9}},"line":557},"116":{"name":"(anonymous_116)","decl":{"start":{"line":559,"column":37},"end":{"line":559,"column":38}},"loc":{"start":{"line":559,"column":51},"end":{"line":568,"column":13}},"line":559},"117":{"name":"(anonymous_117)","decl":{"start":{"line":571,"column":52},"end":{"line":571,"column":53}},"loc":{"start":{"line":571,"column":64},"end":{"line":689,"column":5}},"line":571},"118":{"name":"(anonymous_118)","decl":{"start":{"line":577,"column":71},"end":{"line":577,"column":72}},"loc":{"start":{"line":577,"column":84},"end":{"line":577,"column":118}},"line":577},"119":{"name":"(anonymous_119)","decl":{"start":{"line":578,"column":71},"end":{"line":578,"column":72}},"loc":{"start":{"line":578,"column":84},"end":{"line":578,"column":117}},"line":578},"120":{"name":"(anonymous_120)","decl":{"start":{"line":579,"column":71},"end":{"line":579,"column":72}},"loc":{"start":{"line":579,"column":84},"end":{"line":579,"column":114}},"line":579},"121":{"name":"(anonymous_121)","decl":{"start":{"line":580,"column":71},"end":{"line":580,"column":72}},"loc":{"start":{"line":580,"column":84},"end":{"line":580,"column":114}},"line":580},"122":{"name":"(anonymous_122)","decl":{"start":{"line":581,"column":71},"end":{"line":581,"column":72}},"loc":{"start":{"line":581,"column":84},"end":{"line":581,"column":117}},"line":581},"123":{"name":"(anonymous_123)","decl":{"start":{"line":583,"column":76},"end":{"line":583,"column":77}},"loc":{"start":{"line":583,"column":89},"end":{"line":583,"column":122}},"line":583},"124":{"name":"(anonymous_124)","decl":{"start":{"line":584,"column":70},"end":{"line":584,"column":71}},"loc":{"start":{"line":584,"column":83},"end":{"line":584,"column":115}},"line":584},"125":{"name":"(anonymous_125)","decl":{"start":{"line":585,"column":66},"end":{"line":585,"column":67}},"loc":{"start":{"line":585,"column":78},"end":{"line":591,"column":13}},"line":585},"126":{"name":"(anonymous_126)","decl":{"start":{"line":591,"column":20},"end":{"line":591,"column":21}},"loc":{"start":{"line":591,"column":32},"end":{"line":599,"column":13}},"line":591},"127":{"name":"(anonymous_127)","decl":{"start":{"line":600,"column":64},"end":{"line":600,"column":65}},"loc":{"start":{"line":600,"column":76},"end":{"line":606,"column":13}},"line":600},"128":{"name":"(anonymous_128)","decl":{"start":{"line":606,"column":20},"end":{"line":606,"column":21}},"loc":{"start":{"line":606,"column":32},"end":{"line":614,"column":13}},"line":606},"129":{"name":"(anonymous_129)","decl":{"start":{"line":615,"column":58},"end":{"line":615,"column":59}},"loc":{"start":{"line":615,"column":70},"end":{"line":621,"column":13}},"line":615},"130":{"name":"(anonymous_130)","decl":{"start":{"line":621,"column":20},"end":{"line":621,"column":21}},"loc":{"start":{"line":621,"column":32},"end":{"line":629,"column":13}},"line":621},"131":{"name":"(anonymous_131)","decl":{"start":{"line":630,"column":58},"end":{"line":630,"column":59}},"loc":{"start":{"line":630,"column":70},"end":{"line":636,"column":13}},"line":630},"132":{"name":"(anonymous_132)","decl":{"start":{"line":636,"column":20},"end":{"line":636,"column":21}},"loc":{"start":{"line":636,"column":32},"end":{"line":644,"column":13}},"line":636},"133":{"name":"(anonymous_133)","decl":{"start":{"line":645,"column":64},"end":{"line":645,"column":65}},"loc":{"start":{"line":645,"column":76},"end":{"line":651,"column":13}},"line":645},"134":{"name":"(anonymous_134)","decl":{"start":{"line":651,"column":20},"end":{"line":651,"column":21}},"loc":{"start":{"line":651,"column":32},"end":{"line":659,"column":13}},"line":651},"135":{"name":"(anonymous_135)","decl":{"start":{"line":690,"column":44},"end":{"line":690,"column":45}},"loc":{"start":{"line":690,"column":56},"end":{"line":872,"column":5}},"line":690},"136":{"name":"(anonymous_136)","decl":{"start":{"line":697,"column":57},"end":{"line":697,"column":58}},"loc":{"start":{"line":697,"column":70},"end":{"line":697,"column":104}},"line":697},"137":{"name":"(anonymous_137)","decl":{"start":{"line":701,"column":58},"end":{"line":701,"column":59}},"loc":{"start":{"line":701,"column":71},"end":{"line":701,"column":104}},"line":701},"138":{"name":"(anonymous_138)","decl":{"start":{"line":705,"column":51},"end":{"line":705,"column":52}},"loc":{"start":{"line":705,"column":64},"end":{"line":705,"column":94}},"line":705},"139":{"name":"(anonymous_139)","decl":{"start":{"line":709,"column":51},"end":{"line":709,"column":52}},"loc":{"start":{"line":709,"column":64},"end":{"line":709,"column":94}},"line":709},"140":{"name":"(anonymous_140)","decl":{"start":{"line":713,"column":54},"end":{"line":713,"column":55}},"loc":{"start":{"line":713,"column":67},"end":{"line":713,"column":100}},"line":713},"141":{"name":"(anonymous_141)","decl":{"start":{"line":717,"column":50},"end":{"line":717,"column":51}},"loc":{"start":{"line":717,"column":63},"end":{"line":717,"column":94}},"line":717},"142":{"name":"(anonymous_142)","decl":{"start":{"line":755,"column":187},"end":{"line":755,"column":188}},"loc":{"start":{"line":755,"column":209},"end":{"line":755,"column":289}},"line":755},"143":{"name":"(anonymous_143)","decl":{"start":{"line":760,"column":253},"end":{"line":760,"column":254}},"loc":{"start":{"line":760,"column":275},"end":{"line":760,"column":355}},"line":760}},"branchMap":{"0":{"loc":{"start":{"line":2,"column":16},"end":{"line":11,"column":4}},"type":"binary-expr","locations":[{"start":{"line":2,"column":17},"end":{"line":2,"column":21}},{"start":{"line":2,"column":25},"end":{"line":2,"column":39}},{"start":{"line":2,"column":44},"end":{"line":11,"column":4}}],"line":2},"1":{"loc":{"start":{"line":3,"column":24},"end":{"line":5,"column":82}},"type":"binary-expr","locations":[{"start":{"line":3,"column":24},"end":{"line":3,"column":45}},{"start":{"line":4,"column":9},"end":{"line":4,"column":43}},{"start":{"line":4,"column":47},"end":{"line":4,"column":83}},{"start":{"line":5,"column":8},"end":{"line":5,"column":82}}],"line":3},"2":{"loc":{"start":{"line":5,"column":43},"end":{"line":5,"column":80}},"type":"if","locations":[{"start":{"line":5,"column":43},"end":{"line":5,"column":80}},{"start":{"line":5,"column":43},"end":{"line":5,"column":80}}],"line":5},"3":{"loc":{"start":{"line":9,"column":22},"end":{"line":9,"column":92}},"type":"cond-expr","locations":[{"start":{"line":9,"column":35},"end":{"line":9,"column":51}},{"start":{"line":9,"column":55},"end":{"line":9,"column":91}}],"line":9},"4":{"loc":{"start":{"line":12,"column":15},"end":{"line":19,"column":1}},"type":"binary-expr","locations":[{"start":{"line":12,"column":16},"end":{"line":12,"column":20}},{"start":{"line":12,"column":24},"end":{"line":12,"column":37}},{"start":{"line":12,"column":42},"end":{"line":12,"column":55}},{"start":{"line":12,"column":59},"end":{"line":19,"column":1}}],"line":12},"5":{"loc":{"start":{"line":15,"column":25},"end":{"line":16,"column":24}},"type":"if","locations":[{"start":{"line":15,"column":25},"end":{"line":16,"column":24}},{"start":{"line":15,"column":25},"end":{"line":16,"column":24}}],"line":15},"6":{"loc":{"start":{"line":20,"column":16},"end":{"line":27,"column":1}},"type":"binary-expr","locations":[{"start":{"line":20,"column":17},"end":{"line":20,"column":21}},{"start":{"line":20,"column":25},"end":{"line":20,"column":39}},{"start":{"line":20,"column":44},"end":{"line":27,"column":1}}],"line":20},"7":{"loc":{"start":{"line":21,"column":16},"end":{"line":21,"column":34}},"type":"binary-expr","locations":[{"start":{"line":21,"column":16},"end":{"line":21,"column":17}},{"start":{"line":21,"column":22},"end":{"line":21,"column":33}}],"line":21},"8":{"loc":{"start":{"line":24,"column":32},"end":{"line":24,"column":148}},"type":"cond-expr","locations":[{"start":{"line":24,"column":46},"end":{"line":24,"column":67}},{"start":{"line":24,"column":70},"end":{"line":24,"column":148}}],"line":24},"9":{"loc":{"start":{"line":25,"column":51},"end":{"line":25,"column":67}},"type":"binary-expr","locations":[{"start":{"line":25,"column":51},"end":{"line":25,"column":61}},{"start":{"line":25,"column":65},"end":{"line":25,"column":67}}],"line":25},"10":{"loc":{"start":{"line":28,"column":18},"end":{"line":54,"column":1}},"type":"binary-expr","locations":[{"start":{"line":28,"column":19},"end":{"line":28,"column":23}},{"start":{"line":28,"column":27},"end":{"line":28,"column":43}},{"start":{"line":28,"column":48},"end":{"line":54,"column":1}}],"line":28},"11":{"loc":{"start":{"line":29,"column":43},"end":{"line":29,"column":68}},"type":"if","locations":[{"start":{"line":29,"column":43},"end":{"line":29,"column":68}},{"start":{"line":29,"column":43},"end":{"line":29,"column":68}}],"line":29},"12":{"loc":{"start":{"line":30,"column":71},"end":{"line":30,"column":153}},"type":"binary-expr","locations":[{"start":{"line":30,"column":71},"end":{"line":30,"column":99}},{"start":{"line":30,"column":104},"end":{"line":30,"column":152}}],"line":30},"13":{"loc":{"start":{"line":33,"column":8},"end":{"line":33,"column":70}},"type":"if","locations":[{"start":{"line":33,"column":8},"end":{"line":33,"column":70}},{"start":{"line":33,"column":8},"end":{"line":33,"column":70}}],"line":33},"14":{"loc":{"start":{"line":35,"column":12},"end":{"line":35,"column":127}},"type":"if","locations":[{"start":{"line":35,"column":12},"end":{"line":35,"column":127}},{"start":{"line":35,"column":12},"end":{"line":35,"column":127}}],"line":35},"15":{"loc":{"start":{"line":35,"column":23},"end":{"line":35,"column":116}},"type":"binary-expr","locations":[{"start":{"line":35,"column":23},"end":{"line":35,"column":24}},{"start":{"line":35,"column":29},"end":{"line":35,"column":83}},{"start":{"line":35,"column":88},"end":{"line":35,"column":116}}],"line":35},"16":{"loc":{"start":{"line":35,"column":35},"end":{"line":35,"column":82}},"type":"cond-expr","locations":[{"start":{"line":35,"column":47},"end":{"line":35,"column":55}},{"start":{"line":35,"column":58},"end":{"line":35,"column":82}}],"line":35},"17":{"loc":{"start":{"line":35,"column":58},"end":{"line":35,"column":82}},"type":"cond-expr","locations":[{"start":{"line":35,"column":66},"end":{"line":35,"column":73}},{"start":{"line":35,"column":76},"end":{"line":35,"column":82}}],"line":35},"18":{"loc":{"start":{"line":36,"column":12},"end":{"line":36,"column":44}},"type":"if","locations":[{"start":{"line":36,"column":12},"end":{"line":36,"column":44}},{"start":{"line":36,"column":12},"end":{"line":36,"column":44}}],"line":36},"19":{"loc":{"start":{"line":37,"column":12},"end":{"line":49,"c
[...]
 text: 'Y' },\r\n                { key: 'N', text: 'N' },\r\n              ]}\r\n            />;\r\n          case 'isOnLabel':\r\n            return <Dropdown\r\n              errorMessage={vOnLabel}\r\n              label=\"\"\r\n              disabled={isCloned ? true : (!isEditable)}\r\n              selectedKey={value}\r\n              onChanged={this.onDropdownChange(column.fieldName, key)}\r\n              placeHolder=\"\"\r\n              options={[\r\n                { key: 'Y', text: 'Y' },\r\n                { key: 'N', text: 'N' },\r\n              ]}\r\n            />;\r\n          case 'foodInd':\r\n            return <Dropdown\r\n              errorMessage={vFoodInd}\r\n              label=\"\"\r\n              disabled={isCloned ? true : (!isEditable)}\r\n              selectedKey={value}\r\n              onChanged={this.onDropdownChange(column.fieldName, key)}\r\n              placeHolder=\"\"\r\n              options={[\r\n                { key: 'Y', text: 'Y' },\r\n                { key: 'N', text: 'N' },\r\n              ]}\r\n            />;\r\n          case 'effFromDate':\r\n            const firstDayOfWeek = DayOfWeek.Sunday;\r\n            return <DatePicker\r\n              value={value!}\r\n              disabled={isCloned ? true : (!isEditable)}\r\n              firstDayOfWeek={firstDayOfWeek}\r\n              strings={DayPickerStrings}\r\n              placeholder=\"Select a date\"\r\n              ariaLabel=\"Select a date\"\r\n              allowTextInput={true}\r\n              onSelectDate={self.onSelectDate(key)}\r\n              formatDate={this._onFormatDate}\r\n              parseDateFromString={this._onParseDateFromString(key)}\r\n            ></DatePicker>;\r\n          default:\r\n            return <span>{value}</span>;\r\n        }\r\n      } else if (column.key == 'isDelete') {\r\n        return <IconButton\r\n          iconProps={{ iconName: 'BoxMultiplySolid' }} title=\"Delete\" className={styles.redBg} ariaLabel=\"Delete\" onClick={self.deleteItem(key)}></IconButton>;\r\n      }\r\n    }\r\n  }\r\n  private _onFormatDate = (date: Date): string => {\r\n    if (date) {\r\n      return date.getDate() + '/' + (date.getMonth() + 1) + '/' + (date.getFullYear() % 100);\r\n    } else {\r\n      return '';\r\n    }\r\n  }\r\n  private onSelectDate = (key: number) => (date: Date | null | undefined) => {\r\n    let { items, selectedItem } = this.state;\r\n    let selected: any = items.filter(x => x.key == key);\r\n    if (selected && selected.length > 0) {\r\n      selected = selected[0] as IVendorComplain;\r\n      selected.effFromDate = date;\r\n      if (selectedItem) {\r\n        selectedItem.effFromDate = date;\r\n      }\r\n      items = this.propagateChangeToClonedRow(key, date, 'effFromDate', items);\r\n      this.setState({\r\n        items: items.slice(),\r\n        selectedItem\r\n      });\r\n      const self = this;\r\n      setTimeout(() => {\r\n        self.validateSelectedItem();\r\n        setTimeout(() => {\r\n          self.setState({ items: self.state.items.slice() });\r\n        });\r\n      });\r\n    }\r\n  }\r\n  private _onParseDateFromString = (key: number) => (value: string): Date => {\r\n    const { items } = this.state;\r\n    const selected = items.filter(x => x.key == key)[0];\r\n    const date = selected.effFromDate || new Date();\r\n    try {\r\n      const values = (value || '').trim().split('/');\r\n      const day = values.length > 0 ? Math.max(1, Math.min(31, parseInt(values[0], 10))) : date.getDate();\r\n      const month = values.length > 1 ? Math.max(1, Math.min(12, parseInt(values[1], 10))) - 1 : date.getMonth();\r\n      let year = values.length > 2 ? parseInt(values[2], 10) : date.getFullYear();\r\n      if (year < 100) {\r\n        year += date.getFullYear() - (date.getFullYear() % 100);\r\n      }\r\n      return new Date(year, month, day);\r\n    } catch (_) {\r\n      return null;\r\n    }\r\n  }\r\n  //#endregion\r\n\r\n  //#region DetailList helpers\r\n  private _onColumnClick = (ev: React.MouseEvent<HTMLElement>, column: IColumn): void => {\r\n    const { columns, items } = this.state;\r\n    let newItems: IVendorComplain[] = items.slice();\r\n    const newColumns: IColumn[] = columns.slice();\r\n    const currColumn: IColumn = newColumns.filter((currCol: IColumn, idx: number) => {\r\n      return column.key === currCol.key;\r\n    })[0];\r\n    newColumns.forEach((newCol: IColumn) => {\r\n      if (newCol === currColumn) {\r\n        currColumn.isSortedDescending = !currColumn.isSortedDescending;\r\n        // currColumn.isSorted = true;\r\n      } else {\r\n        // newCol.isSorted = false;\r\n        newCol.isSortedDescending = true;\r\n      }\r\n    });\r\n    newItems = this._sortItems(newItems, currColumn.fieldName || '', currColumn.isSortedDescending);\r\n    this.setState({\r\n      columns: newColumns.slice(),\r\n      items: newItems.slice()\r\n    });\r\n  }\r\n\r\n  private _sortItems = (items: IVendorComplain[], sortBy: string, descending = false): IVendorComplain[] => {\r\n    if (descending) {\r\n      return items.sort((a: IVendorComplain, b: IVendorComplain) => {\r\n        if (a[sortBy] < b[sortBy]) {\r\n          return 1;\r\n        }\r\n        if (a[sortBy] > b[sortBy]) {\r\n          return -1;\r\n        }\r\n        return 0;\r\n      });\r\n    } else {\r\n      return items.sort((a: IVendorComplain, b: IVendorComplain) => {\r\n        if (a[sortBy] < b[sortBy]) {\r\n          return -1;\r\n        }\r\n        if (a[sortBy] > b[sortBy]) {\r\n          return 1;\r\n        }\r\n        return 0;\r\n      });\r\n    }\r\n  }\r\n  //#endregion\r\n\r\n  //#region Delete and rearrange\r\n  private rearrangeIndices = (items: IVendorComplain[]): IVendorComplain[] => {\r\n    for (let index = 0; index < items.length; index++) {\r\n      const item = items[index];\r\n      const { key: item_key } = item;\r\n      item.key = index;\r\n      if (!item.isCloned) {\r\n        const filter = items.filter(x => x.clonedFrom == item_key);\r\n        if (filter && filter.length > 0) {\r\n          filter.forEach((f) => {\r\n            f.clonedFrom = index;\r\n          });\r\n        }\r\n      }\r\n    }\r\n    return items;\r\n  }\r\n  private deleteItem = (key: number) => () => {\r\n    this.setState({\r\n      deleteKey: key\r\n    });\r\n    this.props._showConfirmDialog({ type: DialogType.normal, title: 'Delete', subText: 'This will delete the row and all its associated copied rows. Are you sure you want to continue?' }, this.deleteCallback);\r\n  }\r\n  private deleteCallback = () => {\r\n    const { deleteKey: key } = this.state;\r\n    let { items } = this.state;\r\n    items = items.filter((item) => item.key != key && item.clonedFrom != key) as IVendorComplain[];\r\n    items = this.rearrangeIndices(items);\r\n    items = this._sortItems(items, 'key');\r\n    this.setState({\r\n      items: items.slice(),\r\n      deleteKey: null\r\n    });\r\n    const self = this;\r\n    setTimeout(() => {\r\n      self._resetSelectedItem();\r\n      setTimeout(() => {\r\n        self.setSelectedRow({ index: null });\r\n      });\r\n    });\r\n  }\r\n  //#endregion\r\n}\r\n\r\n\r\n"]},"_coverageSchema":"332fd63041d2c1bcb487cc26dd0d5f7d97098a6c","hash":"b8d67c18f87656eed5c7932f2ffe883ca20a942e"}
,"C:\\Users\\achakraborty\\source\\repos\\NW.Projects.Albertson.VendorPortalEnhancements\\src\\webparts\\albertsonVendorWarning\\components\\TestComponent.tsx": {"path":"C:\\Users\\achakraborty\\source\\repos\\NW.Projects.Albertson.VendorPortalEnhancements\\src\\webparts\\albertsonVendorWarning\\components\\TestComponent.tsx","statementMap":{"0":{"start":{"line":2,"column":16},"end":{"line":11,"column":4}},"1":{"start":{"line":3,"column":24},"end":{"line":5,"column":82}},"2":{"start":{"line":4,"column":65},"end":{"line":4,"column":81}},"3":{"start":{"line":5,"column":26},"end":{"line":5,"column":80}},"4":{"start":{"line":5,"column":43},"end":{"line":5,"column":80}},"5":{"start":{"line":5,"column":68},"end":{"line":5,"column":80}},"6":{"start":{"line":6,"column":4},"end":{"line":10,"column":6}},"7":{"start":{"line":7,"column":8},"end":{"line":7,"column":28}},"8":{"start":{"line":8,"column":24},"end":{"line":8,"column":45}},"9":{"start":{"line":9,"column":8},"end":{"line":9,"column":93}},"10":{"start":{"line":12,"column":0},"end":{"line":12,"column":62}},"11":{"start":{"line":13,"column":12},"end":{"line":13,"column":28}},"12":{"start":{"line":14,"column":21},"end":{"line":41,"column":18}},"13":{"start":{"line":15,"column":4},"end":{"line":15,"column":37}},"14":{"start":{"line":17,"column":20},"end":{"line":17,"column":76}},"15":{"start":{"line":18,"column":8},"end":{"line":20,"column":10}},"16":{"start":{"line":21,"column":8},"end":{"line":21,"column":21}},"17":{"start":{"line":23,"column":4},"end":{"line":29,"column":6}},"18":{"start":{"line":24,"column":20},"end":{"line":24,"column":24}},"19":{"start":{"line":25,"column":19},"end":{"line":25,"column":34}},"20":{"start":{"line":26,"column":8},"end":{"line":28,"column":130}},"21":{"start":{"line":28,"column":86},"end":{"line":28,"column":113}},"22":{"start":{"line":30,"column":4},"end":{"line":34,"column":6}},"23":{"start":{"line":31,"column":8},"end":{"line":33,"column":11}},"24":{"start":{"line":35,"column":4},"end":{"line":39,"column":6}},"25":{"start":{"line":36,"column":8},"end":{"line":38,"column":11}},"26":{"start":{"line":40,"column":4},"end":{"line":40,"column":25}},"27":{"start":{"line":42,"column":0},"end":{"line":42,"column":32}}},"fnMap":{"0":{"name":"(anonymous_0)","decl":{"start":{"line":2,"column":45},"end":{"line":2,"column":46}},"loc":{"start":{"line":2,"column":57},"end":{"line":11,"column":1}},"line":2},"1":{"name":"(anonymous_1)","decl":{"start":{"line":4,"column":47},"end":{"line":4,"column":48}},"loc":{"start":{"line":4,"column":63},"end":{"line":4,"column":83}},"line":4},"2":{"name":"(anonymous_2)","decl":{"start":{"line":5,"column":8},"end":{"line":5,"column":9}},"loc":{"start":{"line":5,"column":24},"end":{"line":5,"column":82}},"line":5},"3":{"name":"(anonymous_3)","decl":{"start":{"line":6,"column":11},"end":{"line":6,"column":12}},"loc":{"start":{"line":6,"column":27},"end":{"line":10,"column":5}},"line":6},"4":{"name":"__","decl":{"start":{"line":8,"column":17},"end":{"line":8,"column":19}},"loc":{"start":{"line":8,"column":22},"end":{"line":8,"column":47}},"line":8},"5":{"name":"(anonymous_5)","decl":{"start":{"line":14,"column":21},"end":{"line":14,"column":22}},"loc":{"start":{"line":14,"column":39},"end":{"line":41,"column":1}},"line":14},"6":{"name":"TestComponent","decl":{"start":{"line":16,"column":13},"end":{"line":16,"column":26}},"loc":{"start":{"line":16,"column":29},"end":{"line":22,"column":5}},"line":16},"7":{"name":"(anonymous_7)","decl":{"start":{"line":23,"column":37},"end":{"line":23,"column":38}},"loc":{"start":{"line":23,"column":49},"end":{"line":29,"column":5}},"line":23},"8":{"name":"(anonymous_8)","decl":{"start":{"line":28,"column":71},"end":{"line":28,"column":72}},"loc":{"start":{"line":28,"column":84},"end":{"line":28,"column":115}},"line":28},"9":{"name":"(anonymous_9)","decl":{"start":{"line":30,"column":42},"end":{"line":30,"column":43}},"loc":{"start":{"line":30,"column":54},"end":{"line":34,"column":5}},"line":30},"10":{"name":"(anonymous_10)","decl":{"start":{"line":35,"column":48},"end":{"line":35,"column":49}},"loc":{"start":{"line":35,"column":60},"end":{"line":39,"column":5}},"line":35}},"branchMap":{"0":{"loc":{"start":{"line":2,"column":16},"end":{"line":11,"column":4}},"type":"binary-expr","locations":[{"start":{"line":2,"column":17},"end":{"line":2,"column":21}},{"start":{"line":2,"column":25},"end":{"line":2,"column":39}},{"start":{"line":2,"column":44},"end":{"line":11,"column":4}}],"line":2},"1":{"loc":{"start":{"line":3,"column":24},"end":{"line":5,"column":82}},"type":"binary-expr","locations":[{"start":{"line":3,"column":24},"end":{"line":3,"column":45}},{"start":{"line":4,"column":9},"end":{"line":4,"column":43}},{"start":{"line":4,"column":47},"end":{"line":4,"column":83}},{"start":{"line":5,"column":8},"end":{"line":5,"column":82}}],"line":3},"2":{"loc":{"start":{"line":5,"column":43},"end":{"line":5,"column":80}},"type":"if","locations":[{"start":{"line":5,"column":43},"end":{"line":5,"column":80}},{"start":{"line":5,"column":43},"end":{"line":5,"column":80}}],"line":5},"3":{"loc":{"start":{"line":9,"column":22},"end":{"line":9,"column":92}},"type":"cond-expr","locations":[{"start":{"line":9,"column":35},"end":{"line":9,"column":51}},{"start":{"line":9,"column":55},"end":{"line":9,"column":91}}],"line":9},"4":{"loc":{"start":{"line":17,"column":20},"end":{"line":17,"column":76}},"type":"binary-expr","locations":[{"start":{"line":17,"column":20},"end":{"line":17,"column":35}},{"start":{"line":17,"column":39},"end":{"line":17,"column":68}},{"start":{"line":17,"column":72},"end":{"line":17,"column":76}}],"line":17}},"s":{"0":1,"1":1,"2":0,"3":0,"4":0,"5":0,"6":1,"7":1,"8":1,"9":1,"10":1,"11":1,"12":1,"13":1,"14":6,"15":6,"16":6,"17":1,"18":12,"19":12,"20":12,"21":1,"22":1,"23":1,"24":1,"25":5,"26":1,"27":1},"f":{"0":1,"1":0,"2":0,"3":1,"4":1,"5":1,"6":6,"7":12,"8":1,"9":1,"10":5},"b":{"0":[1,1,1],"1":[1,0,0,0],"2":[0,0],"3":[0,1],"4":[6,6,6]},"inputSourceMap":{"version":3,"file":"TestComponent.js","sourceRoot":"","sources":["TestComponent.tsx"],"names":[],"mappings":";;;;;;;;;;;;AAAA,6BAA+B;AAM/B;IAA2C,iCAA2B;IAAtE;QAAA,qEAuBC;QAtBQ,WAAK,GAAG;YACb,IAAI,EAAE,0BAA0B;SACjC,CAAC;;IAoBJ,CAAC;IAnBQ,8BAAM,GAAb;QAAA,iBAQC;QAPS,IAAA,sBAAI,CAAgB;QAC5B,MAAM,CAAC,CACL,6BAAK,SAAS,EAAC,WAAW;YACxB,6BAAK,SAAS,EAAC,OAAO,IAAE,IAAI,CAAO;YACnC,gCAAQ,SAAS,EAAC,KAAK,EAAC,OAAO,EAAE,UAAC,CAAC,IAAK,OAAA,KAAI,CAAC,WAAW,EAAE,EAAlB,CAAkB,YAAgB,CACtE,CACP,CAAC;IACJ,CAAC;IACO,mCAAW,GAAnB;QACE,IAAI,CAAC,QAAQ,CAAC;YACZ,IAAI,EAAE,oBAAoB;SAC3B,CAAC,CAAC;IACL,CAAC;IACM,yCAAiB,GAAxB;QACE,IAAI,CAAC,QAAQ,CAAC;YACZ,IAAI,EAAE,0BAA0B;SACjC,CAAC,CAAC;IACL,CAAC;IACH,oBAAC;AAAD,CAAC,AAvBD,CAA2C,KAAK,CAAC,SAAS,GAuBzD","sourcesContent":["import * as React from \"react\";\r\n\r\nexport interface IState {\r\n  text?: string;\r\n}\r\n\r\nexport default class TestComponent extends React.Component<{}, IState>{\r\n  public state = {\r\n    text: 'this is a test component'\r\n  };\r\n  public render() {\r\n    const { text } = this.state;\r\n    return (\r\n      <div className='container'>\r\n        <div className='label'>{text}</div>\r\n        <button className='btn' onClick={(e) => this.handleClick()}>Click</button>\r\n      </div>\r\n    );\r\n  }\r\n  private handleClick() {\r\n    this.setState({\r\n      text: 'button has clicked'\r\n    });\r\n  }\r\n  public componentDidMount() {\r\n    this.setState({\r\n      text: 'this is the changed text'\r\n    });\r\n  }\r\n}"]},"_coverageSchema":"332fd63041d2c1bcb487cc26dd0d5f7d97098a6c","hash":"a83ae42ef49d0454c5342889e3d72662fc473e44"}
,"C:\\Users\\achakraborty\\source\\repos\\NW.Projects.Albertson.VendorPortalEnhancements\\src\\webparts\\albertsonVendorWarning\\interfaces\\AlbertsonDomainInterfaces.ts": {"path":"C:\\Users\\achakraborty\\source\\repos\\NW.Projects.Albertson.VendorPortalEnhancements\\src\\webparts\\albertsonVendorWarning\\interfaces\\AlbertsonDomainInterfaces.ts","statementMap":{"0":{"start":{"line":2,"column":0},"end":{"line":2,"column":62}},"1":{"start":{"line":4,"column":0},"end":{"line":8,"column":59}},"2":{"start":{"line":5,"column":4},"end":{"line":5,"column":46}},"3":{"start":{"line":6,"column":4},"end":{"line":6,"column":48}},"4":{"start":{"line":7,"column":4},"end":{"line":7,"column":62}},"5":{"start":{"line":10,"column":0},"end":{"line":13,"column":47}},"6":{"start":{"line":11,"column":4},"end":{"line":11,"column":38}},"7":{"start":{"line":12,"column":4},"end":{"line":12,"column":38}}},"fnMap":{"0":{"name":"(anonymous_0)","decl":{"start":{"line":4,"column":1},"end":{"line":4,"column":2}},"loc":{"start":{"line":4,"column":21},"end":{"line":8,"column":1}},"line":4},"1":{"name":"(anonymous_1)","decl":{"start":{"line":10,"column":1},"end":{"line":10,"column":2}},"loc":{"start":{"line":10,"column":17},"end":{"line":13,"column":1}},"line":10}},"branchMap":{"0":{"loc":{"start":{"line":8,"column":14},"end":{"line":8,"column":57}},"type":"binary-expr","locations":[{"start":{"line":8,"column":14},"end":{"line":8,"column":30}},{"start":{"line":8,"column":35},"end":{"line":8,"column":56}}],"line":8},"1":{"loc":{"start":{"line":13,"column":10},"end":{"line":13,"column":45}},"type":"binary-expr","locations":[{"start":{"line":13,"column":10},"end":{"line":13,"column":22}},{"start":{"line":13,"column":27},"end":{"line":13,"column":44}}],"line":13}},"s":{"0":1,"1":1,"2":1,"3":1,"4":1,"5":1,"6":1,"7":1},"f":{"0":1,"1":1},"b":{"0":[1,1],"1":[1,1]},"inputSourceMap":{"version":3,"file":"AlbertsonDomainInterfaces.js","sourceRoot":"","sources":["AlbertsonDomainInterfaces.ts"],"names":[],"mappings":";;AAiBA,IAAY,QAIX;AAJD,WAAY,QAAQ;IAClB,yCAAK,CAAA;IACL,2CAAM,CAAA;IACN,yDAAa,CAAA;AACf,CAAC,EAJW,QAAQ,GAAR,gBAAQ,KAAR,gBAAQ,QAInB;AAyED,IAAY,IAGX;AAHD,WAAY,IAAI;IACd,iCAAS,CAAA;IACT,iCAAS,CAAA;AACX,CAAC,EAHW,IAAI,GAAJ,YAAI,KAAJ,YAAI,QAGf","sourcesContent":["\r\nexport type VendorOptions = {\r\n  value?: string;\r\n  label?: string;\r\n};\r\n\r\nexport interface ISite {\r\n  Id?: string;\r\n  MasterUrl?: string;\r\n  CustomMasterUrl?: string;\r\n  ServerRelativeUrl?: string;\r\n  Title?: string;\r\n  Description?: string;\r\n  Url?: string;\r\n  IsCurrentSubSite?: boolean;\r\n}\r\n\r\nexport enum UserRole {\r\n  Admin,\r\n  Vendor,\r\n  VendorManager\r\n}\r\nexport type UserGroup = {\r\n  Description?: string;\r\n  Id?: number;\r\n  LoginName?: string;\r\n  OnlyAllowMembersViewMembership?: boolean;\r\n  OwnerTitle?: string;\r\n  PrincipalType?: string;\r\n  Title?: string;\r\n};\r\nexport interface IUserManager {\r\n  Id?: number;\r\n  Email?: string;\r\n  IsEmailAuthenticationGuestUser?: boolean;\r\n  IsShareByEmailGuestUser?: boolean;\r\n  IsSiteAdmin?: boolean;\r\n  Title?: string;\r\n  LoginName?: string;\r\n  PrincipalType?: string;\r\n  Role?: UserRole;\r\n  UserGroups?: UserGroup[];\r\n}\r\nexport interface IUPC {\r\n  upcpart1?: string;\r\n  upcpart2?: string;\r\n  upcpart3?: string;\r\n  upcpart4?: string;\r\n}\r\nexport interface IVendorComplain {\r\n  key: number;\r\n  upc?: IUPC;\r\n  gtin?: string;\r\n  corporateItemCode?: string;\r\n  warningText?: string;\r\n  itemDescription?: string;\r\n  isProp65?: string;\r\n  isOnLabel?: string;\r\n  foodInd?: string;\r\n  effFromDate?: Date;\r\n  isEditable: boolean;\r\n  isCloned: boolean;\r\n  clonedFrom?: number;\r\n}\r\n\r\nexport interface IAttachmentProps {\r\n  userid?: string;\r\n  name?: string;\r\n  email?: string;\r\n  phone?: string;\r\n  company?: string;\r\n  vendNum?: string;\r\n  vendName?: string;\r\n  files?: IAttachment[];\r\n  setFiles: Function;\r\n  _toggleSpinner: Function;\r\n  changeStep: Function;\r\n  _showAlertDialog:Function;\r\n  _showConfirmDialog:Function;\r\n}\r\n\r\nexport interface IAttachment {\r\n  key?: number;\r\n  name?: string;\r\n  uploadTimeStamp?: string;\r\n  serverRelativeUrl?: string;\r\n}\r\n\r\nexport interface IModalData {\r\n  key?: string;\r\n  value?: string;\r\n  index?: number;\r\n}\r\n\r\nexport enum Step {\r\n  step1 = 1,\r\n  step2 = 2\r\n}\r\nexport interface IContactInfo {\r\n  firstname?: string;\r\n  lastname?: string;\r\n  email?: string;\r\n  phone?: string;\r\n  employer?: string;\r\n}\r\n\r\nexport interface IVendorInfo {\r\n  vendNum?: string;\r\n  vendName?: string;\r\n}\r\n\r\nexport interface IValidationError {\r\n  errors?: IValidationFields[];\r\n  hasError?: boolean;\r\n}\r\n\r\nexport interface IValidationFields {\r\n  field?: string;\r\n  errorMessage?: string;\r\n}\r\n\r\nexport interface IContactModalData {\r\n  subject?: string;\r\n  body?: string;\r\n}\r\n\r\n"]},"_coverageSchema":"332fd63041d2c1bcb487cc26dd0d5f7d97098a6c","hash":"5fa1975479c66cd69863ca1a5637ca0da0f5b049"}
}
