TN:
SF:C:\Users\achakraborty\source\repos\NW.Projects.Albertson.VendorPortalEnhancements\src\webparts\albertsonVendorWarning\components\AlbertsonConstants.ts
FNF:0
FNH:0
DA:2,1
DA:3,1
DA:30,1
DA:42,1
DA:89,1
DA:239,1
DA:251,1
LF:7
LH:7
BRF:0
BRH:0
end_of_record
TN:
SF:C:\Users\achakraborty\source\repos\NW.Projects.Albertson.VendorPortalEnhancements\src\webparts\albertsonVendorWarning\components\AlbertsonContactInfo.tsx
FN:2,(anonymous_0)
FN:4,(anonymous_1)
FN:5,(anonymous_2)
FN:6,(anonymous_3)
FN:8,__
FN:12,(anonymous_5)
FN:20,(anonymous_6)
FN:21,(anonymous_7)
FN:22,fulfilled
FN:23,rejected
FN:24,step
FN:24,(anonymous_11)
FN:28,(anonymous_12)
FN:29,(anonymous_13)
FN:30,(anonymous_14)
FN:31,verb
FN:31,(anonymous_16)
FN:32,step
FN:86,(anonymous_18)
FN:88,AlbertsonContactInfo
FN:90,(anonymous_20)
FN:91,(anonymous_21)
FN:92,(anonymous_22)
FN:93,(anonymous_23)
FN:100,(anonymous_24)
FN:101,(anonymous_25)
FN:120,(anonymous_26)
FN:125,(anonymous_27)
FN:131,(anonymous_28)
FN:142,(anonymous_29)
FN:149,(anonymous_30)
FN:150,(anonymous_31)
FN:152,(anonymous_32)
FN:153,(anonymous_33)
FN:157,(anonymous_34)
FN:159,(anonymous_35)
FN:170,(anonymous_36)
FN:176,(anonymous_37)
FN:181,(anonymous_38)
FN:182,(anonymous_39)
FN:184,(anonymous_40)
FN:185,(anonymous_41)
FN:195,(anonymous_42)
FN:195,(anonymous_43)
FN:196,(anonymous_44)
FN:203,(anonymous_45)
FN:203,(anonymous_46)
FN:205,(anonymous_47)
FN:222,(anonymous_48)
FN:248,(anonymous_49)
FN:250,(anonymous_50)
FN:251,(anonymous_51)
FN:253,(anonymous_52)
FN:254,(anonymous_53)
FN:257,(anonymous_54)
FN:258,(anonymous_55)
FN:266,(anonymous_56)
FN:267,(anonymous_57)
FN:267,(anonymous_58)
FN:276,(anonymous_59)
FN:277,(anonymous_60)
FN:278,(anonymous_61)
FN:296,(anonymous_62)
FN:297,(anonymous_63)
FN:298,(anonymous_64)
FN:310,(anonymous_65)
FN:316,(anonymous_66)
FN:325,(anonymous_67)
FN:328,(anonymous_68)
FN:332,(anonymous_69)
FN:334,(anonymous_70)
FN:338,(anonymous_71)
FN:342,(anonymous_72)
FN:346,(anonymous_73)
FN:350,(anonymous_74)
FN:355,(anonymous_75)
FN:362,(anonymous_76)
FN:369,(anonymous_77)
FN:382,(anonymous_78)
FN:387,(anonymous_79)
FN:392,(anonymous_80)
FN:397,(anonymous_81)
FN:417,(anonymous_82)
FN:422,(anonymous_83)
FN:422,(anonymous_84)
FN:425,(anonymous_85)
FN:425,(anonymous_86)
FN:428,(anonymous_87)
FN:428,(anonymous_88)
FN:431,(anonymous_89)
FN:431,(anonymous_90)
FN:435,(anonymous_91)
FN:438,(anonymous_92)
FN:442,(anonymous_93)
FN:449,(anonymous_94)
FN:452,(anonymous_95)
FN:455,(anonymous_96)
FN:457,(anonymous_97)
FN:463,(anonymous_98)
FN:464,(anonymous_99)
FN:469,(anonymous_100)
FN:480,(anonymous_101)
FN:482,(anonymous_102)
FN:483,(anonymous_103)
FN:498,(anonymous_104)
FN:500,(anonymous_105)
FN:501,(anonymous_106)
FN:505,(anonymous_107)
FN:508,(anonymous_108)
FN:512,(anonymous_109)
FN:518,(anonymous_110)
FN:527,(anonymous_111)
FN:535,(anonymous_112)
FN:543,(anonymous_113)
FN:556,(anonymous_114)
FN:557,(anonymous_115)
FN:559,(anonymous_116)
FN:571,(anonymous_117)
FN:577,(anonymous_118)
FN:578,(anonymous_119)
FN:579,(anonymous_120)
FN:580,(anonymous_121)
FN:581,(anonymous_122)
FN:583,(anonymous_123)
FN:584,(anonymous_124)
FN:585,(anonymous_125)
FN:591,(anonymous_126)
FN:600,(anonymous_127)
FN:606,(anonymous_128)
FN:615,(anonymous_129)
FN:621,(anonymous_130)
FN:630,(anonymous_131)
FN:636,(anonymous_132)
FN:645,(anonymous_133)
FN:651,(anonymous_134)
FN:690,(anonymous_135)
FN:697,(anonymous_136)
FN:701,(anonymous_137)
FN:705,(anonymous_138)
FN:709,(anonymous_139)
FN:713,(anonymous_140)
FN:717,(anonymous_141)
FN:755,(anonymous_142)
FN:760,(anonymous_143)
FNF:144
FNH:4
FNDA:1,(anonymous_0)
FNDA:0,(anonymous_1)
FNDA:0,(anonymous_2)
FNDA:1,(anonymous_3)
FNDA:1,__
FNDA:0,(anonymous_5)
FNDA:0,(anonymous_6)
FNDA:0,(anonymous_7)
FNDA:0,fulfilled
FNDA:0,rejected
FNDA:0,step
FNDA:0,(anonymous_11)
FNDA:0,(anonymous_12)
FNDA:0,(anonymous_13)
FNDA:0,(anonymous_14)
FNDA:0,verb
FNDA:0,(anonymous_16)
FNDA:0,step
FNDA:1,(anonymous_18)
FNDA:0,AlbertsonContactInfo
FNDA:0,(anonymous_20)
FNDA:0,(anonymous_21)
FNDA:0,(anonymous_22)
FNDA:0,(anonymous_23)
FNDA:0,(anonymous_24)
FNDA:0,(anonymous_25)
FNDA:0,(anonymous_26)
FNDA:0,(anonymous_27)
FNDA:0,(anonymous_28)
FNDA:0,(anonymous_29)
FNDA:0,(anonymous_30)
FNDA:0,(anonymous_31)
FNDA:0,(anonymous_32)
FNDA:0,(anonymous_33)
FNDA:0,(anonymous_34)
FNDA:0,(anonymous_35)
FNDA:0,(anonymous_36)
FNDA:0,(anonymous_37)
FNDA:0,(anonymous_38)
FNDA:0,(anonymous_39)
FNDA:0,(anonymous_40)
FNDA:0,(anonymous_41)
FNDA:0,(anonymous_42)
FNDA:0,(anonymous_43)
FNDA:0,(anonymous_44)
FNDA:0,(anonymous_45)
FNDA:0,(anonymous_46)
FNDA:0,(anonymous_47)
FNDA:0,(anonymous_48)
FNDA:0,(anonymous_49)
FNDA:0,(anonymous_50)
FNDA:0,(anonymous_51)
FNDA:0,(anonymous_52)
FNDA:0,(anonymous_53)
FNDA:0,(anonymous_54)
FNDA:0,(anonymous_55)
FNDA:0,(anonymous_56)
FNDA:0,(anonymous_57)
FNDA:0,(anonymous_58)
FNDA:0,(anonymous_59)
FNDA:0,(anonymous_60)
FNDA:0,(anonymous_61)
FNDA:0,(anonymous_62)
FNDA:0,(anonymous_63)
FNDA:0,(anonymous_64)
FNDA:0,(anonymous_65)
FNDA:0,(anonymous_66)
FNDA:0,(anonymous_67)
FNDA:0,(anonymous_68)
FNDA:0,(anonymous_69)
FNDA:0,(anonymous_70)
FNDA:0,(anonymous_71)
FNDA:0,(anonymous_72)
FNDA:0,(anonymous_73)
FNDA:0,(anonymous_74)
FNDA:0,(anonymous_75)
FNDA:0,(anonymous_76)
FNDA:0,(anonymous_77)
FNDA:0,(anonymous_78)
FNDA:0,(anonymous_79)
FNDA:0,(anonymous_80)
FNDA:0,(anonymous_81)
FNDA:0,(anonymous_82)
FNDA:0,(anonymous_83)
FNDA:0,(anonymous_84)
FNDA:0,(anonymous_85)
FNDA:0,(anonymous_86)
FNDA:0,(anonymous_87)
FNDA:0,(anonymous_88)
FNDA:0,(anonymous_89)
FNDA:0,(anonymous_90)
FNDA:0,(anonymous_91)
FNDA:0,(anonymous_92)
FNDA:0,(anonymous_93)
FNDA:0,(anonymous_94)
FNDA:0,(anonymous_95)
FNDA:0,(anonymous_96)
FNDA:0,(anonymous_97)
FNDA:0,(anonymous_98)
FNDA:0,(anonymous_99)
FNDA:0,(anonymous_100)
FNDA:0,(anonymous_101)
FNDA:0,(anonymous_102)
FNDA:0,(anonymous_103)
FNDA:0,(anonymous_104)
FNDA:0,(anonymous_105)
FNDA:0,(anonymous_106)
FNDA:0,(anonymous_107)
FNDA:0,(anonymous_108)
FNDA:0,(anonymous_109)
FNDA:0,(anonymous_110)
FNDA:0,(anonymous_111)
FNDA:0,(anonymous_112)
FNDA:0,(anonymous_113)
FNDA:0,(anonymous_114)
FNDA:0,(anonymous_115)
FNDA:0,(anonymous_116)
FNDA:0,(anonymous_117)
FNDA:0,(anonymous_118)
FNDA:0,(anonymous_119)
FNDA:0,(anonymous_120)
FNDA:0,(anonymous_121)
FNDA:0,(anonymous_122)
FNDA:0,(anonymous_123)
FNDA:0,(anonymous_124)
FNDA:0,(anonymous_125)
FNDA:0,(anonymous_126)
FNDA:0,(anonymous_127)
FNDA:0,(anonymous_128)
FNDA:0,(anonymous_129)
FNDA:0,(anonymous_130)
FNDA:0,(anonymous_131)
FNDA:0,(anonymous_132)
FNDA:0,(anonymous_133)
FNDA:0,(anonymous_134)
FNDA:0,(anonymous_135)
FNDA:0,(anonymous_136)
FNDA:0,(anonymous_137)
FNDA:0,(anonymous_138)
FNDA:0,(anonymous_139)
FNDA:0,(anonymous_140)
FNDA:0,(anonymous_141)
FNDA:0,(anonymous_142)
FNDA:0,(anonymous_143)
DA:2,1
DA:3,1
DA:4,0
DA:5,0
DA:6,1
DA:7,1
DA:8,1
DA:9,1
DA:12,1
DA:13,0
DA:14,0
DA:15,0
DA:16,0
DA:18,0
DA:20,1
DA:21,0
DA:22,0
DA:23,0
DA:24,0
DA:25,0
DA:28,1
DA:29,0
DA:30,0
DA:31,0
DA:33,0
DA:34,0
DA:35,0
DA:36,0
DA:37,0
DA:38,0
DA:39,0
DA:40,0
DA:41,0
DA:43,0
DA:44,0
DA:45,0
DA:46,0
DA:47,0
DA:48,0
DA:50,0
DA:51,0
DA:52,0
DA:55,1
DA:56,1
DA:57,1
DA:58,1
DA:59,1
DA:60,1
DA:61,1
DA:62,1
DA:63,1
DA:64,1
DA:65,1
DA:66,1
DA:67,1
DA:68,1
DA:69,1
DA:70,1
DA:71,1
DA:72,1
DA:86,1
DA:87,1
DA:89,0
DA:90,0
DA:91,0
DA:92,0
DA:93,0
DA:97,0
DA:98,0
DA:99,0
DA:100,0
DA:101,0
DA:102,0
DA:107,0
DA:110,0
DA:112,0
DA:119,0
DA:120,0
DA:121,0
DA:125,0
DA:126,0
DA:131,0
DA:132,0
DA:133,0
DA:134,0
DA:135,0
DA:136,0
DA:138,0
DA:141,0
DA:142,0
DA:143,0
DA:144,0
DA:149,0
DA:150,0
DA:151,0
DA:152,0
DA:153,0
DA:154,0
DA:155,0
DA:156,0
DA:157,0
DA:158,0
DA:159,0
DA:160,0
DA:170,0
DA:171,0
DA:176,0
DA:177,0
DA:181,0
DA:182,0
DA:183,0
DA:184,0
DA:185,0
DA:186,0
DA:187,0
DA:188,0
DA:195,0
DA:196,0
DA:197,0
DA:198,0
DA:199,0
DA:203,0
DA:205,0
DA:206,0
DA:208,0
DA:215,0
DA:217,0
DA:218,0
DA:219,0
DA:221,0
DA:222,0
DA:231,0
DA:232,0
DA:244,0
DA:248,0
DA:249,0
DA:250,0
DA:251,0
DA:252,0
DA:254,0
DA:255,0
DA:257,0
DA:258,0
DA:259,0
DA:261,0
DA:266,0
DA:267,0
DA:273,0
DA:276,0
DA:277,0
DA:278,0
DA:293,0
DA:296,0
DA:297,0
DA:298,0
DA:307,0
DA:310,0
DA:311,0
DA:312,0
DA:316,0
DA:317,0
DA:318,0
DA:319,0
DA:320,0
DA:321,0
DA:322,0
DA:323,0
DA:324,0
DA:326,0
DA:327,0
DA:329,0
DA:330,0
DA:333,0
DA:335,0
DA:336,0
DA:339,0
DA:340,0
DA:343,0
DA:344,0
DA:347,0
DA:348,0
DA:349,0
DA:351,0
DA:352,0
DA:355,0
DA:356,0
DA:357,0
DA:362,0
DA:363,0
DA:364,0
DA:369,0
DA:370,0
DA:371,0
DA:372,0
DA:373,0
DA:374,0
DA:375,0
DA:377,0
DA:382,0
DA:383,0
DA:387,0
DA:388,0
DA:392,0
DA:393,0
DA:397,0
DA:398,0
DA:399,0
DA:400,0
DA:401,0
DA:402,0
DA:404,0
DA:405,0
DA:408,0
DA:417,0
DA:418,0
DA:422,0
DA:423,0
DA:425,0
DA:426,0
DA:428,0
DA:429,0
DA:431,0
DA:432,0
DA:433,0
DA:435,0
DA:436,0
DA:438,0
DA:439,0
DA:440,0
DA:441,0
DA:442,0
DA:443,0
DA:444,0
DA:449,0
DA:450,0
DA:452,0
DA:453,0
DA:454,0
DA:455,0
DA:456,0
DA:458,0
DA:459,0
DA:460,0
DA:463,0
DA:464,0
DA:465,0
DA:466,0
DA:469,0
DA:470,0
DA:479,0
DA:480,0
DA:482,0
DA:483,0
DA:497,0
DA:498,0
DA:500,0
DA:501,0
DA:505,0
DA:506,0
DA:508,0
DA:509,0
DA:511,0
DA:512,0
DA:513,0
DA:518,0
DA:519,0
DA:520,0
DA:521,0
DA:526,0
DA:527,0
DA:528,0
DA:529,0
DA:535,0
DA:536,0
DA:537,0
DA:538,0
DA:542,0
DA:543,0
DA:544,0
DA:545,0
DA:551,0
DA:552,0
DA:553,0
DA:554,0
DA:556,1
DA:557,0
DA:559,0
DA:560,0
DA:561,0
DA:562,0
DA:563,0
DA:564,0
DA:567,0
DA:571,1
DA:572,0
DA:573,0
DA:574,0
DA:575,0
DA:576,0
DA:577,0
DA:578,0
DA:579,0
DA:580,0
DA:581,0
DA:582,0
DA:583,0
DA:584,0
DA:585,0
DA:586,0
DA:590,0
DA:592,0
DA:593,0
DA:597,0
DA:600,0
DA:601,0
DA:605,0
DA:607,0
DA:608,0
DA:612,0
DA:615,0
DA:616,0
DA:620,0
DA:622,0
DA:623,0
DA:627,0
DA:630,0
DA:631,0
DA:635,0
DA:637,0
DA:638,0
DA:642,0
DA:645,0
DA:646,0
DA:650,0
DA:652,0
DA:653,0
DA:657,0
DA:660,0
DA:661,0
DA:665,0
DA:668,0
DA:669,0
DA:670,0
DA:674,0
DA:677,0
DA:678,0
DA:679,0
DA:683,0
DA:688,0
DA:690,1
DA:691,0
DA:692,0
DA:696,0
DA:697,0
DA:698,0
DA:699,0
DA:701,0
DA:702,0
DA:703,0
DA:705,0
DA:706,0
DA:707,0
DA:709,0
DA:710,0
DA:711,0
DA:713,0
DA:714,0
DA:715,0
DA:717,0
DA:718,0
DA:719,0
DA:721,0
DA:725,0
DA:726,0
DA:727,0
DA:755,0
DA:760,0
DA:787,0
DA:788,0
DA:824,0
DA:826,0
DA:827,0
DA:828,0
DA:832,0
DA:833,0
DA:834,0
DA:838,0
DA:839,0
DA:844,0
DA:873,1
DA:875,1
LF:391
LH:34
BRDA:2,0,0,1
BRDA:2,0,1,1
BRDA:2,0,2,1
BRDA:3,1,0,1
BRDA:3,1,1,0
BRDA:3,1,2,0
BRDA:3,1,3,0
BRDA:5,2,0,0
BRDA:5,2,1,0
BRDA:9,3,0,0
BRDA:9,3,1,1
BRDA:12,4,0,1
BRDA:12,4,1,1
BRDA:12,4,2,1
BRDA:12,4,3,0
BRDA:15,5,0,0
BRDA:15,5,1,0
BRDA:20,6,0,1
BRDA:20,6,1,1
BRDA:20,6,2,1
BRDA:21,7,0,0
BRDA:21,7,1,0
BRDA:24,8,0,0
BRDA:24,8,1,0
BRDA:25,9,0,0
BRDA:25,9,1,0
BRDA:28,10,0,1
BRDA:28,10,1,1
BRDA:28,10,2,1
BRDA:29,11,0,0
BRDA:29,11,1,0
BRDA:30,12,0,0
BRDA:30,12,1,0
BRDA:33,13,0,0
BRDA:33,13,1,0
BRDA:35,14,0,0
BRDA:35,14,1,0
BRDA:35,15,0,0
BRDA:35,15,1,0
BRDA:35,15,2,0
BRDA:35,16,0,0
BRDA:35,16,1,0
BRDA:35,17,0,0
BRDA:35,17,1,0
BRDA:36,18,0,0
BRDA:36,18,1,0
BRDA:37,19,0,0
BRDA:37,19,1,0
BRDA:37,19,2,0
BRDA:37,19,3,0
BRDA:37,19,4,0
BRDA:37,19,5,0
BRDA:43,20,0,0
BRDA:43,20,1,0
BRDA:43,21,0,0
BRDA:43,21,1,0
BRDA:43,21,2,0
BRDA:43,22,0,0
BRDA:43,22,1,0
BRDA:44,23,0,0
BRDA:44,23,1,0
BRDA:44,24,0,0
BRDA:44,24,1,0
BRDA:44,24,2,0
BRDA:44,24,3,0
BRDA:45,25,0,0
BRDA:45,25,1,0
BRDA:45,26,0,0
BRDA:45,26,1,0
BRDA:46,27,0,0
BRDA:46,27,1,0
BRDA:46,28,0,0
BRDA:46,28,1,0
BRDA:47,29,0,0
BRDA:47,29,1,0
BRDA:52,30,0,0
BRDA:52,30,1,0
BRDA:52,31,0,0
BRDA:52,31,1,0
BRDA:89,32,0,0
BRDA:89,32,1,0
BRDA:99,33,0,0
BRDA:99,33,1,0
BRDA:99,34,0,0
BRDA:99,34,1,0
BRDA:102,35,0,0
BRDA:102,35,1,0
BRDA:102,36,0,0
BRDA:102,36,1,0
BRDA:119,37,0,0
BRDA:119,37,1,0
BRDA:133,38,0,0
BRDA:133,38,1,0
BRDA:158,39,0,0
BRDA:158,39,1,0
BRDA:158,40,0,0
BRDA:158,40,1,0
BRDA:186,41,0,0
BRDA:186,41,1,0
BRDA:186,42,0,0
BRDA:186,42,1,0
BRDA:197,43,0,0
BRDA:197,43,1,0
BRDA:206,44,0,0
BRDA:206,44,1,0
BRDA:206,44,2,0
BRDA:223,45,0,0
BRDA:223,45,1,0
BRDA:231,46,0,0
BRDA:231,46,1,0
BRDA:269,47,0,0
BRDA:269,47,1,0
BRDA:285,48,0,0
BRDA:285,48,1,0
BRDA:286,49,0,0
BRDA:286,49,1,0
BRDA:287,50,0,0
BRDA:287,50,1,0
BRDA:356,51,0,0
BRDA:356,51,1,0
BRDA:363,52,0,0
BRDA:363,52,1,0
BRDA:373,53,0,0
BRDA:373,53,1,0
BRDA:373,54,0,0
BRDA:373,54,1,0
BRDA:400,55,0,0
BRDA:400,55,1,0
BRDA:400,56,0,0
BRDA:400,56,1,0
BRDA:404,57,0,0
BRDA:404,57,1,0
BRDA:432,58,0,0
BRDA:432,58,1,0
BRDA:465,59,0,0
BRDA:465,59,1,0
BRDA:492,60,0,0
BRDA:492,60,1,0
BRDA:493,61,0,0
BRDA:493,61,1,0
BRDA:494,62,0,0
BRDA:494,62,1,0
BRDA:495,63,0,0
BRDA:495,63,1,0
BRDA:520,64,0,0
BRDA:520,64,1,0
BRDA:537,65,0,0
BRDA:537,65,1,0
BRDA:560,66,0,0
BRDA:560,66,1,0
BRDA:574,67,0,0
BRDA:574,67,1,0
BRDA:585,68,0,0
BRDA:585,68,1,0
BRDA:585,69,0,0
BRDA:585,69,1,0
BRDA:592,70,0,0
BRDA:592,70,1,0
BRDA:600,71,0,0
BRDA:600,71,1,0
BRDA:600,72,0,0
BRDA:600,72,1,0
BRDA:607,73,0,0
BRDA:607,73,1,0
BRDA:615,74,0,0
BRDA:615,74,1,0
BRDA:615,75,0,0
BRDA:615,75,1,0
BRDA:622,76,0,0
BRDA:622,76,1,0
BRDA:630,77,0,0
BRDA:630,77,1,0
BRDA:630,78,0,0
BRDA:630,78,1,0
BRDA:637,79,0,0
BRDA:637,79,1,0
BRDA:645,80,0,0
BRDA:645,80,1,0
BRDA:645,81,0,0
BRDA:645,81,1,0
BRDA:652,82,0,0
BRDA:652,82,1,0
BRDA:660,83,0,0
BRDA:660,83,1,0
BRDA:660,84,0,0
BRDA:660,84,1,0
BRDA:660,84,2,0
BRDA:660,84,3,0
BRDA:668,85,0,0
BRDA:668,85,1,0
BRDA:669,86,0,0
BRDA:669,86,1,0
BRDA:677,87,0,0
BRDA:677,87,1,0
BRDA:678,88,0,0
BRDA:678,88,1,0
BRDA:693,89,0,0
BRDA:693,89,1,0
BRDA:694,90,0,0
BRDA:694,90,1,0
BRDA:698,91,0,0
BRDA:698,91,1,0
BRDA:698,92,0,0
BRDA:698,92,1,0
BRDA:702,93,0,0
BRDA:702,93,1,0
BRDA:702,94,0,0
BRDA:702,94,1,0
BRDA:706,95,0,0
BRDA:706,95,1,0
BRDA:706,96,0,0
BRDA:706,96,1,0
BRDA:710,97,0,0
BRDA:710,97,1,0
BRDA:710,98,0,0
BRDA:710,98,1,0
BRDA:714,99,0,0
BRDA:714,99,1,0
BRDA:714,100,0,0
BRDA:714,100,1,0
BRDA:718,101,0,0
BRDA:718,101,1,0
BRDA:718,102,0,0
BRDA:718,102,1,0
BRDA:726,103,0,0
BRDA:726,103,1,0
BRDA:787,104,0,0
BRDA:787,104,1,0
BRDA:799,105,0,0
BRDA:799,105,1,0
BRDA:799,106,0,0
BRDA:799,106,1,0
BRDA:827,107,0,0
BRDA:827,107,1,0
BRDA:832,108,0,0
BRDA:832,108,1,0
BRDA:833,109,0,0
BRDA:833,109,1,0
BRDA:838,110,0,0
BRDA:838,110,1,0
BRDA:870,111,0,0
BRDA:870,111,1,0
BRF:242
BRH:14
end_of_record
TN:
SF:C:\Users\achakraborty\source\repos\NW.Projects.Albertson.VendorPortalEnhancements\src\webparts\albertsonVendorWarning\components\AlbertsonLandingPage.tsx
FN:2,(anonymous_0)
FN:4,(anonymous_1)
FN:5,(anonymous_2)
FN:6,(anonymous_3)
FN:8,__
FN:21,(anonymous_5)
FN:22,(anonymous_6)
FN:24,AlbertsonLandingPage
FN:26,(anonymous_8)
FN:32,(anonymous_9)
FN:38,(anonymous_10)
FN:45,(anonymous_11)
FN:51,(anonymous_12)
FN:58,(anonymous_13)
FN:71,(anonymous_14)
FNF:15
FNH:7
FNDA:1,(anonymous_0)
FNDA:0,(anonymous_1)
FNDA:0,(anonymous_2)
FNDA:1,(anonymous_3)
FNDA:1,__
FNDA:0,(anonymous_5)
FNDA:1,(anonymous_6)
FNDA:3,AlbertsonLandingPage
FNDA:1,(anonymous_8)
FNDA:0,(anonymous_9)
FNDA:0,(anonymous_10)
FNDA:0,(anonymous_11)
FNDA:0,(anonymous_12)
FNDA:0,(anonymous_13)
FNDA:4,(anonymous_14)
DA:2,1
DA:3,1
DA:4,0
DA:5,0
DA:6,1
DA:7,1
DA:8,1
DA:9,1
DA:12,1
DA:13,1
DA:14,1
DA:15,1
DA:16,1
DA:17,1
DA:18,1
DA:19,1
DA:20,1
DA:21,1
DA:22,1
DA:23,1
DA:25,3
DA:26,3
DA:27,1
DA:28,1
DA:32,3
DA:33,0
DA:38,3
DA:39,0
DA:45,3
DA:46,0
DA:51,3
DA:52,0
DA:58,3
DA:59,0
DA:60,0
DA:62,0
DA:64,3
DA:69,3
DA:71,1
DA:72,4
DA:73,4
DA:74,4
DA:97,1
DA:99,1
LF:44
LH:35
BRDA:2,0,0,1
BRDA:2,0,1,1
BRDA:2,0,2,1
BRDA:3,1,0,1
BRDA:3,1,1,0
BRDA:3,1,2,0
BRDA:3,1,3,0
BRDA:5,2,0,0
BRDA:5,2,1,0
BRDA:9,3,0,0
BRDA:9,3,1,1
BRDA:25,4,0,3
BRDA:25,4,1,3
BRDA:59,5,0,0
BRDA:59,5,1,0
BRDA:82,6,0,1
BRDA:82,6,1,3
BRF:17
BRH:9
end_of_record
TN:
SF:C:\Users\achakraborty\source\repos\NW.Projects.Albertson.VendorPortalEnhancements\src\webparts\albertsonVendorWarning\components\AlbertsonLoadLetter.tsx
FN:2,(anonymous_0)
FN:4,(anonymous_1)
FN:5,(anonymous_2)
FN:6,(anonymous_3)
FN:8,__
FN:12,(anonymous_5)
FN:13,(anonymous_6)
FN:14,fulfilled
FN:15,rejected
FN:16,step
FN:16,(anonymous_10)
FN:20,(anonymous_11)
FN:21,(anonymous_12)
FN:22,(anonymous_13)
FN:23,verb
FN:23,(anonymous_15)
FN:24,step
FN:56,(anonymous_17)
FN:58,AlbertsonLoadLetter
FN:60,(anonymous_19)
FN:66,(anonymous_20)
FN:67,(anonymous_21)
FN:72,(anonymous_22)
FN:73,(anonymous_23)
FN:74,(anonymous_24)
FN:74,(anonymous_25)
FN:76,(anonymous_26)
FN:83,(anonymous_27)
FN:92,(anonymous_28)
FN:102,(anonymous_29)
FN:106,(anonymous_30)
FN:110,(anonymous_31)
FN:114,(anonymous_32)
FN:115,(anonymous_33)
FN:116,(anonymous_34)
FN:118,(anonymous_35)
FN:118,(anonymous_36)
FN:121,(anonymous_37)
FN:127,(anonymous_38)
FN:135,(anonymous_39)
FN:162,(anonymous_40)
FN:179,(anonymous_41)
FN:195,(anonymous_42)
FN:204,(anonymous_43)
FN:257,(anonymous_44)
FN:263,(anonymous_45)
FN:264,(anonymous_46)
FN:266,(anonymous_47)
FN:269,(anonymous_48)
FN:275,(anonymous_49)
FN:281,(anonymous_50)
FNF:51
FNH:4
FNDA:1,(anonymous_0)
FNDA:0,(anonymous_1)
FNDA:0,(anonymous_2)
FNDA:1,(anonymous_3)
FNDA:1,__
FNDA:0,(anonymous_5)
FNDA:0,(anonymous_6)
FNDA:0,fulfilled
FNDA:0,rejected
FNDA:0,step
FNDA:0,(anonymous_10)
FNDA:0,(anonymous_11)
FNDA:0,(anonymous_12)
FNDA:0,(anonymous_13)
FNDA:0,verb
FNDA:0,(anonymous_15)
FNDA:0,step
FNDA:1,(anonymous_17)
FNDA:0,AlbertsonLoadLetter
FNDA:0,(anonymous_19)
FNDA:0,(anonymous_20)
FNDA:0,(anonymous_21)
FNDA:0,(anonymous_22)
FNDA:0,(anonymous_23)
FNDA:0,(anonymous_24)
FNDA:0,(anonymous_25)
FNDA:0,(anonymous_26)
FNDA:0,(anonymous_27)
FNDA:0,(anonymous_28)
FNDA:0,(anonymous_29)
FNDA:0,(anonymous_30)
FNDA:0,(anonymous_31)
FNDA:0,(anonymous_32)
FNDA:0,(anonymous_33)
FNDA:0,(anonymous_34)
FNDA:0,(anonymous_35)
FNDA:0,(anonymous_36)
FNDA:0,(anonymous_37)
FNDA:0,(anonymous_38)
FNDA:0,(anonymous_39)
FNDA:0,(anonymous_40)
FNDA:0,(anonymous_41)
FNDA:0,(anonymous_42)
FNDA:0,(anonymous_43)
FNDA:0,(anonymous_44)
FNDA:0,(anonymous_45)
FNDA:0,(anonymous_46)
FNDA:0,(anonymous_47)
FNDA:0,(anonymous_48)
FNDA:0,(anonymous_49)
FNDA:0,(anonymous_50)
DA:2,1
DA:3,1
DA:4,0
DA:5,0
DA:6,1
DA:7,1
DA:8,1
DA:9,1
DA:12,1
DA:13,0
DA:14,0
DA:15,0
DA:16,0
DA:17,0
DA:20,1
DA:21,0
DA:22,0
DA:23,0
DA:25,0
DA:26,0
DA:27,0
DA:28,0
DA:29,0
DA:30,0
DA:31,0
DA:32,0
DA:33,0
DA:35,0
DA:36,0
DA:37,0
DA:38,0
DA:39,0
DA:40,0
DA:42,0
DA:43,0
DA:44,0
DA:47,1
DA:48,1
DA:49,1
DA:50,1
DA:51,1
DA:52,1
DA:53,1
DA:54,1
DA:55,1
DA:56,1
DA:57,1
DA:59,0
DA:60,0
DA:61,0
DA:62,0
DA:64,0
DA:66,0
DA:67,0
DA:68,0
DA:69,0
DA:72,0
DA:73,0
DA:74,0
DA:76,0
DA:77,0
DA:78,0
DA:80,0
DA:81,0
DA:82,0
DA:83,0
DA:84,0
DA:86,0
DA:92,0
DA:93,0
DA:95,0
DA:96,0
DA:97,0
DA:98,0
DA:99,0
DA:100,0
DA:103,0
DA:104,0
DA:107,0
DA:108,0
DA:111,0
DA:112,0
DA:114,0
DA:115,0
DA:116,0
DA:118,0
DA:119,0
DA:121,0
DA:122,0
DA:124,0
DA:125,0
DA:126,0
DA:127,0
DA:128,0
DA:129,0
DA:131,0
DA:132,0
DA:133,0
DA:134,0
DA:135,0
DA:136,0
DA:137,0
DA:140,0
DA:142,0
DA:143,0
DA:151,0
DA:152,0
DA:153,0
DA:155,0
DA:156,0
DA:161,0
DA:162,0
DA:163,0
DA:166,0
DA:167,0
DA:171,0
DA:172,0
DA:174,0
DA:175,0
DA:179,0
DA:180,0
DA:181,0
DA:182,0
DA:183,0
DA:188,0
DA:192,0
DA:195,0
DA:196,0
DA:197,0
DA:198,0
DA:200,0
DA:201,0
DA:204,0
DA:205,0
DA:206,0
DA:207,0
DA:208,0
DA:209,0
DA:210,0
DA:212,0
DA:213,0
DA:217,0
DA:220,0
DA:221,0
DA:222,0
DA:227,0
DA:249,0
DA:255,0
DA:257,1
DA:258,0
DA:259,0
DA:263,1
DA:264,0
DA:265,0
DA:266,0
DA:267,0
DA:269,0
DA:270,0
DA:272,0
DA:275,1
DA:276,0
DA:277,0
DA:278,0
DA:281,0
DA:294,1
DA:296,1
LF:166
LH:24
BRDA:2,0,0,1
BRDA:2,0,1,1
BRDA:2,0,2,1
BRDA:3,1,0,1
BRDA:3,1,1,0
BRDA:3,1,2,0
BRDA:3,1,3,0
BRDA:5,2,0,0
BRDA:5,2,1,0
BRDA:9,3,0,0
BRDA:9,3,1,1
BRDA:12,4,0,1
BRDA:12,4,1,1
BRDA:12,4,2,1
BRDA:13,5,0,0
BRDA:13,5,1,0
BRDA:16,6,0,0
BRDA:16,6,1,0
BRDA:17,7,0,0
BRDA:17,7,1,0
BRDA:20,8,0,1
BRDA:20,8,1,1
BRDA:20,8,2,1
BRDA:21,9,0,0
BRDA:21,9,1,0
BRDA:22,10,0,0
BRDA:22,10,1,0
BRDA:25,11,0,0
BRDA:25,11,1,0
BRDA:27,12,0,0
BRDA:27,12,1,0
BRDA:27,13,0,0
BRDA:27,13,1,0
BRDA:27,13,2,0
BRDA:27,14,0,0
BRDA:27,14,1,0
BRDA:27,15,0,0
BRDA:27,15,1,0
BRDA:28,16,0,0
BRDA:28,16,1,0
BRDA:29,17,0,0
BRDA:29,17,1,0
BRDA:29,17,2,0
BRDA:29,17,3,0
BRDA:29,17,4,0
BRDA:29,17,5,0
BRDA:35,18,0,0
BRDA:35,18,1,0
BRDA:35,19,0,0
BRDA:35,19,1,0
BRDA:35,19,2,0
BRDA:35,20,0,0
BRDA:35,20,1,0
BRDA:36,21,0,0
BRDA:36,21,1,0
BRDA:36,22,0,0
BRDA:36,22,1,0
BRDA:36,22,2,0
BRDA:36,22,3,0
BRDA:37,23,0,0
BRDA:37,23,1,0
BRDA:37,24,0,0
BRDA:37,24,1,0
BRDA:38,25,0,0
BRDA:38,25,1,0
BRDA:38,26,0,0
BRDA:38,26,1,0
BRDA:39,27,0,0
BRDA:39,27,1,0
BRDA:44,28,0,0
BRDA:44,28,1,0
BRDA:44,29,0,0
BRDA:44,29,1,0
BRDA:59,30,0,0
BRDA:59,30,1,0
BRDA:61,31,0,0
BRDA:61,31,1,0
BRDA:68,32,0,0
BRDA:68,32,1,0
BRDA:77,33,0,0
BRDA:77,33,1,0
BRDA:111,34,0,0
BRDA:111,34,1,0
BRDA:115,35,0,0
BRDA:115,35,1,0
BRDA:122,36,0,0
BRDA:122,36,1,0
BRDA:122,36,2,0
BRDA:126,37,0,0
BRDA:126,37,1,0
BRDA:132,38,0,0
BRDA:132,38,1,0
BRDA:134,39,0,0
BRDA:134,39,1,0
BRDA:136,40,0,0
BRDA:136,40,1,0
BRDA:142,41,0,0
BRDA:142,41,1,0
BRDA:180,42,0,0
BRDA:180,42,1,0
BRDA:180,43,0,0
BRDA:180,43,1,0
BRDA:180,43,2,0
BRDA:182,44,0,0
BRDA:182,44,1,0
BRDA:197,45,0,0
BRDA:197,45,1,0
BRDA:197,46,0,0
BRDA:197,46,1,0
BRDA:200,47,0,0
BRDA:200,47,1,0
BRDA:207,48,0,0
BRDA:207,48,1,0
BRDA:207,49,0,0
BRDA:207,49,1,0
BRDA:208,50,0,0
BRDA:208,50,1,0
BRDA:210,51,0,0
BRDA:210,51,1,0
BRDA:220,52,0,0
BRDA:220,52,1,0
BRDA:221,53,0,0
BRDA:221,53,1,0
BRDA:284,54,0,0
BRDA:284,54,1,0
BRDA:284,55,0,0
BRDA:284,55,1,0
BRDA:284,56,0,0
BRDA:284,56,1,0
BRF:129
BRH:11
end_of_record
TN:
SF:C:\Users\achakraborty\source\repos\NW.Projects.Albertson.VendorPortalEnhancements\src\webparts\albertsonVendorWarning\components\AlbertsonVendorWarning.tsx
FN:2,(anonymous_0)
FN:4,(anonymous_1)
FN:5,(anonymous_2)
FN:6,(anonymous_3)
FN:8,__
FN:12,(anonymous_5)
FN:20,(anonymous_6)
FN:21,(anonymous_7)
FN:22,fulfilled
FN:23,rejected
FN:24,step
FN:24,(anonymous_11)
FN:28,(anonymous_12)
FN:29,(anonymous_13)
FN:30,(anonymous_14)
FN:31,verb
FN:31,(anonymous_16)
FN:32,step
FN:70,(anonymous_18)
FN:72,(anonymous_19)
FN:74,AlbertsonVendorWarning
FN:80,(anonymous_21)
FN:84,(anonymous_22)
FN:87,(anonymous_23)
FN:91,(anonymous_24)
FN:101,(anonymous_25)
FN:103,(anonymous_26)
FN:109,(anonymous_27)
FN:111,(anonymous_28)
FN:123,(anonymous_29)
FN:124,(anonymous_30)
FN:126,(anonymous_31)
FN:132,(anonymous_32)
FN:132,(anonymous_33)
FN:135,(anonymous_34)
FN:147,(anonymous_35)
FN:149,(anonymous_36)
FN:156,(anonymous_37)
FN:156,(anonymous_38)
FN:159,(anonymous_39)
FN:172,(anonymous_40)
FN:174,(anonymous_41)
FN:181,(anonymous_42)
FN:181,(anonymous_43)
FN:184,(anonymous_44)
FN:195,(anonymous_45)
FN:197,(anonymous_46)
FN:206,(anonymous_47)
FN:208,(anonymous_48)
FN:211,(anonymous_49)
FN:217,(anonymous_50)
FN:229,(anonymous_51)
FN:231,(anonymous_52)
FN:232,(anonymous_53)
FN:238,(anonymous_54)
FN:249,(anonymous_55)
FN:251,(anonymous_56)
FN:252,(anonymous_57)
FN:258,(anonymous_58)
FN:269,(anonymous_59)
FN:271,(anonymous_60)
FN:272,(anonymous_61)
FN:278,(anonymous_62)
FN:289,(anonymous_63)
FN:291,(anonymous_64)
FN:292,(anonymous_65)
FN:298,(anonymous_66)
FN:309,(anonymous_67)
FN:311,(anonymous_68)
FN:312,(anonymous_69)
FN:318,(anonymous_70)
FN:322,(anonymous_71)
FN:324,(anonymous_72)
FN:325,(anonymous_73)
FN:331,(anonymous_74)
FN:335,(anonymous_75)
FN:337,(anonymous_76)
FN:338,(anonymous_77)
FN:344,(anonymous_78)
FN:348,(anonymous_79)
FN:356,(anonymous_80)
FN:375,(anonymous_81)
FN:376,(anonymous_82)
FN:377,(anonymous_83)
FN:393,(anonymous_84)
FN:393,(anonymous_85)
FN:395,(anonymous_86)
FN:408,(anonymous_87)
FN:411,(anonymous_88)
FN:428,(anonymous_89)
FN:430,(anonymous_90)
FN:435,(anonymous_91)
FN:441,(anonymous_92)
FN:446,(anonymous_93)
FN:456,(anonymous_94)
FN:457,(anonymous_95)
FN:466,(anonymous_96)
FN:467,(anonymous_97)
FN:468,(anonymous_98)
FN:482,(anonymous_99)
FN:485,(anonymous_100)
FN:488,(anonymous_101)
FN:493,(anonymous_102)
FN:497,(anonymous_103)
FN:526,(anonymous_104)
FN:528,(anonymous_105)
FN:530,(anonymous_106)
FN:536,(anonymous_107)
FN:544,(anonymous_108)
FN:559,(anonymous_109)
FN:561,(anonymous_110)
FN:563,(anonymous_111)
FN:574,(anonymous_112)
FN:603,(anonymous_113)
FN:611,(anonymous_114)
FN:612,(anonymous_115)
FN:612,(anonymous_116)
FN:629,(anonymous_117)
FN:633,(anonymous_118)
FN:637,(anonymous_119)
FN:641,(anonymous_120)
FN:645,(anonymous_121)
FN:696,(anonymous_122)
FN:704,(anonymous_123)
FN:704,(anonymous_124)
FN:706,(anonymous_125)
FN:719,(anonymous_126)
FN:721,(anonymous_127)
FN:727,(anonymous_128)
FN:727,(anonymous_129)
FN:729,(anonymous_130)
FN:747,(anonymous_131)
FN:751,(anonymous_132)
FN:754,(anonymous_133)
FN:770,(anonymous_134)
FN:773,(anonymous_135)
FN:784,(anonymous_136)
FN:797,(anonymous_137)
FN:798,(anonymous_138)
FN:803,(anonymous_139)
FN:805,(anonymous_140)
FN:816,(anonymous_141)
FN:816,(anonymous_142)
FN:822,(anonymous_143)
FN:825,(anonymous_144)
FN:833,(anonymous_145)
FN:835,(anonymous_146)
FN:841,(anonymous_147)
FN:849,(anonymous_148)
FN:860,(anonymous_149)
FN:881,(anonymous_150)
FN:895,(anonymous_151)
FN:896,(anonymous_152)
FN:898,(anonymous_153)
FN:911,(anonymous_154)
FN:912,(anonymous_155)
FN:914,(anonymous_156)
FN:922,(anonymous_157)
FN:946,(anonymous_158)
FN:1007,(anonymous_159)
FN:1020,(anonymous_160)
FNF:161
FNH:4
FNDA:1,(anonymous_0)
FNDA:0,(anonymous_1)
FNDA:0,(anonymous_2)
FNDA:1,(anonymous_3)
FNDA:1,__
FNDA:0,(anonymous_5)
FNDA:0,(anonymous_6)
FNDA:0,(anonymous_7)
FNDA:0,fulfilled
FNDA:0,rejected
FNDA:0,step
FNDA:0,(anonymous_11)
FNDA:0,(anonymous_12)
FNDA:0,(anonymous_13)
FNDA:0,(anonymous_14)
FNDA:0,verb
FNDA:0,(anonymous_16)
FNDA:0,step
FNDA:0,(anonymous_18)
FNDA:1,(anonymous_19)
FNDA:0,AlbertsonVendorWarning
FNDA:0,(anonymous_21)
FNDA:0,(anonymous_22)
FNDA:0,(anonymous_23)
FNDA:0,(anonymous_24)
FNDA:0,(anonymous_25)
FNDA:0,(anonymous_26)
FNDA:0,(anonymous_27)
FNDA:0,(anonymous_28)
FNDA:0,(anonymous_29)
FNDA:0,(anonymous_30)
FNDA:0,(anonymous_31)
FNDA:0,(anonymous_32)
FNDA:0,(anonymous_33)
FNDA:0,(anonymous_34)
FNDA:0,(anonymous_35)
FNDA:0,(anonymous_36)
FNDA:0,(anonymous_37)
FNDA:0,(anonymous_38)
FNDA:0,(anonymous_39)
FNDA:0,(anonymous_40)
FNDA:0,(anonymous_41)
FNDA:0,(anonymous_42)
FNDA:0,(anonymous_43)
FNDA:0,(anonymous_44)
FNDA:0,(anonymous_45)
FNDA:0,(anonymous_46)
FNDA:0,(anonymous_47)
FNDA:0,(anonymous_48)
FNDA:0,(anonymous_49)
FNDA:0,(anonymous_50)
FNDA:0,(anonymous_51)
FNDA:0,(anonymous_52)
FNDA:0,(anonymous_53)
FNDA:0,(anonymous_54)
FNDA:0,(anonymous_55)
FNDA:0,(anonymous_56)
FNDA:0,(anonymous_57)
FNDA:0,(anonymous_58)
FNDA:0,(anonymous_59)
FNDA:0,(anonymous_60)
FNDA:0,(anonymous_61)
FNDA:0,(anonymous_62)
FNDA:0,(anonymous_63)
FNDA:0,(anonymous_64)
FNDA:0,(anonymous_65)
FNDA:0,(anonymous_66)
FNDA:0,(anonymous_67)
FNDA:0,(anonymous_68)
FNDA:0,(anonymous_69)
FNDA:0,(anonymous_70)
FNDA:0,(anonymous_71)
FNDA:0,(anonymous_72)
FNDA:0,(anonymous_73)
FNDA:0,(anonymous_74)
FNDA:0,(anonymous_75)
FNDA:0,(anonymous_76)
FNDA:0,(anonymous_77)
FNDA:0,(anonymous_78)
FNDA:0,(anonymous_79)
FNDA:0,(anonymous_80)
FNDA:0,(anonymous_81)
FNDA:0,(anonymous_82)
FNDA:0,(anonymous_83)
FNDA:0,(anonymous_84)
FNDA:0,(anonymous_85)
FNDA:0,(anonymous_86)
FNDA:0,(anonymous_87)
FNDA:0,(anonymous_88)
FNDA:0,(anonymous_89)
FNDA:0,(anonymous_90)
FNDA:0,(anonymous_91)
FNDA:0,(anonymous_92)
FNDA:0,(anonymous_93)
FNDA:0,(anonymous_94)
FNDA:0,(anonymous_95)
FNDA:0,(anonymous_96)
FNDA:0,(anonymous_97)
FNDA:0,(anonymous_98)
FNDA:0,(anonymous_99)
FNDA:0,(anonymous_100)
FNDA:0,(anonymous_101)
FNDA:0,(anonymous_102)
FNDA:0,(anonymous_103)
FNDA:0,(anonymous_104)
FNDA:0,(anonymous_105)
FNDA:0,(anonymous_106)
FNDA:0,(anonymous_107)
FNDA:0,(anonymous_108)
FNDA:0,(anonymous_109)
FNDA:0,(anonymous_110)
FNDA:0,(anonymous_111)
FNDA:0,(anonymous_112)
FNDA:0,(anonymous_113)
FNDA:0,(anonymous_114)
FNDA:0,(anonymous_115)
FNDA:0,(anonymous_116)
FNDA:0,(anonymous_117)
FNDA:0,(anonymous_118)
FNDA:0,(anonymous_119)
FNDA:0,(anonymous_120)
FNDA:0,(anonymous_121)
FNDA:0,(anonymous_122)
FNDA:0,(anonymous_123)
FNDA:0,(anonymous_124)
FNDA:0,(anonymous_125)
FNDA:0,(anonymous_126)
FNDA:0,(anonymous_127)
FNDA:0,(anonymous_128)
FNDA:0,(anonymous_129)
FNDA:0,(anonymous_130)
FNDA:0,(anonymous_131)
FNDA:0,(anonymous_132)
FNDA:0,(anonymous_133)
FNDA:0,(anonymous_134)
FNDA:0,(anonymous_135)
FNDA:0,(anonymous_136)
FNDA:0,(anonymous_137)
FNDA:0,(anonymous_138)
FNDA:0,(anonymous_139)
FNDA:0,(anonymous_140)
FNDA:0,(anonymous_141)
FNDA:0,(anonymous_142)
FNDA:0,(anonymous_143)
FNDA:0,(anonymous_144)
FNDA:0,(anonymous_145)
FNDA:0,(anonymous_146)
FNDA:0,(anonymous_147)
FNDA:0,(anonymous_148)
FNDA:0,(anonymous_149)
FNDA:0,(anonymous_150)
FNDA:0,(anonymous_151)
FNDA:0,(anonymous_152)
FNDA:0,(anonymous_153)
FNDA:0,(anonymous_154)
FNDA:0,(anonymous_155)
FNDA:0,(anonymous_156)
FNDA:0,(anonymous_157)
FNDA:0,(anonymous_158)
FNDA:0,(anonymous_159)
FNDA:0,(anonymous_160)
DA:2,1
DA:3,1
DA:4,0
DA:5,0
DA:6,1
DA:7,1
DA:8,1
DA:9,1
DA:12,1
DA:13,0
DA:14,0
DA:15,0
DA:16,0
DA:18,0
DA:20,1
DA:21,0
DA:22,0
DA:23,0
DA:24,0
DA:25,0
DA:28,1
DA:29,0
DA:30,0
DA:31,0
DA:33,0
DA:34,0
DA:35,0
DA:36,0
DA:37,0
DA:38,0
DA:39,0
DA:40,0
DA:41,0
DA:43,0
DA:44,0
DA:45,0
DA:46,0
DA:47,0
DA:48,0
DA:50,0
DA:51,0
DA:52,0
DA:55,1
DA:56,1
DA:57,1
DA:58,1
DA:59,1
DA:60,1
DA:61,1
DA:62,1
DA:63,1
DA:64,1
DA:65,1
DA:66,1
DA:67,1
DA:68,1
DA:69,1
DA:70,1
DA:71,1
DA:72,1
DA:73,1
DA:75,0
DA:77,0
DA:78,0
DA:80,0
DA:82,0
DA:83,0
DA:84,0
DA:85,0
DA:86,0
DA:87,0
DA:88,0
DA:89,0
DA:90,0
DA:91,0
DA:92,0
DA:97,0
DA:101,0
DA:102,0
DA:103,0
DA:104,0
DA:109,0
DA:110,0
DA:111,0
DA:112,0
DA:113,0
DA:123,0
DA:124,0
DA:125,0
DA:126,0
DA:127,0
DA:130,0
DA:132,0
DA:133,0
DA:134,0
DA:135,0
DA:136,0
DA:137,0
DA:138,0
DA:139,0
DA:140,0
DA:142,0
DA:146,0
DA:147,0
DA:148,0
DA:149,0
DA:150,0
DA:156,0
DA:157,0
DA:158,0
DA:159,0
DA:160,0
DA:161,0
DA:162,0
DA:163,0
DA:164,0
DA:166,0
DA:167,0
DA:171,0
DA:172,0
DA:173,0
DA:174,0
DA:175,0
DA:181,0
DA:182,0
DA:183,0
DA:184,0
DA:185,0
DA:186,0
DA:187,0
DA:188,0
DA:189,0
DA:190,0
DA:194,0
DA:195,0
DA:196,0
DA:197,0
DA:198,0
DA:206,0
DA:207,0
DA:208,0
DA:209,0
DA:210,0
DA:212,0
DA:216,0
DA:218,0
DA:219,0
DA:220,0
DA:224,0
DA:227,0
DA:229,0
DA:230,0
DA:231,0
DA:232,0
DA:233,0
DA:237,0
DA:239,0
DA:240,0
DA:244,0
DA:247,0
DA:249,0
DA:250,0
DA:251,0
DA:252,0
DA:253,0
DA:257,0
DA:259,0
DA:260,0
DA:264,0
DA:267,0
DA:269,0
DA:270,0
DA:271,0
DA:272,0
DA:273,0
DA:277,0
DA:279,0
DA:280,0
DA:284,0
DA:287,0
DA:289,0
DA:290,0
DA:291,0
DA:292,0
DA:293,0
DA:297,0
DA:299,0
DA:300,0
DA:304,0
DA:307,0
DA:309,0
DA:310,0
DA:311,0
DA:312,0
DA:313,0
DA:317,0
DA:320,0
DA:322,0
DA:323,0
DA:324,0
DA:325,0
DA:326,0
DA:330,0
DA:333,0
DA:335,0
DA:336,0
DA:337,0
DA:338,0
DA:339,0
DA:343,0
DA:346,0
DA:348,0
DA:349,0
DA:350,0
DA:351,0
DA:354,0
DA:356,0
DA:357,0
DA:358,0
DA:359,0
DA:360,0
DA:364,0
DA:365,0
DA:366,0
DA:367,0
DA:371,0
DA:372,0
DA:375,0
DA:376,0
DA:377,0
DA:378,0
DA:380,0
DA:381,0
DA:384,0
DA:385,0
DA:386,0
DA:389,0
DA:393,0
DA:394,0
DA:395,0
DA:396,0
DA:397,0
DA:398,0
DA:408,0
DA:409,0
DA:410,0
DA:411,0
DA:412,0
DA:413,0
DA:414,0
DA:416,0
DA:417,0
DA:420,0
DA:421,0
DA:427,0
DA:428,0
DA:429,0
DA:430,0
DA:431,0
DA:435,0
DA:436,0
DA:441,0
DA:442,0
DA:446,0
DA:447,0
DA:448,0
DA:449,0
DA:450,0
DA:451,0
DA:455,0
DA:456,0
DA:457,0
DA:458,0
DA:459,0
DA:461,0
DA:462,0
DA:465,0
DA:466,0
DA:467,0
DA:468,0
DA:469,0
DA:470,0
DA:472,0
DA:473,0
DA:474,0
DA:482,0
DA:483,0
DA:485,0
DA:486,0
DA:488,0
DA:489,0
DA:493,0
DA:494,0
DA:495,0
DA:496,0
DA:497,0
DA:498,0
DA:499,0
DA:502,0
DA:504,0
DA:519,0
DA:520,0
DA:521,0
DA:522,0
DA:525,0
DA:526,0
DA:527,0
DA:528,0
DA:529,0
DA:530,0
DA:531,0
DA:536,0
DA:537,0
DA:538,0
DA:539,0
DA:540,0
DA:541,0
DA:542,0
DA:543,0
DA:544,0
DA:545,0
DA:546,0
DA:549,0
DA:551,0
DA:552,0
DA:553,0
DA:554,0
DA:555,0
DA:558,0
DA:559,0
DA:560,0
DA:561,0
DA:562,0
DA:563,0
DA:564,0
DA:570,0
DA:574,0
DA:575,0
DA:576,0
DA:577,0
DA:578,0
DA:579,0
DA:580,0
DA:581,0
DA:582,0
DA:583,0
DA:586,0
DA:590,0
DA:591,0
DA:592,0
DA:593,0
DA:596,0
DA:601,0
DA:603,0
DA:604,0
DA:605,0
DA:606,0
DA:607,0
DA:608,0
DA:609,0
DA:610,0
DA:611,0
DA:612,0
DA:613,0
DA:614,0
DA:615,0
DA:617,0
DA:618,0
DA:620,0
DA:621,0
DA:625,0
DA:626,0
DA:629,0
DA:630,0
DA:631,0
DA:633,0
DA:634,0
DA:635,0
DA:637,0
DA:638,0
DA:639,0
DA:641,0
DA:642,0
DA:643,0
DA:645,0
DA:646,0
DA:647,0
DA:650,0
DA:651,0
DA:652,0
DA:654,0
DA:656,0
DA:658,0
DA:660,0
DA:662,0
DA:664,0
DA:666,0
DA:668,0
DA:670,0
DA:675,0
DA:680,0
DA:685,0
DA:686,0
DA:688,0
DA:691,0
DA:692,0
DA:696,0
DA:697,0
DA:698,0
DA:701,0
DA:704,0
DA:705,0
DA:706,0
DA:707,0
DA:708,0
DA:709,0
DA:710,0
DA:711,0
DA:713,0
DA:714,0
DA:718,0
DA:719,0
DA:720,0
DA:721,0
DA:722,0
DA:727,0
DA:728,0
DA:729,0
DA:730,0
DA:731,0
DA:732,0
DA:733,0
DA:734,0
DA:735,0
DA:736,0
DA:737,0
DA:739,0
DA:742,0
DA:747,0
DA:748,0
DA:749,0
DA:750,0
DA:751,0
DA:752,0
DA:754,0
DA:755,0
DA:756,0
DA:761,0
DA:764,0
DA:765,0
DA:770,0
DA:771,0
DA:772,0
DA:773,0
DA:774,0
DA:775,0
DA:777,0
DA:778,0
DA:780,0
DA:784,0
DA:785,0
DA:786,0
DA:788,0
DA:789,0
DA:791,0
DA:797,0
DA:798,0
DA:799,0
DA:800,0
DA:801,0
DA:802,0
DA:803,0
DA:804,0
DA:805,0
DA:806,0
DA:811,0
DA:812,0
DA:814,0
DA:816,0
DA:817,0
DA:820,0
DA:822,0
DA:823,0
DA:824,0
DA:825,0
DA:826,0
DA:827,0
DA:828,0
DA:832,0
DA:833,0
DA:834,0
DA:835,0
DA:836,0
DA:840,0
DA:842,0
DA:843,0
DA:844,0
DA:845,0
DA:846,0
DA:847,0
DA:848,0
DA:849,0
DA:850,0
DA:851,0
DA:852,0
DA:855,0
DA:856,0
DA:859,0
DA:860,0
DA:861,0
DA:870,0
DA:881,0
DA:882,0
DA:883,0
DA:891,0
DA:892,0
DA:895,1
DA:896,0
DA:898,0
DA:899,0
DA:900,0
DA:901,0
DA:902,0
DA:904,0
DA:907,0
DA:911,1
DA:912,0
DA:914,0
DA:915,0
DA:916,0
DA:922,1
DA:923,0
DA:924,0
DA:929,0
DA:930,0
DA:931,0
DA:932,0
DA:933,0
DA:934,0
DA:935,0
DA:936,0
DA:938,0
DA:939,0
DA:940,0
DA:942,0
DA:943,0
DA:944,0
DA:946,0
DA:947,0
DA:948,0
DA:949,0
DA:950,0
DA:953,0
DA:954,0
DA:955,0
DA:958,0
DA:959,0
DA:964,0
DA:967,0
DA:968,0
DA:969,0
DA:972,0
DA:973,0
DA:974,0
DA:977,0
DA:978,0
DA:981,0
DA:982,0
DA:987,0
DA:1007,0
DA:1020,1
DA:1021,0
DA:1022,0
DA:1024,0
DA:1026,0
DA:1028,0
DA:1031,1
DA:1033,1
LF:578
LH:34
BRDA:2,0,0,1
BRDA:2,0,1,1
BRDA:2,0,2,1
BRDA:3,1,0,1
BRDA:3,1,1,0
BRDA:3,1,2,0
BRDA:3,1,3,0
BRDA:5,2,0,0
BRDA:5,2,1,0
BRDA:9,3,0,0
BRDA:9,3,1,1
BRDA:12,4,0,1
BRDA:12,4,1,1
BRDA:12,4,2,1
BRDA:12,4,3,0
BRDA:15,5,0,0
BRDA:15,5,1,0
BRDA:20,6,0,1
BRDA:20,6,1,1
BRDA:20,6,2,1
BRDA:21,7,0,0
BRDA:21,7,1,0
BRDA:24,8,0,0
BRDA:24,8,1,0
BRDA:25,9,0,0
BRDA:25,9,1,0
BRDA:28,10,0,1
BRDA:28,10,1,1
BRDA:28,10,2,1
BRDA:29,11,0,0
BRDA:29,11,1,0
BRDA:30,12,0,0
BRDA:30,12,1,0
BRDA:33,13,0,0
BRDA:33,13,1,0
BRDA:35,14,0,0
BRDA:35,14,1,0
BRDA:35,15,0,0
BRDA:35,15,1,0
BRDA:35,15,2,0
BRDA:35,16,0,0
BRDA:35,16,1,0
BRDA:35,17,0,0
BRDA:35,17,1,0
BRDA:36,18,0,0
BRDA:36,18,1,0
BRDA:37,19,0,0
BRDA:37,19,1,0
BRDA:37,19,2,0
BRDA:37,19,3,0
BRDA:37,19,4,0
BRDA:37,19,5,0
BRDA:43,20,0,0
BRDA:43,20,1,0
BRDA:43,21,0,0
BRDA:43,21,1,0
BRDA:43,21,2,0
BRDA:43,22,0,0
BRDA:43,22,1,0
BRDA:44,23,0,0
BRDA:44,23,1,0
BRDA:44,24,0,0
BRDA:44,24,1,0
BRDA:44,24,2,0
BRDA:44,24,3,0
BRDA:45,25,0,0
BRDA:45,25,1,0
BRDA:45,26,0,0
BRDA:45,26,1,0
BRDA:46,27,0,0
BRDA:46,27,1,0
BRDA:46,28,0,0
BRDA:46,28,1,0
BRDA:47,29,0,0
BRDA:47,29,1,0
BRDA:52,30,0,0
BRDA:52,30,1,0
BRDA:52,31,0,0
BRDA:52,31,1,0
BRDA:75,32,0,0
BRDA:75,32,1,0
BRDA:86,33,0,0
BRDA:86,33,1,0
BRDA:125,34,0,0
BRDA:125,34,1,0
BRDA:125,35,0,0
BRDA:125,35,1,0
BRDA:133,36,0,0
BRDA:133,36,1,0
BRDA:136,37,0,0
BRDA:136,37,1,0
BRDA:136,38,0,0
BRDA:136,38,1,0
BRDA:138,39,0,0
BRDA:138,39,1,0
BRDA:139,40,0,0
BRDA:139,40,1,0
BRDA:140,41,0,0
BRDA:140,41,1,0
BRDA:157,42,0,0
BRDA:157,42,1,0
BRDA:160,43,0,0
BRDA:160,43,1,0
BRDA:160,44,0,0
BRDA:160,44,1,0
BRDA:162,45,0,0
BRDA:162,45,1,0
BRDA:163,46,0,0
BRDA:163,46,1,0
BRDA:164,47,0,0
BRDA:164,47,1,0
BRDA:166,48,0,0
BRDA:166,48,1,0
BRDA:183,49,0,0
BRDA:183,49,1,0
BRDA:185,50,0,0
BRDA:185,50,1,0
BRDA:185,51,0,0
BRDA:185,51,1,0
BRDA:187,52,0,0
BRDA:187,52,1,0
BRDA:188,53,0,0
BRDA:188,53,1,0
BRDA:189,54,0,0
BRDA:189,54,1,0
BRDA:208,55,0,0
BRDA:208,55,1,0
BRDA:208,55,2,0
BRDA:208,55,3,0
BRDA:210,56,0,0
BRDA:210,56,1,0
BRDA:210,57,0,0
BRDA:210,57,1,0
BRDA:210,57,2,0
BRDA:210,57,3,0
BRDA:210,57,4,0
BRDA:210,57,5,0
BRDA:210,57,6,0
BRDA:210,57,7,0
BRDA:219,58,0,0
BRDA:219,58,1,0
BRDA:219,59,0,0
BRDA:219,59,1,0
BRDA:219,59,2,0
BRDA:219,59,3,0
BRDA:232,60,0,0
BRDA:232,60,1,0
BRDA:232,61,0,0
BRDA:232,61,1,0
BRDA:239,62,0,0
BRDA:239,62,1,0
BRDA:252,63,0,0
BRDA:252,63,1,0
BRDA:252,64,0,0
BRDA:252,64,1,0
BRDA:259,65,0,0
BRDA:259,65,1,0
BRDA:272,66,0,0
BRDA:272,66,1,0
BRDA:272,67,0,0
BRDA:272,67,1,0
BRDA:279,68,0,0
BRDA:279,68,1,0
BRDA:292,69,0,0
BRDA:292,69,1,0
BRDA:292,70,0,0
BRDA:292,70,1,0
BRDA:299,71,0,0
BRDA:299,71,1,0
BRDA:312,72,0,0
BRDA:312,72,1,0
BRDA:312,73,0,0
BRDA:312,73,1,0
BRDA:325,74,0,0
BRDA:325,74,1,0
BRDA:325,75,0,0
BRDA:325,75,1,0
BRDA:338,76,0,0
BRDA:338,76,1,0
BRDA:338,77,0,0
BRDA:338,77,1,0
BRDA:359,78,0,0
BRDA:359,78,1,0
BRDA:365,79,0,0
BRDA:365,79,1,0
BRDA:366,80,0,0
BRDA:366,80,1,0
BRDA:371,81,0,0
BRDA:371,81,1,0
BRDA:371,82,0,0
BRDA:371,82,1,0
BRDA:371,82,2,0
BRDA:380,83,0,0
BRDA:380,83,1,0
BRDA:380,84,0,0
BRDA:380,84,1,0
BRDA:380,84,2,0
BRDA:380,84,3,0
BRDA:380,84,4,0
BRDA:384,85,0,0
BRDA:384,85,1,0
BRDA:396,86,0,0
BRDA:396,86,1,0
BRDA:396,87,0,0
BRDA:396,87,1,0
BRDA:410,88,0,0
BRDA:410,88,1,0
BRDA:410,89,0,0
BRDA:410,89,1,0
BRDA:412,90,0,0
BRDA:412,90,1,0
BRDA:412,91,0,0
BRDA:412,91,1,0
BRDA:416,92,0,0
BRDA:416,92,1,0
BRDA:447,93,0,0
BRDA:447,93,1,0
BRDA:448,94,0,0
BRDA:448,94,1,0
BRDA:449,95,0,0
BRDA:449,95,1,0
BRDA:450,96,0,0
BRDA:450,96,1,0
BRDA:457,97,0,0
BRDA:457,97,1,0
BRDA:461,98,0,0
BRDA:461,98,1,0
BRDA:461,99,0,0
BRDA:461,99,1,0
BRDA:469,100,0,0
BRDA:469,100,1,0
BRDA:469,101,0,0
BRDA:469,101,1,0
BRDA:472,102,0,0
BRDA:472,102,1,0
BRDA:473,103,0,0
BRDA:473,103,1,0
BRDA:496,104,0,0
BRDA:496,104,1,0
BRDA:498,105,0,0
BRDA:498,105,1,0
BRDA:540,106,0,0
BRDA:540,106,1,0
BRDA:541,107,0,0
BRDA:541,107,1,0
BRDA:541,108,0,0
BRDA:541,108,1,0
BRDA:543,109,0,0
BRDA:543,109,1,0
BRDA:545,110,0,0
BRDA:545,110,1,0
BRDA:579,111,0,0
BRDA:579,111,1,0
BRDA:580,112,0,0
BRDA:580,112,1,0
BRDA:582,113,0,0
BRDA:582,113,1,0
BRDA:590,114,0,0
BRDA:590,114,1,0
BRDA:592,115,0,0
BRDA:592,115,1,0
BRDA:606,116,0,0
BRDA:606,116,1,0
BRDA:606,117,0,0
BRDA:606,117,1,0
BRDA:610,118,0,0
BRDA:610,118,1,0
BRDA:610,119,0,0
BRDA:610,119,1,0
BRDA:613,120,0,0
BRDA:613,120,1,0
BRDA:614,121,0,0
BRDA:614,121,1,0
BRDA:614,122,0,0
BRDA:614,122,1,0
BRDA:617,123,0,0
BRDA:617,123,1,0
BRDA:617,124,0,0
BRDA:617,124,1,0
BRDA:620,125,0,0
BRDA:620,125,1,0
BRDA:620,126,0,0
BRDA:620,126,1,0
BRDA:625,127,0,0
BRDA:625,127,1,0
BRDA:625,128,0,0
BRDA:625,128,1,0
BRDA:630,129,0,0
BRDA:630,129,1,0
BRDA:630,130,0,0
BRDA:630,130,1,0
BRDA:634,131,0,0
BRDA:634,131,1,0
BRDA:634,132,0,0
BRDA:634,132,1,0
BRDA:638,133,0,0
BRDA:638,133,1,0
BRDA:638,134,0,0
BRDA:638,134,1,0
BRDA:642,135,0,0
BRDA:642,135,1,0
BRDA:642,136,0,0
BRDA:642,136,1,0
BRDA:646,137,0,0
BRDA:646,137,1,0
BRDA:646,138,0,0
BRDA:646,138,1,0
BRDA:650,139,0,0
BRDA:650,139,1,0
BRDA:652,140,0,0
BRDA:652,140,1,0
BRDA:652,140,2,0
BRDA:652,140,3,0
BRDA:652,140,4,0
BRDA:652,140,5,0
BRDA:652,140,6,0
BRDA:652,140,7,0
BRDA:652,140,8,0
BRDA:652,140,9,0
BRDA:652,140,10,0
BRDA:652,140,11,0
BRDA:652,140,12,0
BRDA:662,141,0,0
BRDA:662,141,1,0
BRDA:664,142,0,0
BRDA:664,142,1,0
BRDA:670,143,0,0
BRDA:670,143,1,0
BRDA:675,144,0,0
BRDA:675,144,1,0
BRDA:680,145,0,0
BRDA:680,145,1,0
BRDA:686,146,0,0
BRDA:686,146,1,0
BRDA:691,147,0,0
BRDA:691,147,1,0
BRDA:697,148,0,0
BRDA:697,148,1,0
BRDA:707,149,0,0
BRDA:707,149,1,0
BRDA:707,150,0,0
BRDA:707,150,1,0
BRDA:710,151,0,0
BRDA:710,151,1,0
BRDA:730,152,0,0
BRDA:730,152,1,0
BRDA:732,153,0,0
BRDA:732,153,1,0
BRDA:733,154,0,0
BRDA:733,154,1,0
BRDA:734,155,0,0
BRDA:734,155,1,0
BRDA:735,156,0,0
BRDA:735,156,1,0
BRDA:736,157,0,0
BRDA:736,157,1,0
BRDA:755,158,0,0
BRDA:755,158,1,0
BRDA:764,159,0,0
BRDA:764,159,1,0
BRDA:771,160,0,0
BRDA:771,160,1,0
BRDA:772,161,0,0
BRDA:772,161,1,0
BRDA:774,162,0,0
BRDA:774,162,1,0
BRDA:777,163,0,0
BRDA:777,163,1,0
BRDA:785,164,0,0
BRDA:785,164,1,0
BRDA:788,165,0,0
BRDA:788,165,1,0
BRDA:802,166,0,0
BRDA:802,166,1,0
BRDA:804,167,0,0
BRDA:804,167,1,0
BRDA:804,168,0,0
BRDA:804,168,1,0
BRDA:825,169,0,0
BRDA:825,169,1,0
BRDA:846,170,0,0
BRDA:846,170,1,0
BRDA:847,171,0,0
BRDA:847,171,1,0
BRDA:851,172,0,0
BRDA:851,172,1,0
BRDA:855,173,0,0
BRDA:855,173,1,0
BRDA:900,174,0,0
BRDA:900,174,1,0
BRDA:900,175,0,0
BRDA:900,175,1,0
BRDA:935,176,0,0
BRDA:935,176,1,0
BRDA:935,177,0,0
BRDA:935,177,1,0
BRDA:936,178,0,0
BRDA:936,178,1,0
BRDA:947,179,0,0
BRDA:947,179,1,0
BRDA:947,180,0,0
BRDA:947,180,1,0
BRDA:954,181,0,0
BRDA:954,181,1,0
BRDA:958,182,0,0
BRDA:958,182,1,0
BRDA:967,183,0,0
BRDA:967,183,1,0
BRDA:967,184,0,0
BRDA:967,184,1,0
BRDA:968,185,0,0
BRDA:968,185,1,0
BRDA:973,186,0,0
BRDA:973,186,1,0
BRDA:977,187,0,0
BRDA:977,187,1,0
BRDA:977,188,0,0
BRDA:977,188,1,0
BRDA:981,189,0,0
BRDA:981,189,1,0
BRDA:981,190,0,0
BRDA:981,190,1,0
BRDA:981,190,2,0
BRDA:981,190,3,0
BRDA:981,190,4,0
BRDA:993,191,0,0
BRDA:993,191,1,0
BRDA:999,192,0,0
BRDA:999,192,1,0
BRDA:1022,193,0,0
BRDA:1022,193,1,0
BRDA:1022,193,2,0
BRF:432
BRH:14
end_of_record
TN:
SF:C:\Users\achakraborty\source\repos\NW.Projects.Albertson.VendorPortalEnhancements\src\webparts\albertsonVendorWarning\components\TestComponent.tsx
FN:2,(anonymous_0)
FN:4,(anonymous_1)
FN:5,(anonymous_2)
FN:6,(anonymous_3)
FN:8,__
FN:14,(anonymous_5)
FN:16,TestComponent
FN:23,(anonymous_7)
FN:28,(anonymous_8)
FN:30,(anonymous_9)
FN:35,(anonymous_10)
FNF:11
FNH:9
FNDA:1,(anonymous_0)
FNDA:0,(anonymous_1)
FNDA:0,(anonymous_2)
FNDA:1,(anonymous_3)
FNDA:1,__
FNDA:1,(anonymous_5)
FNDA:6,TestComponent
FNDA:12,(anonymous_7)
FNDA:1,(anonymous_8)
FNDA:1,(anonymous_9)
FNDA:5,(anonymous_10)
DA:2,1
DA:3,1
DA:4,0
DA:5,0
DA:6,1
DA:7,1
DA:8,1
DA:9,1
DA:12,1
DA:13,1
DA:14,1
DA:15,1
DA:17,6
DA:18,6
DA:21,6
DA:23,1
DA:24,12
DA:25,12
DA:26,12
DA:28,1
DA:30,1
DA:31,1
DA:35,1
DA:36,5
DA:40,1
DA:42,1
LF:26
LH:24
BRDA:2,0,0,1
BRDA:2,0,1,1
BRDA:2,0,2,1
BRDA:3,1,0,1
BRDA:3,1,1,0
BRDA:3,1,2,0
BRDA:3,1,3,0
BRDA:5,2,0,0
BRDA:5,2,1,0
BRDA:9,3,0,0
BRDA:9,3,1,1
BRDA:17,4,0,6
BRDA:17,4,1,6
BRDA:17,4,2,6
BRF:14
BRH:8
end_of_record
TN:
SF:C:\Users\achakraborty\source\repos\NW.Projects.Albertson.VendorPortalEnhancements\src\webparts\albertsonVendorWarning\interfaces\AlbertsonDomainInterfaces.ts
FN:4,(anonymous_0)
FN:10,(anonymous_1)
FNF:2
FNH:2
FNDA:1,(anonymous_0)
FNDA:1,(anonymous_1)
DA:2,1
DA:4,1
DA:5,1
DA:6,1
DA:7,1
DA:10,1
DA:11,1
DA:12,1
LF:8
LH:8
BRDA:8,0,0,1
BRDA:8,0,1,1
BRDA:13,1,0,1
BRDA:13,1,1,1
BRF:4
BRH:4
end_of_record
